{"total": {"lines":{"total":17545,"covered":950,"skipped":0,"pct":5.41},"statements":{"total":18427,"covered":966,"skipped":0,"pct":5.24},"functions":{"total":4141,"covered":200,"skipped":0,"pct":4.82},"branches":{"total":9911,"covered":579,"skipped":0,"pct":5.84},"branchesTrue":{"total":0,"covered":0,"skipped":0,"pct":100}}
,"C:\\Users\\ernij\\OneDrive\\Documents\\Must Be Viral V2\\mustbeviral\\src\\App.tsx": {"lines":{"total":51,"covered":0,"skipped":0,"pct":0},"functions":{"total":35,"covered":0,"skipped":0,"pct":0},"statements":{"total":74,"covered":0,"skipped":0,"pct":0},"branches":{"total":22,"covered":0,"skipped":0,"pct":0}}
,"C:\\Users\\ernij\\OneDrive\\Documents\\Must Be Viral V2\\mustbeviral\\src\\worker.ts": {"lines":{"total":216,"covered":0,"skipped":0,"pct":0},"functions":{"total":13,"covered":0,"skipped":0,"pct":0},"statements":{"total":216,"covered":0,"skipped":0,"pct":0},"branches":{"total":167,"covered":0,"skipped":0,"pct":0}}
,"C:\\Users\\ernij\\OneDrive\\Documents\\Must Be Viral V2\\mustbeviral\\src\\agents\\analytics.ts": {"lines":{"total":52,"covered":0,"skipped":0,"pct":0},"functions":{"total":13,"covered":0,"skipped":0,"pct":0},"statements":{"total":52,"covered":0,"skipped":0,"pct":0},"branches":{"total":12,"covered":0,"skipped":0,"pct":0}}
,"C:\\Users\\ernij\\OneDrive\\Documents\\Must Be Viral V2\\mustbeviral\\src\\agents\\cmo.ts": {"lines":{"total":52,"covered":0,"skipped":0,"pct":0},"functions":{"total":13,"covered":0,"skipped":0,"pct":0},"statements":{"total":52,"covered":0,"skipped":0,"pct":0},"branches":{"total":12,"covered":0,"skipped":0,"pct":0}}
,"C:\\Users\\ernij\\OneDrive\\Documents\\Must Be Viral V2\\mustbeviral\\src\\agents\\compliance.ts": {"lines":{"total":52,"covered":0,"skipped":0,"pct":0},"functions":{"total":13,"covered":0,"skipped":0,"pct":0},"statements":{"total":52,"covered":0,"skipped":0,"pct":0},"branches":{"total":12,"covered":0,"skipped":0,"pct":0}}
,"C:\\Users\\ernij\\OneDrive\\Documents\\Must Be Viral V2\\mustbeviral\\src\\agents\\creative.ts": {"lines":{"total":52,"covered":0,"skipped":0,"pct":0},"functions":{"total":13,"covered":0,"skipped":0,"pct":0},"statements":{"total":52,"covered":0,"skipped":0,"pct":0},"branches":{"total":12,"covered":0,"skipped":0,"pct":0}}
,"C:\\Users\\ernij\\OneDrive\\Documents\\Must Be Viral V2\\mustbeviral\\src\\agents\\influencer.ts": {"lines":{"total":52,"covered":0,"skipped":0,"pct":0},"functions":{"total":13,"covered":0,"skipped":0,"pct":0},"statements":{"total":52,"covered":0,"skipped":0,"pct":0},"branches":{"total":12,"covered":0,"skipped":0,"pct":0}}
,"C:\\Users\\ernij\\OneDrive\\Documents\\Must Be Viral V2\\mustbeviral\\src\\agents\\seo.ts": {"lines":{"total":52,"covered":0,"skipped":0,"pct":0},"functions":{"total":13,"covered":0,"skipped":0,"pct":0},"statements":{"total":52,"covered":0,"skipped":0,"pct":0},"branches":{"total":12,"covered":0,"skipped":0,"pct":0}}
,"C:\\Users\\ernij\\OneDrive\\Documents\\Must Be Viral V2\\mustbeviral\\src\\components\\AgentControlPanel.tsx": {"lines":{"total":87,"covered":0,"skipped":0,"pct":0},"functions":{"total":28,"covered":0,"skipped":0,"pct":0},"statements":{"total":88,"covered":0,"skipped":0,"pct":0},"branches":{"total":47,"covered":0,"skipped":0,"pct":0}}
,"C:\\Users\\ernij\\OneDrive\\Documents\\Must Be Viral V2\\mustbeviral\\src\\components\\Analytics.tsx": {"lines":{"total":90,"covered":0,"skipped":0,"pct":0},"functions":{"total":21,"covered":0,"skipped":0,"pct":0},"statements":{"total":94,"covered":0,"skipped":0,"pct":0},"branches":{"total":49,"covered":0,"skipped":0,"pct":0}}
,"C:\\Users\\ernij\\OneDrive\\Documents\\Must Be Viral V2\\mustbeviral\\src\\components\\ApiStatus.tsx": {"lines":{"total":5,"covered":0,"skipped":0,"pct":0},"functions":{"total":2,"covered":0,"skipped":0,"pct":0},"statements":{"total":5,"covered":0,"skipped":0,"pct":0},"branches":{"total":14,"covered":0,"skipped":0,"pct":0}}
,"C:\\Users\\ernij\\OneDrive\\Documents\\Must Be Viral V2\\mustbeviral\\src\\components\\BoostDashboard.tsx": {"lines":{"total":83,"covered":78,"skipped":0,"pct":93.97},"functions":{"total":23,"covered":22,"skipped":0,"pct":95.65},"statements":{"total":88,"covered":81,"skipped":0,"pct":92.04},"branches":{"total":49,"covered":31,"skipped":0,"pct":63.26}}
,"C:\\Users\\ernij\\OneDrive\\Documents\\Must Be Viral V2\\mustbeviral\\src\\components\\ContentGenerator.tsx": {"lines":{"total":65,"covered":0,"skipped":0,"pct":0},"functions":{"total":28,"covered":0,"skipped":0,"pct":0},"statements":{"total":73,"covered":0,"skipped":0,"pct":0},"branches":{"total":47,"covered":0,"skipped":0,"pct":0}}
,"C:\\Users\\ernij\\OneDrive\\Documents\\Must Be Viral V2\\mustbeviral\\src\\components\\ContentPreview.tsx": {"lines":{"total":18,"covered":0,"skipped":0,"pct":0},"functions":{"total":8,"covered":0,"skipped":0,"pct":0},"statements":{"total":19,"covered":0,"skipped":0,"pct":0},"branches":{"total":50,"covered":0,"skipped":0,"pct":0}}
,"C:\\Users\\ernij\\OneDrive\\Documents\\Must Be Viral V2\\mustbeviral\\src\\components\\Dashboard.tsx": {"lines":{"total":33,"covered":0,"skipped":0,"pct":0},"functions":{"total":9,"covered":0,"skipped":0,"pct":0},"statements":{"total":35,"covered":0,"skipped":0,"pct":0},"branches":{"total":15,"covered":0,"skipped":0,"pct":0}}
,"C:\\Users\\ernij\\OneDrive\\Documents\\Must Be Viral V2\\mustbeviral\\src\\components\\DashboardOverview.tsx": {"lines":{"total":59,"covered":0,"skipped":0,"pct":0},"functions":{"total":17,"covered":0,"skipped":0,"pct":0},"statements":{"total":64,"covered":0,"skipped":0,"pct":0},"branches":{"total":63,"covered":0,"skipped":0,"pct":0}}
,"C:\\Users\\ernij\\OneDrive\\Documents\\Must Be Viral V2\\mustbeviral\\src\\components\\DevDebugger.tsx": {"lines":{"total":32,"covered":0,"skipped":0,"pct":0},"functions":{"total":14,"covered":0,"skipped":0,"pct":0},"statements":{"total":34,"covered":0,"skipped":0,"pct":0},"branches":{"total":22,"covered":0,"skipped":0,"pct":0}}
,"C:\\Users\\ernij\\OneDrive\\Documents\\Must Be Viral V2\\mustbeviral\\src\\components\\EarningsDashboard.tsx": {"lines":{"total":75,"covered":62,"skipped":0,"pct":82.66},"functions":{"total":14,"covered":11,"skipped":0,"pct":78.57},"statements":{"total":75,"covered":62,"skipped":0,"pct":82.66},"branches":{"total":36,"covered":24,"skipped":0,"pct":66.66}}
,"C:\\Users\\ernij\\OneDrive\\Documents\\Must Be Viral V2\\mustbeviral\\src\\components\\ErrorBoundary.tsx": {"lines":{"total":107,"covered":27,"skipped":0,"pct":25.23},"functions":{"total":28,"covered":9,"skipped":0,"pct":32.14},"statements":{"total":108,"covered":27,"skipped":0,"pct":25},"branches":{"total":73,"covered":9,"skipped":0,"pct":12.32}}
,"C:\\Users\\ernij\\OneDrive\\Documents\\Must Be Viral V2\\mustbeviral\\src\\components\\GamificationWidget.tsx": {"lines":{"total":94,"covered":0,"skipped":0,"pct":0},"functions":{"total":20,"covered":0,"skipped":0,"pct":0},"statements":{"total":98,"covered":0,"skipped":0,"pct":0},"branches":{"total":68,"covered":0,"skipped":0,"pct":0}}
,"C:\\Users\\ernij\\OneDrive\\Documents\\Must Be Viral V2\\mustbeviral\\src\\components\\MarketTab.tsx": {"lines":{"total":30,"covered":0,"skipped":0,"pct":0},"functions":{"total":11,"covered":0,"skipped":0,"pct":0},"statements":{"total":32,"covered":0,"skipped":0,"pct":0},"branches":{"total":19,"covered":0,"skipped":0,"pct":0}}
,"C:\\Users\\ernij\\OneDrive\\Documents\\Must Be Viral V2\\mustbeviral\\src\\components\\MetricsDash.tsx": {"lines":{"total":75,"covered":0,"skipped":0,"pct":0},"functions":{"total":22,"covered":0,"skipped":0,"pct":0},"statements":{"total":80,"covered":0,"skipped":0,"pct":0},"branches":{"total":64,"covered":0,"skipped":0,"pct":0}}
,"C:\\Users\\ernij\\OneDrive\\Documents\\Must Be Viral V2\\mustbeviral\\src\\components\\MonitoringDashboard.tsx": {"lines":{"total":52,"covered":0,"skipped":0,"pct":0},"functions":{"total":17,"covered":0,"skipped":0,"pct":0},"statements":{"total":60,"covered":0,"skipped":0,"pct":0},"branches":{"total":106,"covered":0,"skipped":0,"pct":0}}
,"C:\\Users\\ernij\\OneDrive\\Documents\\Must Be Viral V2\\mustbeviral\\src\\components\\NavBar.tsx": {"lines":{"total":45,"covered":1,"skipped":0,"pct":2.22},"functions":{"total":20,"covered":0,"skipped":0,"pct":0},"statements":{"total":47,"covered":1,"skipped":0,"pct":2.12},"branches":{"total":49,"covered":0,"skipped":0,"pct":0}}
,"C:\\Users\\ernij\\OneDrive\\Documents\\Must Be Viral V2\\mustbeviral\\src\\components\\OnboardFlow.tsx": {"lines":{"total":77,"covered":16,"skipped":0,"pct":20.77},"functions":{"total":28,"covered":2,"skipped":0,"pct":7.14},"statements":{"total":93,"covered":16,"skipped":0,"pct":17.2},"branches":{"total":127,"covered":30,"skipped":0,"pct":23.62}}
,"C:\\Users\\ernij\\OneDrive\\Documents\\Must Be Viral V2\\mustbeviral\\src\\components\\ProtectedRoute.tsx": {"lines":{"total":31,"covered":0,"skipped":0,"pct":0},"functions":{"total":4,"covered":0,"skipped":0,"pct":0},"statements":{"total":31,"covered":0,"skipped":0,"pct":0},"branches":{"total":38,"covered":0,"skipped":0,"pct":0}}
,"C:\\Users\\ernij\\OneDrive\\Documents\\Must Be Viral V2\\mustbeviral\\src\\components\\Slider.tsx": {"lines":{"total":47,"covered":0,"skipped":0,"pct":0},"functions":{"total":17,"covered":0,"skipped":0,"pct":0},"statements":{"total":55,"covered":0,"skipped":0,"pct":0},"branches":{"total":30,"covered":0,"skipped":0,"pct":0}}
,"C:\\Users\\ernij\\OneDrive\\Documents\\Must Be Viral V2\\mustbeviral\\src\\components\\StrategyPlanner.tsx": {"lines":{"total":81,"covered":0,"skipped":0,"pct":0},"functions":{"total":27,"covered":0,"skipped":0,"pct":0},"statements":{"total":84,"covered":0,"skipped":0,"pct":0},"branches":{"total":56,"covered":0,"skipped":0,"pct":0}}
,"C:\\Users\\ernij\\OneDrive\\Documents\\Must Be Viral V2\\mustbeviral\\src\\components\\ToolSelector.tsx": {"lines":{"total":78,"covered":0,"skipped":0,"pct":0},"functions":{"total":16,"covered":0,"skipped":0,"pct":0},"statements":{"total":82,"covered":0,"skipped":0,"pct":0},"branches":{"total":45,"covered":0,"skipped":0,"pct":0}}
,"C:\\Users\\ernij\\OneDrive\\Documents\\Must Be Viral V2\\mustbeviral\\src\\components\\TrendsView.tsx": {"lines":{"total":81,"covered":0,"skipped":0,"pct":0},"functions":{"total":18,"covered":0,"skipped":0,"pct":0},"statements":{"total":88,"covered":0,"skipped":0,"pct":0},"branches":{"total":51,"covered":0,"skipped":0,"pct":0}}
,"C:\\Users\\ernij\\OneDrive\\Documents\\Must Be Viral V2\\mustbeviral\\src\\components\\UserProfile.tsx": {"lines":{"total":54,"covered":0,"skipped":0,"pct":0},"functions":{"total":21,"covered":0,"skipped":0,"pct":0},"statements":{"total":56,"covered":0,"skipped":0,"pct":0},"branches":{"total":56,"covered":0,"skipped":0,"pct":0}}
,"C:\\Users\\ernij\\OneDrive\\Documents\\Must Be Viral V2\\mustbeviral\\src\\components\\animations\\CosmicText.tsx": {"lines":{"total":108,"covered":0,"skipped":0,"pct":0},"functions":{"total":28,"covered":0,"skipped":0,"pct":0},"statements":{"total":116,"covered":0,"skipped":0,"pct":0},"branches":{"total":122,"covered":0,"skipped":0,"pct":0}}
,"C:\\Users\\ernij\\OneDrive\\Documents\\Must Be Viral V2\\mustbeviral\\src\\components\\ui\\Button.tsx": {"lines":{"total":5,"covered":0,"skipped":0,"pct":0},"functions":{"total":1,"covered":0,"skipped":0,"pct":0},"statements":{"total":5,"covered":0,"skipped":0,"pct":0},"branches":{"total":16,"covered":0,"skipped":0,"pct":0}}
,"C:\\Users\\ernij\\OneDrive\\Documents\\Must Be Viral V2\\mustbeviral\\src\\components\\ui\\Card.tsx": {"lines":{"total":20,"covered":0,"skipped":0,"pct":0},"functions":{"total":6,"covered":0,"skipped":0,"pct":0},"statements":{"total":20,"covered":0,"skipped":0,"pct":0},"branches":{"total":3,"covered":0,"skipped":0,"pct":0}}
,"C:\\Users\\ernij\\OneDrive\\Documents\\Must Be Viral V2\\mustbeviral\\src\\components\\ui\\CosmicBackground.tsx": {"lines":{"total":88,"covered":0,"skipped":0,"pct":0},"functions":{"total":14,"covered":0,"skipped":0,"pct":0},"statements":{"total":93,"covered":0,"skipped":0,"pct":0},"branches":{"total":44,"covered":0,"skipped":0,"pct":0}}
,"C:\\Users\\ernij\\OneDrive\\Documents\\Must Be Viral V2\\mustbeviral\\src\\components\\ui\\Input.tsx": {"lines":{"total":14,"covered":0,"skipped":0,"pct":0},"functions":{"total":4,"covered":0,"skipped":0,"pct":0},"statements":{"total":14,"covered":0,"skipped":0,"pct":0},"branches":{"total":42,"covered":0,"skipped":0,"pct":0}}
,"C:\\Users\\ernij\\OneDrive\\Documents\\Must Be Viral V2\\mustbeviral\\src\\components\\ui\\LoadingStates.tsx": {"lines":{"total":45,"covered":45,"skipped":0,"pct":100},"functions":{"total":16,"covered":16,"skipped":0,"pct":100},"statements":{"total":45,"covered":45,"skipped":0,"pct":100},"branches":{"total":75,"covered":73,"skipped":0,"pct":97.33}}
,"C:\\Users\\ernij\\OneDrive\\Documents\\Must Be Viral V2\\mustbeviral\\src\\components\\ui\\ProgressIndicators.tsx": {"lines":{"total":49,"covered":48,"skipped":0,"pct":97.95},"functions":{"total":20,"covered":19,"skipped":0,"pct":95},"statements":{"total":52,"covered":50,"skipped":0,"pct":96.15},"branches":{"total":160,"covered":137,"skipped":0,"pct":85.62}}
,"C:\\Users\\ernij\\OneDrive\\Documents\\Must Be Viral V2\\mustbeviral\\src\\components\\ui\\index.ts": {"lines":{"total":0,"covered":0,"skipped":0,"pct":0},"functions":{"total":0,"covered":0,"skipped":0,"pct":0},"statements":{"total":0,"covered":0,"skipped":0,"pct":0},"branches":{"total":0,"covered":0,"skipped":0,"pct":0}}
,"C:\\Users\\ernij\\OneDrive\\Documents\\Must Be Viral V2\\mustbeviral\\src\\config\\environment.ts": {"lines":{"total":18,"covered":0,"skipped":0,"pct":0},"functions":{"total":8,"covered":0,"skipped":0,"pct":0},"statements":{"total":19,"covered":0,"skipped":0,"pct":0},"branches":{"total":18,"covered":0,"skipped":0,"pct":0}}
,"C:\\Users\\ernij\\OneDrive\\Documents\\Must Be Viral V2\\mustbeviral\\src\\config\\secrets.ts": {"lines":{"total":34,"covered":6,"skipped":0,"pct":17.64},"functions":{"total":8,"covered":2,"skipped":0,"pct":25},"statements":{"total":36,"covered":6,"skipped":0,"pct":16.66},"branches":{"total":18,"covered":1,"skipped":0,"pct":5.55}}
,"C:\\Users\\ernij\\OneDrive\\Documents\\Must Be Viral V2\\mustbeviral\\src\\controllers\\AIController.ts": {"lines":{"total":141,"covered":0,"skipped":0,"pct":0},"functions":{"total":18,"covered":0,"skipped":0,"pct":0},"statements":{"total":141,"covered":0,"skipped":0,"pct":0},"branches":{"total":87,"covered":0,"skipped":0,"pct":0}}
,"C:\\Users\\ernij\\OneDrive\\Documents\\Must Be Viral V2\\mustbeviral\\src\\controllers\\MLController.ts": {"lines":{"total":166,"covered":0,"skipped":0,"pct":0},"functions":{"total":23,"covered":0,"skipped":0,"pct":0},"statements":{"total":168,"covered":0,"skipped":0,"pct":0},"branches":{"total":115,"covered":0,"skipped":0,"pct":0}}
,"C:\\Users\\ernij\\OneDrive\\Documents\\Must Be Viral V2\\mustbeviral\\src\\controllers\\OrganizationController.ts": {"lines":{"total":237,"covered":0,"skipped":0,"pct":0},"functions":{"total":22,"covered":0,"skipped":0,"pct":0},"statements":{"total":237,"covered":0,"skipped":0,"pct":0},"branches":{"total":122,"covered":0,"skipped":0,"pct":0}}
,"C:\\Users\\ernij\\OneDrive\\Documents\\Must Be Viral V2\\mustbeviral\\src\\controllers\\agentController.ts": {"lines":{"total":86,"covered":0,"skipped":0,"pct":0},"functions":{"total":8,"covered":0,"skipped":0,"pct":0},"statements":{"total":86,"covered":0,"skipped":0,"pct":0},"branches":{"total":60,"covered":0,"skipped":0,"pct":0}}
,"C:\\Users\\ernij\\OneDrive\\Documents\\Must Be Viral V2\\mustbeviral\\src\\controllers\\contentController.ts": {"lines":{"total":88,"covered":0,"skipped":0,"pct":0},"functions":{"total":4,"covered":0,"skipped":0,"pct":0},"statements":{"total":88,"covered":0,"skipped":0,"pct":0},"branches":{"total":67,"covered":0,"skipped":0,"pct":0}}
,"C:\\Users\\ernij\\OneDrive\\Documents\\Must Be Viral V2\\mustbeviral\\src\\controllers\\oauthController.ts": {"lines":{"total":144,"covered":0,"skipped":0,"pct":0},"functions":{"total":9,"covered":0,"skipped":0,"pct":0},"statements":{"total":145,"covered":0,"skipped":0,"pct":0},"branches":{"total":53,"covered":0,"skipped":0,"pct":0}}
,"C:\\Users\\ernij\\OneDrive\\Documents\\Must Be Viral V2\\mustbeviral\\src\\controllers\\userController.ts": {"lines":{"total":112,"covered":94,"skipped":0,"pct":83.92},"functions":{"total":6,"covered":6,"skipped":0,"pct":100},"statements":{"total":112,"covered":94,"skipped":0,"pct":83.92},"branches":{"total":106,"covered":77,"skipped":0,"pct":72.64}}
,"C:\\Users\\ernij\\OneDrive\\Documents\\Must Be Viral V2\\mustbeviral\\src\\hooks\\api.ts": {"lines":{"total":92,"covered":0,"skipped":0,"pct":0},"functions":{"total":36,"covered":0,"skipped":0,"pct":0},"statements":{"total":94,"covered":0,"skipped":0,"pct":0},"branches":{"total":68,"covered":0,"skipped":0,"pct":0}}
,"C:\\Users\\ernij\\OneDrive\\Documents\\Must Be Viral V2\\mustbeviral\\src\\hooks\\useAuth.tsx": {"lines":{"total":99,"covered":56,"skipped":0,"pct":56.56},"functions":{"total":9,"covered":6,"skipped":0,"pct":66.66},"statements":{"total":100,"covered":56,"skipped":0,"pct":56},"branches":{"total":46,"covered":15,"skipped":0,"pct":32.6}}
,"C:\\Users\\ernij\\OneDrive\\Documents\\Must Be Viral V2\\mustbeviral\\src\\hooks\\useCosmicAnimation.ts": {"lines":{"total":132,"covered":0,"skipped":0,"pct":0},"functions":{"total":32,"covered":0,"skipped":0,"pct":0},"statements":{"total":143,"covered":0,"skipped":0,"pct":0},"branches":{"total":96,"covered":0,"skipped":0,"pct":0}}
,"C:\\Users\\ernij\\OneDrive\\Documents\\Must Be Viral V2\\mustbeviral\\src\\lib\\agents.ts": {"lines":{"total":52,"covered":0,"skipped":0,"pct":0},"functions":{"total":13,"covered":0,"skipped":0,"pct":0},"statements":{"total":52,"covered":0,"skipped":0,"pct":0},"branches":{"total":12,"covered":0,"skipped":0,"pct":0}}
,"C:\\Users\\ernij\\OneDrive\\Documents\\Must Be Viral V2\\mustbeviral\\src\\lib\\ai-tools.ts": {"lines":{"total":74,"covered":0,"skipped":0,"pct":0},"functions":{"total":16,"covered":0,"skipped":0,"pct":0},"statements":{"total":80,"covered":0,"skipped":0,"pct":0},"branches":{"total":31,"covered":0,"skipped":0,"pct":0}}
,"C:\\Users\\ernij\\OneDrive\\Documents\\Must Be Viral V2\\mustbeviral\\src\\lib\\api.ts": {"lines":{"total":137,"covered":9,"skipped":0,"pct":6.56},"functions":{"total":29,"covered":1,"skipped":0,"pct":3.44},"statements":{"total":137,"covered":9,"skipped":0,"pct":6.56},"branches":{"total":115,"covered":3,"skipped":0,"pct":2.6}}
,"C:\\Users\\ernij\\OneDrive\\Documents\\Must Be Viral V2\\mustbeviral\\src\\lib\\auth.ts": {"lines":{"total":123,"covered":1,"skipped":0,"pct":0.81},"functions":{"total":17,"covered":0,"skipped":0,"pct":0},"statements":{"total":123,"covered":1,"skipped":0,"pct":0.81},"branches":{"total":47,"covered":0,"skipped":0,"pct":0}}
,"C:\\Users\\ernij\\OneDrive\\Documents\\Must Be Viral V2\\mustbeviral\\src\\lib\\boost.ts": {"lines":{"total":145,"covered":0,"skipped":0,"pct":0},"functions":{"total":32,"covered":0,"skipped":0,"pct":0},"statements":{"total":154,"covered":0,"skipped":0,"pct":0},"branches":{"total":70,"covered":0,"skipped":0,"pct":0}}
,"C:\\Users\\ernij\\OneDrive\\Documents\\Must Be Viral V2\\mustbeviral\\src\\lib\\cloudflare.ts": {"lines":{"total":118,"covered":0,"skipped":0,"pct":0},"functions":{"total":27,"covered":0,"skipped":0,"pct":0},"statements":{"total":120,"covered":0,"skipped":0,"pct":0},"branches":{"total":24,"covered":0,"skipped":0,"pct":0}}
,"C:\\Users\\ernij\\OneDrive\\Documents\\Must Be Viral V2\\mustbeviral\\src\\lib\\db.ts": {"lines":{"total":103,"covered":3,"skipped":0,"pct":2.91},"functions":{"total":12,"covered":1,"skipped":0,"pct":8.33},"statements":{"total":103,"covered":3,"skipped":0,"pct":2.91},"branches":{"total":56,"covered":1,"skipped":0,"pct":1.78}}
,"C:\\Users\\ernij\\OneDrive\\Documents\\Must Be Viral V2\\mustbeviral\\src\\lib\\engage.ts": {"lines":{"total":98,"covered":0,"skipped":0,"pct":0},"functions":{"total":30,"covered":0,"skipped":0,"pct":0},"statements":{"total":105,"covered":0,"skipped":0,"pct":0},"branches":{"total":26,"covered":0,"skipped":0,"pct":0}}
,"C:\\Users\\ernij\\OneDrive\\Documents\\Must Be Viral V2\\mustbeviral\\src\\lib\\env.ts": {"lines":{"total":38,"covered":0,"skipped":0,"pct":0},"functions":{"total":5,"covered":0,"skipped":0,"pct":0},"statements":{"total":38,"covered":0,"skipped":0,"pct":0},"branches":{"total":29,"covered":0,"skipped":0,"pct":0}}
,"C:\\Users\\ernij\\OneDrive\\Documents\\Must Be Viral V2\\mustbeviral\\src\\lib\\errors.ts": {"lines":{"total":25,"covered":0,"skipped":0,"pct":0},"functions":{"total":12,"covered":0,"skipped":0,"pct":0},"statements":{"total":25,"covered":0,"skipped":0,"pct":0},"branches":{"total":12,"covered":0,"skipped":0,"pct":0}}
,"C:\\Users\\ernij\\OneDrive\\Documents\\Must Be Viral V2\\mustbeviral\\src\\lib\\gamification.ts": {"lines":{"total":109,"covered":0,"skipped":0,"pct":0},"functions":{"total":20,"covered":0,"skipped":0,"pct":0},"statements":{"total":113,"covered":0,"skipped":0,"pct":0},"branches":{"total":42,"covered":0,"skipped":0,"pct":0}}
,"C:\\Users\\ernij\\OneDrive\\Documents\\Must Be Viral V2\\mustbeviral\\src\\lib\\query-client.ts": {"lines":{"total":41,"covered":6,"skipped":0,"pct":14.63},"functions":{"total":20,"covered":0,"skipped":0,"pct":0},"statements":{"total":42,"covered":6,"skipped":0,"pct":14.28},"branches":{"total":32,"covered":3,"skipped":0,"pct":9.37}}
,"C:\\Users\\ernij\\OneDrive\\Documents\\Must Be Viral V2\\mustbeviral\\src\\lib\\revenue.ts": {"lines":{"total":69,"covered":0,"skipped":0,"pct":0},"functions":{"total":19,"covered":0,"skipped":0,"pct":0},"statements":{"total":70,"covered":0,"skipped":0,"pct":0},"branches":{"total":18,"covered":0,"skipped":0,"pct":0}}
,"C:\\Users\\ernij\\OneDrive\\Documents\\Must Be Viral V2\\mustbeviral\\src\\lib\\security.ts": {"lines":{"total":183,"covered":0,"skipped":0,"pct":0},"functions":{"total":33,"covered":0,"skipped":0,"pct":0},"statements":{"total":189,"covered":0,"skipped":0,"pct":0},"branches":{"total":72,"covered":0,"skipped":0,"pct":0}}
,"C:\\Users\\ernij\\OneDrive\\Documents\\Must Be Viral V2\\mustbeviral\\src\\lib\\strategies.ts": {"lines":{"total":65,"covered":0,"skipped":0,"pct":0},"functions":{"total":17,"covered":0,"skipped":0,"pct":0},"statements":{"total":68,"covered":0,"skipped":0,"pct":0},"branches":{"total":23,"covered":0,"skipped":0,"pct":0}}
,"C:\\Users\\ernij\\OneDrive\\Documents\\Must Be Viral V2\\mustbeviral\\src\\lib\\stripe.ts": {"lines":{"total":79,"covered":0,"skipped":0,"pct":0},"functions":{"total":21,"covered":0,"skipped":0,"pct":0},"statements":{"total":81,"covered":0,"skipped":0,"pct":0},"branches":{"total":19,"covered":0,"skipped":0,"pct":0}}
,"C:\\Users\\ernij\\OneDrive\\Documents\\Must Be Viral V2\\mustbeviral\\src\\lib\\trends.ts": {"lines":{"total":147,"covered":0,"skipped":0,"pct":0},"functions":{"total":36,"covered":0,"skipped":0,"pct":0},"statements":{"total":158,"covered":0,"skipped":0,"pct":0},"branches":{"total":68,"covered":0,"skipped":0,"pct":0}}
,"C:\\Users\\ernij\\OneDrive\\Documents\\Must Be Viral V2\\mustbeviral\\src\\lib\\utils.ts": {"lines":{"total":58,"covered":0,"skipped":0,"pct":0},"functions":{"total":35,"covered":0,"skipped":0,"pct":0},"statements":{"total":63,"covered":0,"skipped":0,"pct":0},"branches":{"total":27,"covered":0,"skipped":0,"pct":0}}
,"C:\\Users\\ernij\\OneDrive\\Documents\\Must Be Viral V2\\mustbeviral\\src\\lib\\ai\\aiService.ts": {"lines":{"total":112,"covered":0,"skipped":0,"pct":0},"functions":{"total":31,"covered":0,"skipped":0,"pct":0},"statements":{"total":118,"covered":0,"skipped":0,"pct":0},"branches":{"total":43,"covered":0,"skipped":0,"pct":0}}
,"C:\\Users\\ernij\\OneDrive\\Documents\\Must Be Viral V2\\mustbeviral\\src\\lib\\ai\\contentAnalyzer.ts": {"lines":{"total":217,"covered":0,"skipped":0,"pct":0},"functions":{"total":45,"covered":0,"skipped":0,"pct":0},"statements":{"total":241,"covered":0,"skipped":0,"pct":0},"branches":{"total":122,"covered":0,"skipped":0,"pct":0}}
,"C:\\Users\\ernij\\OneDrive\\Documents\\Must Be Viral V2\\mustbeviral\\src\\lib\\ai\\contentGenerator.ts": {"lines":{"total":164,"covered":0,"skipped":0,"pct":0},"functions":{"total":36,"covered":0,"skipped":0,"pct":0},"statements":{"total":172,"covered":0,"skipped":0,"pct":0},"branches":{"total":99,"covered":0,"skipped":0,"pct":0}}
,"C:\\Users\\ernij\\OneDrive\\Documents\\Must Be Viral V2\\mustbeviral\\src\\lib\\ai\\agents\\AlgorithmData.ts": {"lines":{"total":34,"covered":0,"skipped":0,"pct":0},"functions":{"total":8,"covered":0,"skipped":0,"pct":0},"statements":{"total":37,"covered":0,"skipped":0,"pct":0},"branches":{"total":24,"covered":0,"skipped":0,"pct":0}}
,"C:\\Users\\ernij\\OneDrive\\Documents\\Must Be Viral V2\\mustbeviral\\src\\lib\\ai\\agents\\IPlatformAgent.ts": {"lines":{"total":0,"covered":0,"skipped":0,"pct":0},"functions":{"total":0,"covered":0,"skipped":0,"pct":0},"statements":{"total":0,"covered":0,"skipped":0,"pct":0},"branches":{"total":0,"covered":0,"skipped":0,"pct":0}}
,"C:\\Users\\ernij\\OneDrive\\Documents\\Must Be Viral V2\\mustbeviral\\src\\lib\\ai\\agents\\InstagramAgent.ts": {"lines":{"total":237,"covered":0,"skipped":0,"pct":0},"functions":{"total":64,"covered":0,"skipped":0,"pct":0},"statements":{"total":265,"covered":0,"skipped":0,"pct":0},"branches":{"total":147,"covered":0,"skipped":0,"pct":0}}
,"C:\\Users\\ernij\\OneDrive\\Documents\\Must Be Viral V2\\mustbeviral\\src\\lib\\ai\\agents\\PlatformAgentCoordinator.ts": {"lines":{"total":198,"covered":0,"skipped":0,"pct":0},"functions":{"total":43,"covered":0,"skipped":0,"pct":0},"statements":{"total":214,"covered":0,"skipped":0,"pct":0},"branches":{"total":93,"covered":0,"skipped":0,"pct":0}}
,"C:\\Users\\ernij\\OneDrive\\Documents\\Must Be Viral V2\\mustbeviral\\src\\lib\\ai\\agents\\TikTokAgent.ts": {"lines":{"total":239,"covered":0,"skipped":0,"pct":0},"functions":{"total":63,"covered":0,"skipped":0,"pct":0},"statements":{"total":263,"covered":0,"skipped":0,"pct":0},"branches":{"total":151,"covered":0,"skipped":0,"pct":0}}
,"C:\\Users\\ernij\\OneDrive\\Documents\\Must Be Viral V2\\mustbeviral\\src\\lib\\ai\\agents\\TwitterAgent.ts": {"lines":{"total":247,"covered":0,"skipped":0,"pct":0},"functions":{"total":61,"covered":0,"skipped":0,"pct":0},"statements":{"total":269,"covered":0,"skipped":0,"pct":0},"branches":{"total":120,"covered":0,"skipped":0,"pct":0}}
,"C:\\Users\\ernij\\OneDrive\\Documents\\Must Be Viral V2\\mustbeviral\\src\\lib\\ai\\agents\\demo.js": {"lines":{"total":62,"covered":0,"skipped":0,"pct":0},"functions":{"total":8,"covered":0,"skipped":0,"pct":0},"statements":{"total":66,"covered":0,"skipped":0,"pct":0},"branches":{"total":0,"covered":0,"skipped":0,"pct":100}}
,"C:\\Users\\ernij\\OneDrive\\Documents\\Must Be Viral V2\\mustbeviral\\src\\lib\\ai\\agents\\cache\\BatchProcessor.ts": {"lines":{"total":177,"covered":0,"skipped":0,"pct":0},"functions":{"total":41,"covered":0,"skipped":0,"pct":0},"statements":{"total":188,"covered":0,"skipped":0,"pct":0},"branches":{"total":80,"covered":0,"skipped":0,"pct":0}}
,"C:\\Users\\ernij\\OneDrive\\Documents\\Must Be Viral V2\\mustbeviral\\src\\lib\\ai\\agents\\cache\\SmartCache.ts": {"lines":{"total":224,"covered":0,"skipped":0,"pct":0},"functions":{"total":43,"covered":0,"skipped":0,"pct":0},"statements":{"total":246,"covered":0,"skipped":0,"pct":0},"branches":{"total":125,"covered":0,"skipped":0,"pct":0}}
,"C:\\Users\\ernij\\OneDrive\\Documents\\Must Be Viral V2\\mustbeviral\\src\\lib\\ai\\agents\\monitoring\\CostTracker.ts": {"lines":{"total":91,"covered":0,"skipped":0,"pct":0},"functions":{"total":23,"covered":0,"skipped":0,"pct":0},"statements":{"total":94,"covered":0,"skipped":0,"pct":0},"branches":{"total":35,"covered":0,"skipped":0,"pct":0}}
,"C:\\Users\\ernij\\OneDrive\\Documents\\Must Be Viral V2\\mustbeviral\\src\\lib\\ai\\agents\\monitoring\\PerformanceAnalyzer.ts": {"lines":{"total":181,"covered":0,"skipped":0,"pct":0},"functions":{"total":35,"covered":0,"skipped":0,"pct":0},"statements":{"total":199,"covered":0,"skipped":0,"pct":0},"branches":{"total":100,"covered":0,"skipped":0,"pct":0}}
,"C:\\Users\\ernij\\OneDrive\\Documents\\Must Be Viral V2\\mustbeviral\\src\\lib\\ai\\agents\\monitoring\\TokenOptimizer.ts": {"lines":{"total":150,"covered":0,"skipped":0,"pct":0},"functions":{"total":23,"covered":0,"skipped":0,"pct":0},"statements":{"total":156,"covered":0,"skipped":0,"pct":0},"branches":{"total":91,"covered":0,"skipped":0,"pct":0}}
,"C:\\Users\\ernij\\OneDrive\\Documents\\Must Be Viral V2\\mustbeviral\\src\\lib\\ai\\agents\\quality\\QualityAssurance.ts": {"lines":{"total":211,"covered":0,"skipped":0,"pct":0},"functions":{"total":57,"covered":0,"skipped":0,"pct":0},"statements":{"total":216,"covered":0,"skipped":0,"pct":0},"branches":{"total":104,"covered":0,"skipped":0,"pct":0}}
,"C:\\Users\\ernij\\OneDrive\\Documents\\Must Be Viral V2\\mustbeviral\\src\\lib\\analytics\\realTimeAnalytics.ts": {"lines":{"total":257,"covered":0,"skipped":0,"pct":0},"functions":{"total":94,"covered":0,"skipped":0,"pct":0},"statements":{"total":271,"covered":0,"skipped":0,"pct":0},"branches":{"total":146,"covered":0,"skipped":0,"pct":0}}
,"C:\\Users\\ernij\\OneDrive\\Documents\\Must Be Viral V2\\mustbeviral\\src\\lib\\animations\\core.ts": {"lines":{"total":115,"covered":0,"skipped":0,"pct":0},"functions":{"total":26,"covered":0,"skipped":0,"pct":0},"statements":{"total":118,"covered":0,"skipped":0,"pct":0},"branches":{"total":81,"covered":0,"skipped":0,"pct":0}}
,"C:\\Users\\ernij\\OneDrive\\Documents\\Must Be Viral V2\\mustbeviral\\src\\lib\\api\\retryClient.ts": {"lines":{"total":150,"covered":126,"skipped":0,"pct":84},"functions":{"total":36,"covered":32,"skipped":0,"pct":88.88},"statements":{"total":155,"covered":131,"skipped":0,"pct":84.51},"branches":{"total":65,"covered":41,"skipped":0,"pct":63.07}}
,"C:\\Users\\ernij\\OneDrive\\Documents\\Must Be Viral V2\\mustbeviral\\src\\lib\\audit\\securityLogger.ts": {"lines":{"total":177,"covered":0,"skipped":0,"pct":0},"functions":{"total":42,"covered":0,"skipped":0,"pct":0},"statements":{"total":187,"covered":0,"skipped":0,"pct":0},"branches":{"total":126,"covered":0,"skipped":0,"pct":0}}
,"C:\\Users\\ernij\\OneDrive\\Documents\\Must Be Viral V2\\mustbeviral\\src\\lib\\auth\\jwtManager.ts": {"lines":{"total":64,"covered":1,"skipped":0,"pct":1.56},"functions":{"total":11,"covered":0,"skipped":0,"pct":0},"statements":{"total":66,"covered":1,"skipped":0,"pct":1.51},"branches":{"total":37,"covered":0,"skipped":0,"pct":0}}
,"C:\\Users\\ernij\\OneDrive\\Documents\\Must Be Viral V2\\mustbeviral\\src\\lib\\blockchain\\blockchainIntegration.ts": {"lines":{"total":196,"covered":0,"skipped":0,"pct":0},"functions":{"total":81,"covered":0,"skipped":0,"pct":0},"statements":{"total":220,"covered":0,"skipped":0,"pct":0},"branches":{"total":84,"covered":0,"skipped":0,"pct":0}}
,"C:\\Users\\ernij\\OneDrive\\Documents\\Must Be Viral V2\\mustbeviral\\src\\lib\\cache\\CacheManager.ts": {"lines":{"total":11,"covered":0,"skipped":0,"pct":0},"functions":{"total":4,"covered":0,"skipped":0,"pct":0},"statements":{"total":11,"covered":0,"skipped":0,"pct":0},"branches":{"total":2,"covered":0,"skipped":0,"pct":0}}
,"C:\\Users\\ernij\\OneDrive\\Documents\\Must Be Viral V2\\mustbeviral\\src\\lib\\cache\\advancedCache.ts": {"lines":{"total":242,"covered":0,"skipped":0,"pct":0},"functions":{"total":79,"covered":0,"skipped":0,"pct":0},"statements":{"total":261,"covered":0,"skipped":0,"pct":0},"branches":{"total":97,"covered":0,"skipped":0,"pct":0}}
,"C:\\Users\\ernij\\OneDrive\\Documents\\Must Be Viral V2\\mustbeviral\\src\\lib\\chaos\\chaosEngineering.ts": {"lines":{"total":279,"covered":0,"skipped":0,"pct":0},"functions":{"total":78,"covered":0,"skipped":0,"pct":0},"statements":{"total":289,"covered":0,"skipped":0,"pct":0},"branches":{"total":100,"covered":0,"skipped":0,"pct":0}}
,"C:\\Users\\ernij\\OneDrive\\Documents\\Must Be Viral V2\\mustbeviral\\src\\lib\\compliance\\complianceManager.ts": {"lines":{"total":155,"covered":0,"skipped":0,"pct":0},"functions":{"total":33,"covered":0,"skipped":0,"pct":0},"statements":{"total":166,"covered":0,"skipped":0,"pct":0},"branches":{"total":69,"covered":0,"skipped":0,"pct":0}}
,"C:\\Users\\ernij\\OneDrive\\Documents\\Must Be Viral V2\\mustbeviral\\src\\lib\\compliance\\dataRetention.ts": {"lines":{"total":158,"covered":0,"skipped":0,"pct":0},"functions":{"total":41,"covered":0,"skipped":0,"pct":0},"statements":{"total":164,"covered":0,"skipped":0,"pct":0},"branches":{"total":61,"covered":0,"skipped":0,"pct":0}}
,"C:\\Users\\ernij\\OneDrive\\Documents\\Must Be Viral V2\\mustbeviral\\src\\lib\\crypto\\encryption.ts": {"lines":{"total":127,"covered":7,"skipped":0,"pct":5.51},"functions":{"total":22,"covered":0,"skipped":0,"pct":0},"statements":{"total":133,"covered":7,"skipped":0,"pct":5.26},"branches":{"total":64,"covered":0,"skipped":0,"pct":0}}
,"C:\\Users\\ernij\\OneDrive\\Documents\\Must Be Viral V2\\mustbeviral\\src\\lib\\crypto\\encryptionQueue.ts": {"lines":{"total":227,"covered":0,"skipped":0,"pct":0},"functions":{"total":41,"covered":0,"skipped":0,"pct":0},"statements":{"total":233,"covered":0,"skipped":0,"pct":0},"branches":{"total":93,"covered":0,"skipped":0,"pct":0}}
,"C:\\Users\\ernij\\OneDrive\\Documents\\Must Be Viral V2\\mustbeviral\\src\\lib\\dashboard\\operationalDashboard.ts": {"lines":{"total":129,"covered":0,"skipped":0,"pct":0},"functions":{"total":38,"covered":0,"skipped":0,"pct":0},"statements":{"total":133,"covered":0,"skipped":0,"pct":0},"branches":{"total":46,"covered":0,"skipped":0,"pct":0}}
,"C:\\Users\\ernij\\OneDrive\\Documents\\Must Be Viral V2\\mustbeviral\\src\\lib\\database\\connectionPool.ts": {"lines":{"total":182,"covered":0,"skipped":0,"pct":0},"functions":{"total":27,"covered":0,"skipped":0,"pct":0},"statements":{"total":185,"covered":0,"skipped":0,"pct":0},"branches":{"total":62,"covered":0,"skipped":0,"pct":0}}
,"C:\\Users\\ernij\\OneDrive\\Documents\\Must Be Viral V2\\mustbeviral\\src\\lib\\database\\secureDatabase.ts": {"lines":{"total":105,"covered":3,"skipped":0,"pct":2.85},"functions":{"total":22,"covered":0,"skipped":0,"pct":0},"statements":{"total":112,"covered":3,"skipped":0,"pct":2.67},"branches":{"total":81,"covered":0,"skipped":0,"pct":0}}
,"C:\\Users\\ernij\\OneDrive\\Documents\\Must Be Viral V2\\mustbeviral\\src\\lib\\deployment\\multiRegionDeployment.ts": {"lines":{"total":254,"covered":0,"skipped":0,"pct":0},"functions":{"total":90,"covered":0,"skipped":0,"pct":0},"statements":{"total":273,"covered":0,"skipped":0,"pct":0},"branches":{"total":78,"covered":0,"skipped":0,"pct":0}}
,"C:\\Users\\ernij\\OneDrive\\Documents\\Must Be Viral V2\\mustbeviral\\src\\lib\\design\\tokens.ts": {"lines":{"total":13,"covered":0,"skipped":0,"pct":0},"functions":{"total":4,"covered":0,"skipped":0,"pct":0},"statements":{"total":13,"covered":0,"skipped":0,"pct":0},"branches":{"total":2,"covered":0,"skipped":0,"pct":0}}
,"C:\\Users\\ernij\\OneDrive\\Documents\\Must Be Viral V2\\mustbeviral\\src\\lib\\edge\\edgeComputing.ts": {"lines":{"total":446,"covered":0,"skipped":0,"pct":0},"functions":{"total":149,"covered":0,"skipped":0,"pct":0},"statements":{"total":489,"covered":0,"skipped":0,"pct":0},"branches":{"total":194,"covered":0,"skipped":0,"pct":0}}
,"C:\\Users\\ernij\\OneDrive\\Documents\\Must Be Viral V2\\mustbeviral\\src\\lib\\errors\\circuitBreaker.ts": {"lines":{"total":192,"covered":0,"skipped":0,"pct":0},"functions":{"total":43,"covered":0,"skipped":0,"pct":0},"statements":{"total":201,"covered":0,"skipped":0,"pct":0},"branches":{"total":108,"covered":0,"skipped":0,"pct":0}}
,"C:\\Users\\ernij\\OneDrive\\Documents\\Must Be Viral V2\\mustbeviral\\src\\lib\\errors\\errorHandler.ts": {"lines":{"total":171,"covered":42,"skipped":0,"pct":24.56},"functions":{"total":22,"covered":2,"skipped":0,"pct":9.09},"statements":{"total":176,"covered":42,"skipped":0,"pct":23.86},"branches":{"total":82,"covered":3,"skipped":0,"pct":3.65}}
,"C:\\Users\\ernij\\OneDrive\\Documents\\Must Be Viral V2\\mustbeviral\\src\\lib\\eventSourcing\\eventSourcing.ts": {"lines":{"total":223,"covered":0,"skipped":0,"pct":0},"functions":{"total":77,"covered":0,"skipped":0,"pct":0},"statements":{"total":249,"covered":0,"skipped":0,"pct":0},"branches":{"total":116,"covered":0,"skipped":0,"pct":0}}
,"C:\\Users\\ernij\\OneDrive\\Documents\\Must Be Viral V2\\mustbeviral\\src\\lib\\gateway\\apiGateway.ts": {"lines":{"total":271,"covered":0,"skipped":0,"pct":0},"functions":{"total":45,"covered":0,"skipped":0,"pct":0},"statements":{"total":282,"covered":0,"skipped":0,"pct":0},"branches":{"total":131,"covered":0,"skipped":0,"pct":0}}
,"C:\\Users\\ernij\\OneDrive\\Documents\\Must Be Viral V2\\mustbeviral\\src\\lib\\graphql\\federation.ts": {"lines":{"total":172,"covered":0,"skipped":0,"pct":0},"functions":{"total":63,"covered":0,"skipped":0,"pct":0},"statements":{"total":178,"covered":0,"skipped":0,"pct":0},"branches":{"total":65,"covered":0,"skipped":0,"pct":0}}
,"C:\\Users\\ernij\\OneDrive\\Documents\\Must Be Viral V2\\mustbeviral\\src\\lib\\health\\healthMonitor.ts": {"lines":{"total":192,"covered":0,"skipped":0,"pct":0},"functions":{"total":39,"covered":0,"skipped":0,"pct":0},"statements":{"total":200,"covered":0,"skipped":0,"pct":0},"branches":{"total":76,"covered":0,"skipped":0,"pct":0}}
,"C:\\Users\\ernij\\OneDrive\\Documents\\Must Be Viral V2\\mustbeviral\\src\\lib\\logging\\productionLogger.ts": {"lines":{"total":120,"covered":64,"skipped":0,"pct":53.33},"functions":{"total":46,"covered":19,"skipped":0,"pct":41.3},"statements":{"total":124,"covered":65,"skipped":0,"pct":52.41},"branches":{"total":67,"covered":26,"skipped":0,"pct":38.8}}
,"C:\\Users\\ernij\\OneDrive\\Documents\\Must Be Viral V2\\mustbeviral\\src\\lib\\mesh\\serviceMesh.ts": {"lines":{"total":204,"covered":0,"skipped":0,"pct":0},"functions":{"total":61,"covered":0,"skipped":0,"pct":0},"statements":{"total":223,"covered":0,"skipped":0,"pct":0},"branches":{"total":101,"covered":0,"skipped":0,"pct":0}}
,"C:\\Users\\ernij\\OneDrive\\Documents\\Must Be Viral V2\\mustbeviral\\src\\lib\\ml\\recommendationEngine.ts": {"lines":{"total":259,"covered":0,"skipped":0,"pct":0},"functions":{"total":57,"covered":0,"skipped":0,"pct":0},"statements":{"total":281,"covered":0,"skipped":0,"pct":0},"branches":{"total":173,"covered":0,"skipped":0,"pct":0}}
,"C:\\Users\\ernij\\OneDrive\\Documents\\Must Be Viral V2\\mustbeviral\\src\\lib\\ml\\trendingDetector.ts": {"lines":{"total":232,"covered":0,"skipped":0,"pct":0},"functions":{"total":87,"covered":0,"skipped":0,"pct":0},"statements":{"total":272,"covered":0,"skipped":0,"pct":0},"branches":{"total":98,"covered":0,"skipped":0,"pct":0}}
,"C:\\Users\\ernij\\OneDrive\\Documents\\Must Be Viral V2\\mustbeviral\\src\\lib\\monitoring\\dashboard.ts": {"lines":{"total":132,"covered":0,"skipped":0,"pct":0},"functions":{"total":36,"covered":0,"skipped":0,"pct":0},"statements":{"total":142,"covered":0,"skipped":0,"pct":0},"branches":{"total":80,"covered":0,"skipped":0,"pct":0}}
,"C:\\Users\\ernij\\OneDrive\\Documents\\Must Be Viral V2\\mustbeviral\\src\\lib\\monitoring\\errorTracking.ts": {"lines":{"total":111,"covered":0,"skipped":0,"pct":0},"functions":{"total":35,"covered":0,"skipped":0,"pct":0},"statements":{"total":113,"covered":0,"skipped":0,"pct":0},"branches":{"total":35,"covered":0,"skipped":0,"pct":0}}
,"C:\\Users\\ernij\\OneDrive\\Documents\\Must Be Viral V2\\mustbeviral\\src\\lib\\monitoring\\logger.ts": {"lines":{"total":81,"covered":48,"skipped":0,"pct":59.25},"functions":{"total":28,"covered":14,"skipped":0,"pct":50},"statements":{"total":83,"covered":48,"skipped":0,"pct":57.83},"branches":{"total":44,"covered":19,"skipped":0,"pct":43.18}}
,"C:\\Users\\ernij\\OneDrive\\Documents\\Must Be Viral V2\\mustbeviral\\src\\lib\\monitoring\\performanceMonitor.ts": {"lines":{"total":235,"covered":0,"skipped":0,"pct":0},"functions":{"total":56,"covered":0,"skipped":0,"pct":0},"statements":{"total":250,"covered":0,"skipped":0,"pct":0},"branches":{"total":84,"covered":0,"skipped":0,"pct":0}}
,"C:\\Users\\ernij\\OneDrive\\Documents\\Must Be Viral V2\\mustbeviral\\src\\lib\\organizations\\organizationService.ts": {"lines":{"total":136,"covered":0,"skipped":0,"pct":0},"functions":{"total":31,"covered":0,"skipped":0,"pct":0},"statements":{"total":139,"covered":0,"skipped":0,"pct":0},"branches":{"total":106,"covered":0,"skipped":0,"pct":0}}
,"C:\\Users\\ernij\\OneDrive\\Documents\\Must Be Viral V2\\mustbeviral\\src\\lib\\rbac\\permissions.ts": {"lines":{"total":35,"covered":0,"skipped":0,"pct":0},"functions":{"total":18,"covered":0,"skipped":0,"pct":0},"statements":{"total":38,"covered":0,"skipped":0,"pct":0},"branches":{"total":32,"covered":0,"skipped":0,"pct":0}}
,"C:\\Users\\ernij\\OneDrive\\Documents\\Must Be Viral V2\\mustbeviral\\src\\lib\\rbac\\rbacService.ts": {"lines":{"total":140,"covered":0,"skipped":0,"pct":0},"functions":{"total":19,"covered":0,"skipped":0,"pct":0},"statements":{"total":143,"covered":0,"skipped":0,"pct":0},"branches":{"total":63,"covered":0,"skipped":0,"pct":0}}
,"C:\\Users\\ernij\\OneDrive\\Documents\\Must Be Viral V2\\mustbeviral\\src\\lib\\scalability\\autoScaler.ts": {"lines":{"total":194,"covered":0,"skipped":0,"pct":0},"functions":{"total":37,"covered":0,"skipped":0,"pct":0},"statements":{"total":203,"covered":0,"skipped":0,"pct":0},"branches":{"total":83,"covered":0,"skipped":0,"pct":0}}
,"C:\\Users\\ernij\\OneDrive\\Documents\\Must Be Viral V2\\mustbeviral\\src\\lib\\security\\ValidationService.ts": {"lines":{"total":10,"covered":0,"skipped":0,"pct":0},"functions":{"total":6,"covered":0,"skipped":0,"pct":0},"statements":{"total":10,"covered":0,"skipped":0,"pct":0},"branches":{"total":5,"covered":0,"skipped":0,"pct":0}}
,"C:\\Users\\ernij\\OneDrive\\Documents\\Must Be Viral V2\\mustbeviral\\src\\lib\\security\\secretManager.ts": {"lines":{"total":133,"covered":1,"skipped":0,"pct":0.75},"functions":{"total":16,"covered":0,"skipped":0,"pct":0},"statements":{"total":136,"covered":1,"skipped":0,"pct":0.73},"branches":{"total":89,"covered":0,"skipped":0,"pct":0}}
,"C:\\Users\\ernij\\OneDrive\\Documents\\Must Be Viral V2\\mustbeviral\\src\\lib\\security\\threatDetection.ts": {"lines":{"total":227,"covered":0,"skipped":0,"pct":0},"functions":{"total":41,"covered":0,"skipped":0,"pct":0},"statements":{"total":236,"covered":0,"skipped":0,"pct":0},"branches":{"total":98,"covered":0,"skipped":0,"pct":0}}
,"C:\\Users\\ernij\\OneDrive\\Documents\\Must Be Viral V2\\mustbeviral\\src\\lib\\tracing\\config.ts": {"lines":{"total":76,"covered":0,"skipped":0,"pct":0},"functions":{"total":17,"covered":0,"skipped":0,"pct":0},"statements":{"total":77,"covered":0,"skipped":0,"pct":0},"branches":{"total":84,"covered":0,"skipped":0,"pct":0}}
,"C:\\Users\\ernij\\OneDrive\\Documents\\Must Be Viral V2\\mustbeviral\\src\\lib\\tracing\\distributedTracing.ts": {"lines":{"total":105,"covered":0,"skipped":0,"pct":0},"functions":{"total":33,"covered":0,"skipped":0,"pct":0},"statements":{"total":110,"covered":0,"skipped":0,"pct":0},"branches":{"total":68,"covered":0,"skipped":0,"pct":0}}
,"C:\\Users\\ernij\\OneDrive\\Documents\\Must Be Viral V2\\mustbeviral\\src\\lib\\tracing\\telemetry.ts": {"lines":{"total":157,"covered":0,"skipped":0,"pct":0},"functions":{"total":46,"covered":0,"skipped":0,"pct":0},"statements":{"total":162,"covered":0,"skipped":0,"pct":0},"branches":{"total":78,"covered":0,"skipped":0,"pct":0}}
,"C:\\Users\\ernij\\OneDrive\\Documents\\Must Be Viral V2\\mustbeviral\\src\\middleware\\dataIsolation.ts": {"lines":{"total":75,"covered":0,"skipped":0,"pct":0},"functions":{"total":21,"covered":0,"skipped":0,"pct":0},"statements":{"total":77,"covered":0,"skipped":0,"pct":0},"branches":{"total":35,"covered":0,"skipped":0,"pct":0}}
,"C:\\Users\\ernij\\OneDrive\\Documents\\Must Be Viral V2\\mustbeviral\\src\\middleware\\rateLimit.ts": {"lines":{"total":120,"covered":98,"skipped":0,"pct":81.66},"functions":{"total":27,"covered":20,"skipped":0,"pct":74.07},"statements":{"total":126,"covered":101,"skipped":0,"pct":80.15},"branches":{"total":65,"covered":44,"skipped":0,"pct":67.69}}
,"C:\\Users\\ernij\\OneDrive\\Documents\\Must Be Viral V2\\mustbeviral\\src\\middleware\\rateLimiter.ts": {"lines":{"total":114,"covered":0,"skipped":0,"pct":0},"functions":{"total":24,"covered":0,"skipped":0,"pct":0},"statements":{"total":114,"covered":0,"skipped":0,"pct":0},"branches":{"total":52,"covered":0,"skipped":0,"pct":0}}
,"C:\\Users\\ernij\\OneDrive\\Documents\\Must Be Viral V2\\mustbeviral\\src\\middleware\\rbacMiddleware.ts": {"lines":{"total":96,"covered":0,"skipped":0,"pct":0},"functions":{"total":29,"covered":0,"skipped":0,"pct":0},"statements":{"total":105,"covered":0,"skipped":0,"pct":0},"branches":{"total":65,"covered":0,"skipped":0,"pct":0}}
,"C:\\Users\\ernij\\OneDrive\\Documents\\Must Be Viral V2\\mustbeviral\\src\\middleware\\routeSecurity.ts": {"lines":{"total":148,"covered":0,"skipped":0,"pct":0},"functions":{"total":20,"covered":0,"skipped":0,"pct":0},"statements":{"total":149,"covered":0,"skipped":0,"pct":0},"branches":{"total":111,"covered":0,"skipped":0,"pct":0}}
,"C:\\Users\\ernij\\OneDrive\\Documents\\Must Be Viral V2\\mustbeviral\\src\\middleware\\security.ts": {"lines":{"total":186,"covered":0,"skipped":0,"pct":0},"functions":{"total":27,"covered":0,"skipped":0,"pct":0},"statements":{"total":191,"covered":0,"skipped":0,"pct":0},"branches":{"total":103,"covered":0,"skipped":0,"pct":0}}
,"C:\\Users\\ernij\\OneDrive\\Documents\\Must Be Viral V2\\mustbeviral\\src\\middleware\\tracingMiddleware.ts": {"lines":{"total":109,"covered":0,"skipped":0,"pct":0},"functions":{"total":20,"covered":0,"skipped":0,"pct":0},"statements":{"total":110,"covered":0,"skipped":0,"pct":0},"branches":{"total":49,"covered":0,"skipped":0,"pct":0}}
,"C:\\Users\\ernij\\OneDrive\\Documents\\Must Be Viral V2\\mustbeviral\\src\\middleware\\validation.ts": {"lines":{"total":78,"covered":3,"skipped":0,"pct":3.84},"functions":{"total":17,"covered":0,"skipped":0,"pct":0},"statements":{"total":83,"covered":3,"skipped":0,"pct":3.61},"branches":{"total":39,"covered":0,"skipped":0,"pct":0}}
,"C:\\Users\\ernij\\OneDrive\\Documents\\Must Be Viral V2\\mustbeviral\\src\\pages\\ContentPage.tsx": {"lines":{"total":14,"covered":0,"skipped":0,"pct":0},"functions":{"total":5,"covered":0,"skipped":0,"pct":0},"statements":{"total":14,"covered":0,"skipped":0,"pct":0},"branches":{"total":10,"covered":0,"skipped":0,"pct":0}}
,"C:\\Users\\ernij\\OneDrive\\Documents\\Must Be Viral V2\\mustbeviral\\src\\pages\\DesignSystemDemo.tsx": {"lines":{"total":7,"covered":0,"skipped":0,"pct":0},"functions":{"total":5,"covered":0,"skipped":0,"pct":0},"statements":{"total":7,"covered":0,"skipped":0,"pct":0},"branches":{"total":0,"covered":0,"skipped":0,"pct":100}}
,"C:\\Users\\ernij\\OneDrive\\Documents\\Must Be Viral V2\\mustbeviral\\src\\pages\\HomePage.tsx": {"lines":{"total":2,"covered":0,"skipped":0,"pct":0},"functions":{"total":1,"covered":0,"skipped":0,"pct":0},"statements":{"total":2,"covered":0,"skipped":0,"pct":0},"branches":{"total":4,"covered":0,"skipped":0,"pct":0}}
,"C:\\Users\\ernij\\OneDrive\\Documents\\Must Be Viral V2\\mustbeviral\\src\\pages\\LoginPage.tsx": {"lines":{"total":52,"covered":0,"skipped":0,"pct":0},"functions":{"total":13,"covered":0,"skipped":0,"pct":0},"statements":{"total":54,"covered":0,"skipped":0,"pct":0},"branches":{"total":51,"covered":0,"skipped":0,"pct":0}}
,"C:\\Users\\ernij\\OneDrive\\Documents\\Must Be Viral V2\\mustbeviral\\src\\pages\\MatchesPage.tsx": {"lines":{"total":26,"covered":0,"skipped":0,"pct":0},"functions":{"total":11,"covered":0,"skipped":0,"pct":0},"statements":{"total":29,"covered":0,"skipped":0,"pct":0},"branches":{"total":19,"covered":0,"skipped":0,"pct":0}}
,"C:\\Users\\ernij\\OneDrive\\Documents\\Must Be Viral V2\\mustbeviral\\src\\pages\\OnboardPage.tsx": {"lines":{"total":9,"covered":0,"skipped":0,"pct":0},"functions":{"total":3,"covered":0,"skipped":0,"pct":0},"statements":{"total":9,"covered":0,"skipped":0,"pct":0},"branches":{"total":2,"covered":0,"skipped":0,"pct":0}}
,"C:\\Users\\ernij\\OneDrive\\Documents\\Must Be Viral V2\\mustbeviral\\src\\providers\\QueryProvider.tsx": {"lines":{"total":15,"covered":0,"skipped":0,"pct":0},"functions":{"total":7,"covered":0,"skipped":0,"pct":0},"statements":{"total":15,"covered":0,"skipped":0,"pct":0},"branches":{"total":12,"covered":0,"skipped":0,"pct":0}}
,"C:\\Users\\ernij\\OneDrive\\Documents\\Must Be Viral V2\\mustbeviral\\src\\providers\\ThemeProvider.tsx": {"lines":{"total":106,"covered":0,"skipped":0,"pct":0},"functions":{"total":19,"covered":0,"skipped":0,"pct":0},"statements":{"total":108,"covered":0,"skipped":0,"pct":0},"branches":{"total":43,"covered":0,"skipped":0,"pct":0}}
,"C:\\Users\\ernij\\OneDrive\\Documents\\Must Be Viral V2\\mustbeviral\\src\\types\\api.ts": {"lines":{"total":0,"covered":0,"skipped":0,"pct":0},"functions":{"total":0,"covered":0,"skipped":0,"pct":0},"statements":{"total":0,"covered":0,"skipped":0,"pct":0},"branches":{"total":0,"covered":0,"skipped":0,"pct":0}}
,"C:\\Users\\ernij\\OneDrive\\Documents\\Must Be Viral V2\\mustbeviral\\src\\types\\security.ts": {"lines":{"total":4,"covered":0,"skipped":0,"pct":0},"functions":{"total":4,"covered":0,"skipped":0,"pct":0},"statements":{"total":4,"covered":0,"skipped":0,"pct":0},"branches":{"total":21,"covered":0,"skipped":0,"pct":0}}
,"C:\\Users\\ernij\\OneDrive\\Documents\\Must Be Viral V2\\mustbeviral\\src\\worker\\audit-logger.ts": {"lines":{"total":104,"covered":0,"skipped":0,"pct":0},"functions":{"total":18,"covered":0,"skipped":0,"pct":0},"statements":{"total":110,"covered":0,"skipped":0,"pct":0},"branches":{"total":94,"covered":0,"skipped":0,"pct":0}}
,"C:\\Users\\ernij\\OneDrive\\Documents\\Must Be Viral V2\\mustbeviral\\src\\worker\\environmentValidator.ts": {"lines":{"total":141,"covered":0,"skipped":0,"pct":0},"functions":{"total":17,"covered":0,"skipped":0,"pct":0},"statements":{"total":142,"covered":0,"skipped":0,"pct":0},"branches":{"total":103,"covered":0,"skipped":0,"pct":0}}
,"C:\\Users\\ernij\\OneDrive\\Documents\\Must Be Viral V2\\mustbeviral\\src\\worker\\index.ts": {"lines":{"total":41,"covered":0,"skipped":0,"pct":0},"functions":{"total":1,"covered":0,"skipped":0,"pct":0},"statements":{"total":41,"covered":0,"skipped":0,"pct":0},"branches":{"total":16,"covered":0,"skipped":0,"pct":0}}
,"C:\\Users\\ernij\\OneDrive\\Documents\\Must Be Viral V2\\mustbeviral\\src\\worker\\input-validation.ts": {"lines":{"total":150,"covered":0,"skipped":0,"pct":0},"functions":{"total":13,"covered":0,"skipped":0,"pct":0},"statements":{"total":151,"covered":0,"skipped":0,"pct":0},"branches":{"total":134,"covered":0,"skipped":0,"pct":0}}
,"C:\\Users\\ernij\\OneDrive\\Documents\\Must Be Viral V2\\mustbeviral\\src\\worker\\rate-limiter.ts": {"lines":{"total":63,"covered":0,"skipped":0,"pct":0},"functions":{"total":13,"covered":0,"skipped":0,"pct":0},"statements":{"total":66,"covered":0,"skipped":0,"pct":0},"branches":{"total":27,"covered":0,"skipped":0,"pct":0}}
,"C:\\Users\\ernij\\OneDrive\\Documents\\Must Be Viral V2\\mustbeviral\\src\\worker\\requestContext.ts": {"lines":{"total":107,"covered":0,"skipped":0,"pct":0},"functions":{"total":25,"covered":0,"skipped":0,"pct":0},"statements":{"total":110,"covered":0,"skipped":0,"pct":0},"branches":{"total":74,"covered":0,"skipped":0,"pct":0}}
,"C:\\Users\\ernij\\OneDrive\\Documents\\Must Be Viral V2\\mustbeviral\\src\\worker\\router.ts": {"lines":{"total":139,"covered":0,"skipped":0,"pct":0},"functions":{"total":57,"covered":0,"skipped":0,"pct":0},"statements":{"total":140,"covered":0,"skipped":0,"pct":0},"branches":{"total":24,"covered":0,"skipped":0,"pct":0}}
,"C:\\Users\\ernij\\OneDrive\\Documents\\Must Be Viral V2\\mustbeviral\\src\\worker\\secure-auth.ts": {"lines":{"total":61,"covered":56,"skipped":0,"pct":91.8},"functions":{"total":11,"covered":11,"skipped":0,"pct":100},"statements":{"total":62,"covered":57,"skipped":0,"pct":91.93},"branches":{"total":25,"covered":21,"skipped":0,"pct":84}}
,"C:\\Users\\ernij\\OneDrive\\Documents\\Must Be Viral V2\\mustbeviral\\src\\worker\\secure-index.ts": {"lines":{"total":178,"covered":0,"skipped":0,"pct":0},"functions":{"total":26,"covered":0,"skipped":0,"pct":0},"statements":{"total":178,"covered":0,"skipped":0,"pct":0},"branches":{"total":152,"covered":0,"skipped":0,"pct":0}}
,"C:\\Users\\ernij\\OneDrive\\Documents\\Must Be Viral V2\\mustbeviral\\src\\worker\\secure-password.ts": {"lines":{"total":68,"covered":49,"skipped":0,"pct":72.05},"functions":{"total":10,"covered":7,"skipped":0,"pct":70},"statements":{"total":71,"covered":50,"skipped":0,"pct":70.42},"branches":{"total":25,"covered":21,"skipped":0,"pct":84}}
,"C:\\Users\\ernij\\OneDrive\\Documents\\Must Be Viral V2\\mustbeviral\\src\\worker\\security-middleware.ts": {"lines":{"total":94,"covered":0,"skipped":0,"pct":0},"functions":{"total":19,"covered":0,"skipped":0,"pct":0},"statements":{"total":102,"covered":0,"skipped":0,"pct":0},"branches":{"total":56,"covered":0,"skipped":0,"pct":0}}
,"C:\\Users\\ernij\\OneDrive\\Documents\\Must Be Viral V2\\mustbeviral\\src\\worker\\simple-index.ts": {"lines":{"total":179,"covered":0,"skipped":0,"pct":0},"functions":{"total":6,"covered":0,"skipped":0,"pct":0},"statements":{"total":180,"covered":0,"skipped":0,"pct":0},"branches":{"total":181,"covered":0,"skipped":0,"pct":0}}
,"C:\\Users\\ernij\\OneDrive\\Documents\\Must Be Viral V2\\mustbeviral\\src\\worker\\handlers\\auth.ts": {"lines":{"total":77,"covered":0,"skipped":0,"pct":0},"functions":{"total":5,"covered":0,"skipped":0,"pct":0},"statements":{"total":77,"covered":0,"skipped":0,"pct":0},"branches":{"total":36,"covered":0,"skipped":0,"pct":0}}
,"C:\\Users\\ernij\\OneDrive\\Documents\\Must Be Viral V2\\mustbeviral\\src\\worker\\handlers\\health.ts": {"lines":{"total":8,"covered":0,"skipped":0,"pct":0},"functions":{"total":2,"covered":0,"skipped":0,"pct":0},"statements":{"total":8,"covered":0,"skipped":0,"pct":0},"branches":{"total":13,"covered":0,"skipped":0,"pct":0}}
,"C:\\Users\\ernij\\OneDrive\\Documents\\Must Be Viral V2\\mustbeviral\\src\\worker\\handlers\\onboarding.ts": {"lines":{"total":15,"covered":0,"skipped":0,"pct":0},"functions":{"total":2,"covered":0,"skipped":0,"pct":0},"statements":{"total":15,"covered":0,"skipped":0,"pct":0},"branches":{"total":6,"covered":0,"skipped":0,"pct":0}}
}
