TN:
SF:src\App.tsx
FN:6,(anonymous_0)
FN:6,(anonymous_1)
FN:6,(anonymous_2)
FN:8,(anonymous_3)
FN:11,(anonymous_4)
FN:11,(anonymous_5)
FN:11,(anonymous_6)
FN:13,(anonymous_7)
FN:16,(anonymous_8)
FN:16,(anonymous_9)
FN:16,(anonymous_10)
FN:18,(anonymous_11)
FN:21,(anonymous_12)
FN:21,(anonymous_13)
FN:21,(anonymous_14)
FN:23,(anonymous_15)
FN:26,(anonymous_16)
FN:26,(anonymous_17)
FN:26,(anonymous_18)
FN:28,(anonymous_19)
FN:31,(anonymous_20)
FN:31,(anonymous_21)
FN:31,(anonymous_22)
FN:33,(anonymous_23)
FN:36,(anonymous_24)
FN:36,(anonymous_25)
FN:36,(anonymous_26)
FN:38,(anonymous_27)
FN:41,(anonymous_28)
FN:41,(anonymous_29)
FN:43,(anonymous_30)
FN:56,App
FN:58,(anonymous_32)
FN:87,(anonymous_33)
FN:94,(anonymous_34)
FNF:35
FNH:0
FNDA:0,(anonymous_0)
FNDA:0,(anonymous_1)
FNDA:0,(anonymous_2)
FNDA:0,(anonymous_3)
FNDA:0,(anonymous_4)
FNDA:0,(anonymous_5)
FNDA:0,(anonymous_6)
FNDA:0,(anonymous_7)
FNDA:0,(anonymous_8)
FNDA:0,(anonymous_9)
FNDA:0,(anonymous_10)
FNDA:0,(anonymous_11)
FNDA:0,(anonymous_12)
FNDA:0,(anonymous_13)
FNDA:0,(anonymous_14)
FNDA:0,(anonymous_15)
FNDA:0,(anonymous_16)
FNDA:0,(anonymous_17)
FNDA:0,(anonymous_18)
FNDA:0,(anonymous_19)
FNDA:0,(anonymous_20)
FNDA:0,(anonymous_21)
FNDA:0,(anonymous_22)
FNDA:0,(anonymous_23)
FNDA:0,(anonymous_24)
FNDA:0,(anonymous_25)
FNDA:0,(anonymous_26)
FNDA:0,(anonymous_27)
FNDA:0,(anonymous_28)
FNDA:0,(anonymous_29)
FNDA:0,(anonymous_30)
FNDA:0,App
FNDA:0,(anonymous_32)
FNDA:0,(anonymous_33)
FNDA:0,(anonymous_34)
DA:6,0
DA:7,0
DA:8,0
DA:11,0
DA:12,0
DA:13,0
DA:16,0
DA:17,0
DA:18,0
DA:21,0
DA:22,0
DA:23,0
DA:26,0
DA:27,0
DA:28,0
DA:31,0
DA:32,0
DA:33,0
DA:36,0
DA:37,0
DA:38,0
DA:41,0
DA:42,0
DA:43,0
DA:58,0
DA:60,0
DA:61,0
DA:62,0
DA:66,0
DA:67,0
DA:73,0
DA:74,0
DA:77,0
DA:81,0
DA:82,0
DA:86,0
DA:87,0
DA:88,0
DA:89,0
DA:91,0
DA:94,0
DA:95,0
DA:96,0
DA:102,0
DA:104,0
DA:105,0
DA:106,0
DA:112,0
DA:114,0
DA:115,0
DA:118,0
LF:51
LH:0
BRDA:60,0,0,0
BRDA:60,0,1,0
BRDA:73,1,0,0
BRDA:73,1,1,0
BRDA:81,2,0,0
BRDA:81,2,1,0
BRDA:81,3,0,0
BRDA:81,3,1,0
BRDA:88,4,0,0
BRDA:88,4,1,0
BRDA:91,5,0,0
BRDA:91,5,1,0
BRDA:95,6,0,0
BRDA:95,6,1,0
BRDA:95,7,0,0
BRDA:95,7,1,0
BRDA:104,8,0,0
BRDA:104,8,1,0
BRDA:105,9,0,0
BRDA:105,9,1,0
BRDA:114,10,0,0
BRDA:114,10,1,0
BRF:22
BRH:0
end_of_record
TN:
SF:src\worker.ts
FN:39,(anonymous_0)
FN:192,(anonymous_1)
FN:205,(anonymous_2)
FN:213,(anonymous_3)
FN:225,(anonymous_4)
FN:231,(anonymous_5)
FN:268,(anonymous_6)
FN:342,handleRegister
FN:470,handleLogin
FN:565,handleGetMe
FN:623,handleRefreshToken
FN:662,handleOnboard
FN:716,handleHealth
FNF:13
FNH:0
FNDA:0,(anonymous_0)
FNDA:0,(anonymous_1)
FNDA:0,(anonymous_2)
FNDA:0,(anonymous_3)
FNDA:0,(anonymous_4)
FNDA:0,(anonymous_5)
FNDA:0,(anonymous_6)
FNDA:0,handleRegister
FNDA:0,handleLogin
FNDA:0,handleGetMe
FNDA:0,handleRefreshToken
FNDA:0,handleOnboard
FNDA:0,handleHealth
DA:41,0
DA:42,0
DA:44,0
DA:55,0
DA:56,0
DA:57,0
DA:63,0
DA:64,0
DA:68,0
DA:69,0
DA:76,0
DA:80,0
DA:83,0
DA:86,0
DA:89,0
DA:92,0
DA:104,0
DA:112,0
DA:113,0
DA:114,0
DA:116,0
DA:128,0
DA:129,0
DA:130,0
DA:135,0
DA:142,0
DA:143,0
DA:151,0
DA:152,0
DA:155,0
DA:158,0
DA:161,0
DA:164,0
DA:167,0
DA:172,0
DA:177,0
DA:182,0
DA:183,0
DA:185,0
DA:189,0
DA:190,0
DA:192,0
DA:194,0
DA:195,0
DA:196,0
DA:197,0
DA:199,0
DA:202,0
DA:203,0
DA:205,0
DA:206,0
DA:208,0
DA:209,0
DA:210,0
DA:211,0
DA:213,0
DA:214,0
DA:216,0
DA:218,0
DA:223,0
DA:225,0
DA:226,0
DA:228,0
DA:229,0
DA:231,0
DA:232,0
DA:233,0
DA:234,0
DA:235,0
DA:236,0
DA:237,0
DA:238,0
DA:239,0
DA:241,0
DA:247,0
DA:248,0
DA:249,0
DA:250,0
DA:252,0
DA:253,0
DA:254,0
DA:255,0
DA:256,0
DA:257,0
DA:258,0
DA:259,0
DA:261,0
DA:266,0
DA:268,0
DA:269,0
DA:270,0
DA:271,0
DA:272,0
DA:273,0
DA:274,0
DA:276,0
DA:282,0
DA:283,0
DA:284,0
DA:285,0
DA:287,0
DA:288,0
DA:296,0
DA:298,0
DA:299,0
DA:301,0
DA:302,0
DA:305,0
DA:312,0
DA:313,0
DA:315,0
DA:319,0
DA:330,0
DA:333,0
DA:334,0
DA:336,0
DA:343,0
DA:345,0
DA:346,0
DA:347,0
DA:350,0
DA:351,0
DA:358,0
DA:359,0
DA:366,0
DA:367,0
DA:368,0
DA:375,0
DA:376,0
DA:377,0
DA:384,0
DA:385,0
DA:392,0
DA:393,0
DA:394,0
DA:401,0
DA:404,0
DA:414,0
DA:415,0
DA:422,0
DA:430,0
DA:437,0
DA:439,0
DA:440,0
DA:458,0
DA:462,0
DA:471,0
DA:473,0
DA:474,0
DA:475,0
DA:478,0
DA:479,0
DA:486,0
DA:487,0
DA:488,0
DA:492,0
DA:499,0
DA:500,0
DA:501,0
DA:506,0
DA:513,0
DA:521,0
DA:528,0
DA:530,0
DA:535,0
DA:536,0
DA:553,0
DA:557,0
DA:566,0
DA:568,0
DA:570,0
DA:571,0
DA:573,0
DA:574,0
DA:580,0
DA:582,0
DA:583,0
DA:590,0
DA:591,0
DA:592,0
DA:598,0
DA:611,0
DA:615,0
DA:624,0
DA:626,0
DA:627,0
DA:628,0
DA:630,0
DA:631,0
DA:638,0
DA:640,0
DA:650,0
DA:654,0
DA:663,0
DA:665,0
DA:667,0
DA:668,0
DA:670,0
DA:671,0
DA:677,0
DA:679,0
DA:680,0
DA:687,0
DA:689,0
DA:692,0
DA:693,0
DA:704,0
DA:708,0
DA:717,0
DA:719,0
DA:721,0
DA:724,0
DA:735,0
DA:737,0
DA:742,0
DA:746,0
LF:216
LH:0
BRDA:56,0,0,0
BRDA:56,0,1,0
BRDA:63,1,0,0
BRDA:63,1,1,0
BRDA:68,2,0,0
BRDA:68,2,1,0
BRDA:129,3,0,0
BRDA:129,3,1,0
BRDA:132,4,0,0
BRDA:132,4,1,0
BRDA:133,5,0,0
BRDA:133,5,1,0
BRDA:142,6,0,0
BRDA:142,6,1,0
BRDA:164,7,0,0
BRDA:164,7,1,0
BRDA:189,8,0,0
BRDA:189,8,1,0
BRDA:190,9,0,0
BRDA:190,9,1,0
BRDA:190,10,0,0
BRDA:190,10,1,0
BRDA:194,11,0,0
BRDA:194,11,1,0
BRDA:194,12,0,0
BRDA:194,12,1,0
BRDA:196,13,0,0
BRDA:196,13,1,0
BRDA:196,14,0,0
BRDA:196,14,1,0
BRDA:203,15,0,0
BRDA:203,15,1,0
BRDA:209,16,0,0
BRDA:209,16,1,0
BRDA:209,17,0,0
BRDA:209,17,1,0
BRDA:211,18,0,0
BRDA:211,18,1,0
BRDA:211,19,0,0
BRDA:211,19,1,0
BRDA:223,20,0,0
BRDA:223,20,1,0
BRDA:229,21,0,0
BRDA:229,21,1,0
BRDA:232,22,0,0
BRDA:232,22,1,0
BRDA:232,23,0,0
BRDA:232,23,1,0
BRDA:234,24,0,0
BRDA:234,24,1,0
BRDA:234,25,0,0
BRDA:234,25,1,0
BRDA:236,26,0,0
BRDA:236,26,1,0
BRDA:236,27,0,0
BRDA:236,27,1,0
BRDA:238,28,0,0
BRDA:238,28,1,0
BRDA:238,29,0,0
BRDA:238,29,1,0
BRDA:248,30,0,0
BRDA:248,30,1,0
BRDA:248,31,0,0
BRDA:248,31,1,0
BRDA:250,32,0,0
BRDA:250,32,1,0
BRDA:252,33,0,0
BRDA:252,33,1,0
BRDA:252,34,0,0
BRDA:252,34,1,0
BRDA:254,35,0,0
BRDA:254,35,1,0
BRDA:254,36,0,0
BRDA:254,36,1,0
BRDA:256,37,0,0
BRDA:256,37,1,0
BRDA:256,38,0,0
BRDA:256,38,1,0
BRDA:258,39,0,0
BRDA:258,39,1,0
BRDA:258,40,0,0
BRDA:258,40,1,0
BRDA:266,41,0,0
BRDA:266,41,1,0
BRDA:269,42,0,0
BRDA:269,42,1,0
BRDA:269,43,0,0
BRDA:269,43,1,0
BRDA:271,44,0,0
BRDA:271,44,1,0
BRDA:271,45,0,0
BRDA:271,45,1,0
BRDA:273,46,0,0
BRDA:273,46,1,0
BRDA:273,47,0,0
BRDA:273,47,1,0
BRDA:283,48,0,0
BRDA:283,48,1,0
BRDA:283,49,0,0
BRDA:283,49,1,0
BRDA:285,50,0,0
BRDA:285,50,1,0
BRDA:285,51,0,0
BRDA:285,51,1,0
BRDA:296,52,0,0
BRDA:296,52,1,0
BRDA:296,53,0,0
BRDA:296,53,1,0
BRDA:299,54,0,0
BRDA:299,54,1,0
BRDA:299,55,0,0
BRDA:299,55,1,0
BRDA:350,56,0,0
BRDA:350,56,1,0
BRDA:350,57,0,0
BRDA:350,57,1,0
BRDA:350,57,2,0
BRDA:350,57,3,0
BRDA:358,58,0,0
BRDA:358,58,1,0
BRDA:367,59,0,0
BRDA:367,59,1,0
BRDA:376,60,0,0
BRDA:376,60,1,0
BRDA:384,61,0,0
BRDA:384,61,1,0
BRDA:393,62,0,0
BRDA:393,62,1,0
BRDA:478,63,0,0
BRDA:478,63,1,0
BRDA:478,64,0,0
BRDA:478,64,1,0
BRDA:487,65,0,0
BRDA:487,65,1,0
BRDA:500,66,0,0
BRDA:500,66,1,0
BRDA:573,67,0,0
BRDA:573,67,1,0
BRDA:582,68,0,0
BRDA:582,68,1,0
BRDA:582,69,0,0
BRDA:582,69,1,0
BRDA:591,70,0,0
BRDA:591,70,1,0
BRDA:605,71,0,0
BRDA:605,71,1,0
BRDA:630,72,0,0
BRDA:630,72,1,0
BRDA:670,73,0,0
BRDA:670,73,1,0
BRDA:679,74,0,0
BRDA:679,74,1,0
BRDA:679,75,0,0
BRDA:679,75,1,0
BRDA:725,76,0,0
BRDA:725,76,1,0
BRDA:725,77,0,0
BRDA:725,77,1,0
BRDA:725,77,2,0
BRDA:728,78,0,0
BRDA:728,78,1,0
BRDA:729,79,0,0
BRDA:729,79,1,0
BRDA:730,80,0,0
BRDA:730,80,1,0
BRDA:735,81,0,0
BRDA:735,81,1,0
BRF:167
BRH:0
end_of_record
TN:
SF:src\agents\analytics.ts
FN:47,(anonymous_0)
FN:63,(anonymous_1)
FN:66,(anonymous_2)
FN:75,(anonymous_3)
FN:85,(anonymous_4)
FN:93,(anonymous_5)
FN:94,(anonymous_6)
FN:97,(anonymous_7)
FN:107,(anonymous_8)
FN:138,(anonymous_9)
FN:156,(anonymous_10)
FN:178,(anonymous_11)
FN:191,(anonymous_12)
FNF:13
FNH:0
FNDA:0,(anonymous_0)
FNDA:0,(anonymous_1)
FNDA:0,(anonymous_2)
FNDA:0,(anonymous_3)
FNDA:0,(anonymous_4)
FNDA:0,(anonymous_5)
FNDA:0,(anonymous_6)
FNDA:0,(anonymous_7)
FNDA:0,(anonymous_8)
FNDA:0,(anonymous_9)
FNDA:0,(anonymous_10)
FNDA:0,(anonymous_11)
FNDA:0,(anonymous_12)
DA:48,0
DA:50,0
DA:51,0
DA:53,0
DA:54,0
DA:55,0
DA:58,0
DA:60,0
DA:64,0
DA:66,0
DA:75,0
DA:85,0
DA:93,0
DA:94,0
DA:98,0
DA:99,0
DA:101,0
DA:108,0
DA:110,0
DA:139,0
DA:141,0
DA:142,0
DA:148,0
DA:149,0
DA:151,0
DA:152,0
DA:157,0
DA:159,0
DA:160,0
DA:170,0
DA:171,0
DA:173,0
DA:174,0
DA:179,0
DA:181,0
DA:182,0
DA:183,0
DA:184,0
DA:186,0
DA:187,0
DA:192,0
DA:194,0
DA:195,0
DA:197,0
DA:199,0
DA:201,0
DA:203,0
DA:205,0
DA:207,0
DA:208,0
DA:211,0
DA:212,0
LF:52
LH:0
BRDA:51,0,0,0
BRDA:51,0,1,0
BRDA:53,1,0,0
BRDA:53,1,1,0
BRDA:98,2,0,0
BRDA:98,2,1,0
BRDA:195,3,0,0
BRDA:195,3,1,0
BRDA:195,3,2,0
BRDA:195,3,3,0
BRDA:195,3,4,0
BRDA:195,3,5,0
BRF:12
BRH:0
end_of_record
TN:
SF:src\agents\cmo.ts
FN:47,(anonymous_0)
FN:63,(anonymous_1)
FN:66,(anonymous_2)
FN:75,(anonymous_3)
FN:85,(anonymous_4)
FN:93,(anonymous_5)
FN:94,(anonymous_6)
FN:97,(anonymous_7)
FN:107,(anonymous_8)
FN:138,(anonymous_9)
FN:156,(anonymous_10)
FN:178,(anonymous_11)
FN:191,(anonymous_12)
FNF:13
FNH:0
FNDA:0,(anonymous_0)
FNDA:0,(anonymous_1)
FNDA:0,(anonymous_2)
FNDA:0,(anonymous_3)
FNDA:0,(anonymous_4)
FNDA:0,(anonymous_5)
FNDA:0,(anonymous_6)
FNDA:0,(anonymous_7)
FNDA:0,(anonymous_8)
FNDA:0,(anonymous_9)
FNDA:0,(anonymous_10)
FNDA:0,(anonymous_11)
FNDA:0,(anonymous_12)
DA:48,0
DA:50,0
DA:51,0
DA:53,0
DA:54,0
DA:55,0
DA:58,0
DA:60,0
DA:64,0
DA:66,0
DA:75,0
DA:85,0
DA:93,0
DA:94,0
DA:98,0
DA:99,0
DA:101,0
DA:108,0
DA:110,0
DA:139,0
DA:141,0
DA:142,0
DA:148,0
DA:149,0
DA:151,0
DA:152,0
DA:157,0
DA:159,0
DA:160,0
DA:170,0
DA:171,0
DA:173,0
DA:174,0
DA:179,0
DA:181,0
DA:182,0
DA:183,0
DA:184,0
DA:186,0
DA:187,0
DA:192,0
DA:194,0
DA:195,0
DA:197,0
DA:199,0
DA:201,0
DA:203,0
DA:205,0
DA:207,0
DA:208,0
DA:211,0
DA:212,0
LF:52
LH:0
BRDA:51,0,0,0
BRDA:51,0,1,0
BRDA:53,1,0,0
BRDA:53,1,1,0
BRDA:98,2,0,0
BRDA:98,2,1,0
BRDA:195,3,0,0
BRDA:195,3,1,0
BRDA:195,3,2,0
BRDA:195,3,3,0
BRDA:195,3,4,0
BRDA:195,3,5,0
BRF:12
BRH:0
end_of_record
TN:
SF:src\agents\compliance.ts
FN:47,(anonymous_0)
FN:63,(anonymous_1)
FN:66,(anonymous_2)
FN:75,(anonymous_3)
FN:85,(anonymous_4)
FN:93,(anonymous_5)
FN:94,(anonymous_6)
FN:97,(anonymous_7)
FN:107,(anonymous_8)
FN:138,(anonymous_9)
FN:156,(anonymous_10)
FN:178,(anonymous_11)
FN:191,(anonymous_12)
FNF:13
FNH:0
FNDA:0,(anonymous_0)
FNDA:0,(anonymous_1)
FNDA:0,(anonymous_2)
FNDA:0,(anonymous_3)
FNDA:0,(anonymous_4)
FNDA:0,(anonymous_5)
FNDA:0,(anonymous_6)
FNDA:0,(anonymous_7)
FNDA:0,(anonymous_8)
FNDA:0,(anonymous_9)
FNDA:0,(anonymous_10)
FNDA:0,(anonymous_11)
FNDA:0,(anonymous_12)
DA:48,0
DA:50,0
DA:51,0
DA:53,0
DA:54,0
DA:55,0
DA:58,0
DA:60,0
DA:64,0
DA:66,0
DA:75,0
DA:85,0
DA:93,0
DA:94,0
DA:98,0
DA:99,0
DA:101,0
DA:108,0
DA:110,0
DA:139,0
DA:141,0
DA:142,0
DA:148,0
DA:149,0
DA:151,0
DA:152,0
DA:157,0
DA:159,0
DA:160,0
DA:170,0
DA:171,0
DA:173,0
DA:174,0
DA:179,0
DA:181,0
DA:182,0
DA:183,0
DA:184,0
DA:186,0
DA:187,0
DA:192,0
DA:194,0
DA:195,0
DA:197,0
DA:199,0
DA:201,0
DA:203,0
DA:205,0
DA:207,0
DA:208,0
DA:211,0
DA:212,0
LF:52
LH:0
BRDA:51,0,0,0
BRDA:51,0,1,0
BRDA:53,1,0,0
BRDA:53,1,1,0
BRDA:98,2,0,0
BRDA:98,2,1,0
BRDA:195,3,0,0
BRDA:195,3,1,0
BRDA:195,3,2,0
BRDA:195,3,3,0
BRDA:195,3,4,0
BRDA:195,3,5,0
BRF:12
BRH:0
end_of_record
TN:
SF:src\agents\creative.ts
FN:47,(anonymous_0)
FN:63,(anonymous_1)
FN:66,(anonymous_2)
FN:75,(anonymous_3)
FN:85,(anonymous_4)
FN:93,(anonymous_5)
FN:94,(anonymous_6)
FN:97,(anonymous_7)
FN:107,(anonymous_8)
FN:138,(anonymous_9)
FN:156,(anonymous_10)
FN:178,(anonymous_11)
FN:191,(anonymous_12)
FNF:13
FNH:0
FNDA:0,(anonymous_0)
FNDA:0,(anonymous_1)
FNDA:0,(anonymous_2)
FNDA:0,(anonymous_3)
FNDA:0,(anonymous_4)
FNDA:0,(anonymous_5)
FNDA:0,(anonymous_6)
FNDA:0,(anonymous_7)
FNDA:0,(anonymous_8)
FNDA:0,(anonymous_9)
FNDA:0,(anonymous_10)
FNDA:0,(anonymous_11)
FNDA:0,(anonymous_12)
DA:48,0
DA:50,0
DA:51,0
DA:53,0
DA:54,0
DA:55,0
DA:58,0
DA:60,0
DA:64,0
DA:66,0
DA:75,0
DA:85,0
DA:93,0
DA:94,0
DA:98,0
DA:99,0
DA:101,0
DA:108,0
DA:110,0
DA:139,0
DA:141,0
DA:142,0
DA:148,0
DA:149,0
DA:151,0
DA:152,0
DA:157,0
DA:159,0
DA:160,0
DA:170,0
DA:171,0
DA:173,0
DA:174,0
DA:179,0
DA:181,0
DA:182,0
DA:183,0
DA:184,0
DA:186,0
DA:187,0
DA:192,0
DA:194,0
DA:195,0
DA:197,0
DA:199,0
DA:201,0
DA:203,0
DA:205,0
DA:207,0
DA:208,0
DA:211,0
DA:212,0
LF:52
LH:0
BRDA:51,0,0,0
BRDA:51,0,1,0
BRDA:53,1,0,0
BRDA:53,1,1,0
BRDA:98,2,0,0
BRDA:98,2,1,0
BRDA:195,3,0,0
BRDA:195,3,1,0
BRDA:195,3,2,0
BRDA:195,3,3,0
BRDA:195,3,4,0
BRDA:195,3,5,0
BRF:12
BRH:0
end_of_record
TN:
SF:src\agents\influencer.ts
FN:47,(anonymous_0)
FN:63,(anonymous_1)
FN:66,(anonymous_2)
FN:75,(anonymous_3)
FN:85,(anonymous_4)
FN:93,(anonymous_5)
FN:94,(anonymous_6)
FN:97,(anonymous_7)
FN:107,(anonymous_8)
FN:138,(anonymous_9)
FN:156,(anonymous_10)
FN:178,(anonymous_11)
FN:191,(anonymous_12)
FNF:13
FNH:0
FNDA:0,(anonymous_0)
FNDA:0,(anonymous_1)
FNDA:0,(anonymous_2)
FNDA:0,(anonymous_3)
FNDA:0,(anonymous_4)
FNDA:0,(anonymous_5)
FNDA:0,(anonymous_6)
FNDA:0,(anonymous_7)
FNDA:0,(anonymous_8)
FNDA:0,(anonymous_9)
FNDA:0,(anonymous_10)
FNDA:0,(anonymous_11)
FNDA:0,(anonymous_12)
DA:48,0
DA:50,0
DA:51,0
DA:53,0
DA:54,0
DA:55,0
DA:58,0
DA:60,0
DA:64,0
DA:66,0
DA:75,0
DA:85,0
DA:93,0
DA:94,0
DA:98,0
DA:99,0
DA:101,0
DA:108,0
DA:110,0
DA:139,0
DA:141,0
DA:142,0
DA:148,0
DA:149,0
DA:151,0
DA:152,0
DA:157,0
DA:159,0
DA:160,0
DA:170,0
DA:171,0
DA:173,0
DA:174,0
DA:179,0
DA:181,0
DA:182,0
DA:183,0
DA:184,0
DA:186,0
DA:187,0
DA:192,0
DA:194,0
DA:195,0
DA:197,0
DA:199,0
DA:201,0
DA:203,0
DA:205,0
DA:207,0
DA:208,0
DA:211,0
DA:212,0
LF:52
LH:0
BRDA:51,0,0,0
BRDA:51,0,1,0
BRDA:53,1,0,0
BRDA:53,1,1,0
BRDA:98,2,0,0
BRDA:98,2,1,0
BRDA:195,3,0,0
BRDA:195,3,1,0
BRDA:195,3,2,0
BRDA:195,3,3,0
BRDA:195,3,4,0
BRDA:195,3,5,0
BRF:12
BRH:0
end_of_record
TN:
SF:src\agents\seo.ts
FN:47,(anonymous_0)
FN:63,(anonymous_1)
FN:66,(anonymous_2)
FN:75,(anonymous_3)
FN:85,(anonymous_4)
FN:93,(anonymous_5)
FN:94,(anonymous_6)
FN:97,(anonymous_7)
FN:107,(anonymous_8)
FN:138,(anonymous_9)
FN:156,(anonymous_10)
FN:178,(anonymous_11)
FN:191,(anonymous_12)
FNF:13
FNH:0
FNDA:0,(anonymous_0)
FNDA:0,(anonymous_1)
FNDA:0,(anonymous_2)
FNDA:0,(anonymous_3)
FNDA:0,(anonymous_4)
FNDA:0,(anonymous_5)
FNDA:0,(anonymous_6)
FNDA:0,(anonymous_7)
FNDA:0,(anonymous_8)
FNDA:0,(anonymous_9)
FNDA:0,(anonymous_10)
FNDA:0,(anonymous_11)
FNDA:0,(anonymous_12)
DA:48,0
DA:50,0
DA:51,0
DA:53,0
DA:54,0
DA:55,0
DA:58,0
DA:60,0
DA:64,0
DA:66,0
DA:75,0
DA:85,0
DA:93,0
DA:94,0
DA:98,0
DA:99,0
DA:101,0
DA:108,0
DA:110,0
DA:139,0
DA:141,0
DA:142,0
DA:148,0
DA:149,0
DA:151,0
DA:152,0
DA:157,0
DA:159,0
DA:160,0
DA:170,0
DA:171,0
DA:173,0
DA:174,0
DA:179,0
DA:181,0
DA:182,0
DA:183,0
DA:184,0
DA:186,0
DA:187,0
DA:192,0
DA:194,0
DA:195,0
DA:197,0
DA:199,0
DA:201,0
DA:203,0
DA:205,0
DA:207,0
DA:208,0
DA:211,0
DA:212,0
LF:52
LH:0
BRDA:51,0,0,0
BRDA:51,0,1,0
BRDA:53,1,0,0
BRDA:53,1,1,0
BRDA:98,2,0,0
BRDA:98,2,1,0
BRDA:195,3,0,0
BRDA:195,3,1,0
BRDA:195,3,2,0
BRDA:195,3,3,0
BRDA:195,3,4,0
BRDA:195,3,5,0
BRF:12
BRH:0
end_of_record
TN:
SF:src\components\AgentControlPanel.tsx
FN:49,AgentControlPanel
FN:78,(anonymous_1)
FN:82,(anonymous_2)
FN:103,(anonymous_3)
FN:139,(anonymous_4)
FN:206,(anonymous_5)
FN:224,(anonymous_6)
FN:232,(anonymous_7)
FN:235,(anonymous_8)
FN:245,(anonymous_9)
FN:248,(anonymous_10)
FN:258,(anonymous_11)
FN:261,(anonymous_12)
FN:271,(anonymous_13)
FN:280,(anonymous_14)
FN:343,(anonymous_15)
FN:361,(anonymous_16)
FN:369,(anonymous_17)
FN:372,(anonymous_18)
FN:382,(anonymous_19)
FN:390,(anonymous_20)
FN:404,(anonymous_21)
FN:409,(anonymous_22)
FN:418,(anonymous_23)
FN:452,(anonymous_24)
FN:569,(anonymous_25)
FN:589,(anonymous_26)
FN:595,(anonymous_27)
FNF:28
FNH:0
FNDA:0,AgentControlPanel
FNDA:0,(anonymous_1)
FNDA:0,(anonymous_2)
FNDA:0,(anonymous_3)
FNDA:0,(anonymous_4)
FNDA:0,(anonymous_5)
FNDA:0,(anonymous_6)
FNDA:0,(anonymous_7)
FNDA:0,(anonymous_8)
FNDA:0,(anonymous_9)
FNDA:0,(anonymous_10)
FNDA:0,(anonymous_11)
FNDA:0,(anonymous_12)
FNDA:0,(anonymous_13)
FNDA:0,(anonymous_14)
FNDA:0,(anonymous_15)
FNDA:0,(anonymous_16)
FNDA:0,(anonymous_17)
FNDA:0,(anonymous_18)
FNDA:0,(anonymous_19)
FNDA:0,(anonymous_20)
FNDA:0,(anonymous_21)
FNDA:0,(anonymous_22)
FNDA:0,(anonymous_23)
FNDA:0,(anonymous_24)
FNDA:0,(anonymous_25)
FNDA:0,(anonymous_26)
FNDA:0,(anonymous_27)
DA:50,0
DA:51,0
DA:52,0
DA:53,0
DA:54,0
DA:57,0
DA:68,0
DA:78,0
DA:79,0
DA:82,0
DA:83,0
DA:84,0
DA:85,0
DA:87,0
DA:94,0
DA:95,0
DA:96,0
DA:99,0
DA:103,0
DA:104,0
DA:105,0
DA:107,0
DA:108,0
DA:109,0
DA:110,0
DA:111,0
DA:114,0
DA:123,0
DA:125,0
DA:126,0
DA:127,0
DA:129,0
DA:132,0
DA:133,0
DA:135,0
DA:139,0
DA:140,0
DA:141,0
DA:143,0
DA:144,0
DA:145,0
DA:146,0
DA:147,0
DA:150,0
DA:159,0
DA:161,0
DA:162,0
DA:163,0
DA:165,0
DA:168,0
DA:169,0
DA:171,0
DA:175,0
DA:182,0
DA:190,0
DA:198,0
DA:206,0
DA:207,0
DA:224,0
DA:232,0
DA:236,0
DA:245,0
DA:249,0
DA:258,0
DA:262,0
DA:271,0
DA:280,0
DA:343,0
DA:344,0
DA:361,0
DA:369,0
DA:373,0
DA:382,0
DA:390,0
DA:405,0
DA:410,0
DA:411,0
DA:416,0
DA:418,0
DA:452,0
DA:453,0
DA:570,0
DA:583,0
DA:590,0
DA:591,0
DA:592,0
DA:595,0
LF:87
LH:0
BRDA:85,0,0,0
BRDA:85,0,1,0
BRDA:94,1,0,0
BRDA:94,1,1,0
BRDA:109,2,0,0
BRDA:109,2,1,0
BRDA:125,3,0,0
BRDA:125,3,1,0
BRDA:129,4,0,0
BRDA:129,4,1,0
BRDA:145,5,0,0
BRDA:145,5,1,0
BRDA:161,6,0,0
BRDA:161,6,1,0
BRDA:165,7,0,0
BRDA:165,7,1,0
BRDA:291,8,0,0
BRDA:291,8,1,0
BRDA:301,9,0,0
BRDA:301,9,1,0
BRDA:309,10,0,0
BRDA:309,10,1,0
BRDA:320,11,0,0
BRDA:320,11,1,0
BRDA:328,12,0,0
BRDA:328,12,1,0
BRDA:410,13,0,0
BRDA:410,13,1,0
BRDA:432,14,0,0
BRDA:432,14,1,0
BRDA:432,14,2,0
BRDA:442,15,0,0
BRDA:442,15,1,0
BRDA:461,16,0,0
BRDA:461,16,1,0
BRDA:515,17,0,0
BRDA:515,17,1,0
BRDA:597,18,0,0
BRDA:597,18,1,0
BRDA:614,19,0,0
BRDA:614,19,1,0
BRDA:615,20,0,0
BRDA:615,20,1,0
BRDA:616,21,0,0
BRDA:616,21,1,0
BRDA:617,22,0,0
BRDA:617,22,1,0
BRF:47
BRH:0
end_of_record
TN:
SF:src\components\Analytics.tsx
FN:40,Analytics
FN:52,(anonymous_1)
FN:54,(anonymous_2)
FN:59,(anonymous_3)
FN:80,(anonymous_4)
FN:110,(anonymous_5)
FN:118,(anonymous_6)
FN:126,(anonymous_7)
FN:138,(anonymous_8)
FN:149,(anonymous_9)
FN:174,(anonymous_10)
FN:177,(anonymous_11)
FN:190,(anonymous_12)
FN:196,(anonymous_13)
FN:249,(anonymous_14)
FN:265,(anonymous_15)
FN:268,(anonymous_16)
FN:348,(anonymous_17)
FN:403,(anonymous_18)
FN:425,useAnalytics
FN:429,(anonymous_20)
FNF:21
FNH:0
FNDA:0,Analytics
FNDA:0,(anonymous_1)
FNDA:0,(anonymous_2)
FNDA:0,(anonymous_3)
FNDA:0,(anonymous_4)
FNDA:0,(anonymous_5)
FNDA:0,(anonymous_6)
FNDA:0,(anonymous_7)
FNDA:0,(anonymous_8)
FNDA:0,(anonymous_9)
FNDA:0,(anonymous_10)
FNDA:0,(anonymous_11)
FNDA:0,(anonymous_12)
FNDA:0,(anonymous_13)
FNDA:0,(anonymous_14)
FNDA:0,(anonymous_15)
FNDA:0,(anonymous_16)
FNDA:0,(anonymous_17)
FNDA:0,(anonymous_18)
FNDA:0,useAnalytics
FNDA:0,(anonymous_20)
DA:41,0
DA:42,0
DA:43,0
DA:44,0
DA:45,0
DA:47,0
DA:52,0
DA:53,0
DA:54,0
DA:59,0
DA:60,0
DA:65,0
DA:67,0
DA:70,0
DA:72,0
DA:76,0
DA:80,0
DA:81,0
DA:87,0
DA:88,0
DA:89,0
DA:91,0
DA:92,0
DA:93,0
DA:100,0
DA:106,0
DA:110,0
DA:111,0
DA:116,0
DA:118,0
DA:119,0
DA:123,0
DA:126,0
DA:127,0
DA:128,0
DA:129,0
DA:131,0
DA:138,0
DA:139,0
DA:143,0
DA:146,0
DA:149,0
DA:150,0
DA:156,0
DA:159,0
DA:160,0
DA:163,0
DA:164,0
DA:166,0
DA:174,0
DA:175,0
DA:177,0
DA:178,0
DA:180,0
DA:190,0
DA:191,0
DA:192,0
DA:193,0
DA:196,0
DA:197,0
DA:198,0
DA:199,0
DA:200,0
DA:201,0
DA:205,0
DA:206,0
DA:216,0
DA:217,0
DA:227,0
DA:249,0
DA:266,0
DA:268,0
DA:349,0
DA:404,0
DA:426,0
DA:427,0
DA:429,0
DA:430,0
DA:434,0
DA:436,0
DA:437,0
DA:438,0
DA:440,0
DA:441,0
DA:442,0
DA:444,0
DA:446,0
DA:450,0
DA:452,0
DA:456,0
LF:90
LH:0
BRDA:72,0,0,0
BRDA:72,0,1,0
BRDA:91,1,0,0
BRDA:91,1,1,0
BRDA:100,2,0,0
BRDA:100,2,1,0
BRDA:131,3,0,0
BRDA:131,3,1,0
BRDA:139,4,0,0
BRDA:139,4,1,0
BRDA:156,5,0,0
BRDA:156,5,1,0
BRDA:156,5,2,0
BRDA:156,5,3,0
BRDA:175,6,0,0
BRDA:175,6,1,0
BRDA:178,7,0,0
BRDA:178,7,1,0
BRDA:191,8,0,0
BRDA:191,8,1,0
BRDA:192,9,0,0
BRDA:192,9,1,0
BRDA:197,10,0,0
BRDA:197,10,1,0
BRDA:197,10,2,0
BRDA:197,10,3,0
BRDA:205,11,0,0
BRDA:205,11,1,0
BRDA:216,12,0,0
BRDA:216,12,1,0
BRDA:239,13,0,0
BRDA:239,13,1,0
BRDA:242,14,0,0
BRDA:242,14,1,0
BRDA:244,15,0,0
BRDA:244,15,1,0
BRDA:270,16,0,0
BRDA:270,16,1,0
BRDA:283,17,0,0
BRDA:283,17,1,0
BRDA:344,18,0,0
BRDA:344,18,1,0
BRDA:374,19,0,0
BRDA:374,19,1,0
BRDA:429,20,0,0
BRDA:440,21,0,0
BRDA:440,21,1,0
BRDA:446,22,0,0
BRDA:446,22,1,0
BRF:49
BRH:0
end_of_record
TN:
SF:src\components\ApiStatus.tsx
FN:6,ApiStatus
FN:35,(anonymous_1)
FNF:2
FNH:0
FNDA:0,ApiStatus
FNDA:0,(anonymous_1)
DA:7,0
DA:9,0
DA:10,0
DA:13,0
DA:35,0
LF:5
LH:0
BRDA:9,0,0,0
BRDA:9,0,1,0
BRDA:17,1,0,0
BRDA:17,1,1,0
BRDA:19,2,0,0
BRDA:19,2,1,0
BRDA:30,3,0,0
BRDA:30,3,1,0
BRDA:31,4,0,0
BRDA:31,4,1,0
BRDA:31,5,0,0
BRDA:31,5,1,0
BRDA:32,6,0,0
BRDA:32,6,1,0
BRF:14
BRH:0
end_of_record
TN:
SF:src\components\BoostDashboard.tsx
FN:39,BoostDashboard
FN:49,(anonymous_1)
FN:53,(anonymous_2)
FN:65,(anonymous_3)
FN:83,(anonymous_4)
FN:95,(anonymous_5)
FN:113,(anonymous_6)
FN:126,(anonymous_7)
FN:133,(anonymous_8)
FN:141,(anonymous_9)
FN:147,(anonymous_10)
FN:153,(anonymous_11)
FN:183,(anonymous_12)
FN:205,(anonymous_13)
FN:208,(anonymous_14)
FN:288,(anonymous_15)
FN:334,(anonymous_16)
FN:343,(anonymous_17)
FN:352,(anonymous_18)
FN:366,(anonymous_19)
FN:408,(anonymous_20)
FN:424,useBoostData
FN:428,(anonymous_22)
FNF:23
FNH:22
FNDA:172,BoostDashboard
FNDA:33,(anonymous_1)
FNDA:33,(anonymous_2)
FNDA:33,(anonymous_3)
FNDA:4,(anonymous_4)
FNDA:5,(anonymous_5)
FNDA:5,(anonymous_6)
FNDA:5,(anonymous_7)
FNDA:4,(anonymous_8)
FNDA:176,(anonymous_9)
FNDA:88,(anonymous_10)
FNDA:88,(anonymous_11)
FNDA:57,(anonymous_12)
FNDA:414,(anonymous_13)
FNDA:7,(anonymous_14)
FNDA:0,(anonymous_15)
FNDA:3,(anonymous_16)
FNDA:1,(anonymous_17)
FNDA:1,(anonymous_18)
FNDA:4,(anonymous_19)
FNDA:396,(anonymous_20)
FNDA:18,useBoostData
FNDA:6,(anonymous_22)
DA:40,172
DA:41,171
DA:42,171
DA:43,171
DA:44,171
DA:45,171
DA:47,171
DA:49,171
DA:50,33
DA:53,171
DA:54,33
DA:55,33
DA:57,33
DA:58,33
DA:65,33
DA:69,31
DA:71,31
DA:72,29
DA:73,29
DA:74,29
DA:77,2
DA:79,33
DA:83,171
DA:84,4
DA:85,4
DA:87,4
DA:88,4
DA:95,5
DA:99,3
DA:101,3
DA:102,3
DA:103,3
DA:104,3
DA:107,1
DA:109,4
DA:113,171
DA:114,5
DA:116,5
DA:117,5
DA:126,5
DA:130,4
DA:132,4
DA:133,4
DA:134,4
DA:137,1
DA:141,171
DA:142,176
DA:143,0
DA:144,0
DA:147,171
DA:148,88
DA:149,0
DA:150,0
DA:153,171
DA:154,88
DA:157,171
DA:158,33
DA:168,138
DA:183,57
DA:206,414
DA:208,7
DA:289,0
DA:334,3
DA:343,1
DA:352,1
DA:367,4
DA:409,396
DA:425,18
DA:426,18
DA:428,18
DA:429,6
DA:430,6
DA:432,6
DA:433,6
DA:441,5
DA:443,5
DA:444,4
DA:445,4
DA:447,1
DA:449,1
DA:450,1
DA:452,6
DA:456,18
LF:83
LH:78
BRDA:71,0,0,29
BRDA:71,0,1,2
BRDA:101,1,0,3
BRDA:101,1,1,0
BRDA:132,2,0,4
BRDA:132,2,1,0
BRDA:142,3,0,176
BRDA:142,3,1,0
BRDA:143,4,0,0
BRDA:143,4,1,0
BRDA:148,5,0,88
BRDA:148,5,1,0
BRDA:149,6,0,0
BRDA:149,6,1,0
BRDA:154,7,0,88
BRDA:154,7,1,0
BRDA:157,8,0,33
BRDA:157,8,1,138
BRDA:157,9,0,171
BRDA:157,9,1,37
BRDA:210,10,0,138
BRDA:210,10,1,276
BRDA:223,11,0,138
BRDA:223,11,1,127
BRDA:223,11,2,88
BRDA:268,12,0,87
BRDA:268,12,1,1
BRDA:280,13,0,138
BRDA:280,13,1,0
BRDA:317,14,0,0
BRDA:317,14,1,0
BRDA:328,15,0,138
BRDA:328,15,1,11
BRDA:362,16,0,11
BRDA:362,16,1,4
BRDA:374,17,0,4
BRDA:374,17,1,0
BRDA:375,18,0,0
BRDA:375,18,1,0
BRDA:382,19,0,4
BRDA:382,19,1,0
BRDA:383,20,0,0
BRDA:383,20,1,0
BRDA:404,21,0,138
BRDA:404,21,1,99
BRDA:404,21,2,99
BRDA:428,22,0,2
BRDA:443,23,0,4
BRDA:443,23,1,1
BRF:49
BRH:31
end_of_record
TN:
SF:src\components\ContentGenerator.tsx
FN:59,ContentGenerator
FN:82,(anonymous_1)
FN:83,(anonymous_2)
FN:86,(anonymous_3)
FN:91,(anonymous_4)
FN:130,(anonymous_5)
FN:135,(anonymous_6)
FN:151,(anonymous_7)
FN:152,(anonymous_8)
FN:157,(anonymous_9)
FN:185,(anonymous_10)
FN:185,(anonymous_11)
FN:201,(anonymous_12)
FN:201,(anonymous_13)
FN:213,(anonymous_14)
FN:220,(anonymous_15)
FN:243,(anonymous_16)
FN:243,(anonymous_17)
FN:246,(anonymous_18)
FN:262,(anonymous_19)
FN:262,(anonymous_20)
FN:265,(anonymous_21)
FN:281,(anonymous_22)
FN:281,(anonymous_23)
FN:284,(anonymous_24)
FN:323,(anonymous_25)
FN:341,(anonymous_26)
FN:370,(anonymous_27)
FNF:28
FNH:0
FNDA:0,ContentGenerator
FNDA:0,(anonymous_1)
FNDA:0,(anonymous_2)
FNDA:0,(anonymous_3)
FNDA:0,(anonymous_4)
FNDA:0,(anonymous_5)
FNDA:0,(anonymous_6)
FNDA:0,(anonymous_7)
FNDA:0,(anonymous_8)
FNDA:0,(anonymous_9)
FNDA:0,(anonymous_10)
FNDA:0,(anonymous_11)
FNDA:0,(anonymous_12)
FNDA:0,(anonymous_13)
FNDA:0,(anonymous_14)
FNDA:0,(anonymous_15)
FNDA:0,(anonymous_16)
FNDA:0,(anonymous_17)
FNDA:0,(anonymous_18)
FNDA:0,(anonymous_19)
FNDA:0,(anonymous_20)
FNDA:0,(anonymous_21)
FNDA:0,(anonymous_22)
FNDA:0,(anonymous_23)
FNDA:0,(anonymous_24)
FNDA:0,(anonymous_25)
FNDA:0,(anonymous_26)
FNDA:0,(anonymous_27)
DA:29,0
DA:36,0
DA:44,0
DA:53,0
DA:60,0
DA:69,0
DA:70,0
DA:71,0
DA:72,0
DA:73,0
DA:75,0
DA:82,0
DA:83,0
DA:86,0
DA:91,0
DA:92,0
DA:93,0
DA:94,0
DA:95,0
DA:98,0
DA:99,0
DA:101,0
DA:102,0
DA:103,0
DA:104,0
DA:107,0
DA:116,0
DA:117,0
DA:118,0
DA:121,0
DA:122,0
DA:124,0
DA:126,0
DA:130,0
DA:131,0
DA:132,0
DA:135,0
DA:136,0
DA:137,0
DA:138,0
DA:140,0
DA:149,0
DA:151,0
DA:152,0
DA:153,0
DA:156,0
DA:157,0
DA:161,0
DA:165,0
DA:185,0
DA:201,0
DA:214,0
DA:215,0
DA:216,0
DA:220,0
DA:243,0
DA:247,0
DA:262,0
DA:266,0
DA:281,0
DA:285,0
DA:324,0
DA:325,0
DA:341,0
DA:370,0
LF:65
LH:0
BRDA:85,0,0,0
BRDA:85,0,1,0
BRDA:93,1,0,0
BRDA:93,1,1,0
BRDA:93,2,0,0
BRDA:93,2,1,0
BRDA:103,3,0,0
BRDA:103,3,1,0
BRDA:116,4,0,0
BRDA:116,4,1,0
BRDA:118,5,0,0
BRDA:118,5,1,0
BRDA:124,6,0,0
BRDA:124,6,1,0
BRDA:138,7,0,0
BRDA:138,7,1,0
BRDA:149,8,0,0
BRDA:149,8,1,0
BRDA:153,9,0,0
BRDA:153,9,1,0
BRDA:156,10,0,0
BRDA:156,10,1,0
BRDA:157,11,0,0
BRDA:157,11,1,0
BRDA:200,12,0,0
BRDA:200,12,1,0
BRDA:222,13,0,0
BRDA:222,13,1,0
BRDA:293,14,0,0
BRDA:293,14,1,0
BRDA:302,15,0,0
BRDA:302,15,1,0
BRDA:302,15,2,0
BRDA:305,16,0,0
BRDA:305,16,1,0
BRDA:320,17,0,0
BRDA:320,17,1,0
BRDA:324,18,0,0
BRDA:324,18,1,0
BRDA:332,19,0,0
BRDA:332,19,1,0
BRDA:333,20,0,0
BRDA:333,20,1,0
BRDA:354,21,0,0
BRDA:354,21,1,0
BRDA:366,22,0,0
BRDA:366,22,1,0
BRF:47
BRH:0
end_of_record
TN:
SF:src\components\ContentPreview.tsx
FN:42,ContentPreview
FN:51,(anonymous_1)
FN:56,(anonymous_2)
FN:113,(anonymous_3)
FN:188,(anonymous_4)
FN:249,(anonymous_5)
FN:258,(anonymous_6)
FN:267,(anonymous_7)
FNF:8
FNH:0
FNDA:0,ContentPreview
FNDA:0,(anonymous_1)
FNDA:0,(anonymous_2)
FNDA:0,(anonymous_3)
FNDA:0,(anonymous_4)
FNDA:0,(anonymous_5)
FNDA:0,(anonymous_6)
FNDA:0,(anonymous_7)
DA:26,0
DA:34,0
DA:43,0
DA:44,0
DA:46,0
DA:48,0
DA:49,0
DA:51,0
DA:52,0
DA:56,0
DA:57,0
DA:58,0
DA:62,0
DA:113,0
DA:188,0
DA:249,0
DA:258,0
DA:267,0
LF:18
LH:0
BRDA:46,0,0,0
BRDA:46,0,1,0
BRDA:48,1,0,0
BRDA:48,1,1,0
BRDA:49,2,0,0
BRDA:49,2,1,0
BRDA:57,3,0,0
BRDA:57,3,1,0
BRDA:80,4,0,0
BRDA:80,4,1,0
BRDA:82,5,0,0
BRDA:82,5,1,0
BRDA:88,6,0,0
BRDA:88,6,1,0
BRDA:116,7,0,0
BRDA:116,7,1,0
BRDA:122,8,0,0
BRDA:122,8,1,0
BRDA:132,9,0,0
BRDA:132,9,1,0
BRDA:140,10,0,0
BRDA:140,10,1,0
BRDA:149,11,0,0
BRDA:149,11,1,0
BRDA:155,12,0,0
BRDA:155,12,1,0
BRDA:155,12,2,0
BRDA:164,13,0,0
BRDA:164,13,1,0
BRDA:183,14,0,0
BRDA:183,14,1,0
BRDA:183,14,2,0
BRDA:191,15,0,0
BRDA:191,15,1,0
BRDA:192,16,0,0
BRDA:192,16,1,0
BRDA:196,17,0,0
BRDA:196,17,1,0
BRDA:198,18,0,0
BRDA:198,18,1,0
BRDA:204,19,0,0
BRDA:204,19,1,0
BRDA:210,20,0,0
BRDA:210,20,1,0
BRDA:247,21,0,0
BRDA:247,21,1,0
BRDA:256,22,0,0
BRDA:256,22,1,0
BRDA:265,23,0,0
BRDA:265,23,1,0
BRF:50
BRH:0
end_of_record
TN:
SF:src\components\Dashboard.tsx
FN:14,Dashboard
FN:20,(anonymous_1)
FN:21,(anonymous_2)
FN:25,(anonymous_3)
FN:29,(anonymous_4)
FN:36,(anonymous_5)
FN:51,(anonymous_6)
FN:99,(anonymous_7)
FN:106,(anonymous_8)
FNF:9
FNH:0
FNDA:0,Dashboard
FNDA:0,(anonymous_1)
FNDA:0,(anonymous_2)
FNDA:0,(anonymous_3)
FNDA:0,(anonymous_4)
FNDA:0,(anonymous_5)
FNDA:0,(anonymous_6)
FNDA:0,(anonymous_7)
FNDA:0,(anonymous_8)
DA:15,0
DA:16,0
DA:17,0
DA:20,0
DA:21,0
DA:22,0
DA:25,0
DA:29,0
DA:30,0
DA:32,0
DA:33,0
DA:36,0
DA:37,0
DA:41,0
DA:51,0
DA:52,0
DA:53,0
DA:63,0
DA:70,0
DA:72,0
DA:74,0
DA:76,0
DA:78,0
DA:80,0
DA:82,0
DA:84,0
DA:89,0
DA:90,0
DA:93,0
DA:100,0
DA:101,0
DA:102,0
DA:106,0
LF:33
LH:0
BRDA:30,0,0,0
BRDA:30,0,1,0
BRDA:52,1,0,0
BRDA:52,1,1,0
BRDA:70,2,0,0
BRDA:70,2,1,0
BRDA:70,2,2,0
BRDA:70,2,3,0
BRDA:70,2,4,0
BRDA:70,2,5,0
BRDA:70,2,6,0
BRDA:89,3,0,0
BRDA:89,3,1,0
BRDA:109,4,0,0
BRDA:109,4,1,0
BRF:15
BRH:0
end_of_record
TN:
SF:src\components\DashboardOverview.tsx
FN:26,DashboardOverview
FN:31,(anonymous_1)
FN:57,(anonymous_2)
FN:62,(anonymous_3)
FN:121,(anonymous_4)
FN:266,RecentContent
FN:272,(anonymous_6)
FN:273,(anonymous_7)
FN:299,(anonymous_8)
FN:308,(anonymous_9)
FN:324,(anonymous_10)
FN:325,(anonymous_11)
FN:330,(anonymous_12)
FN:343,(anonymous_13)
FN:377,(anonymous_14)
FN:398,(anonymous_15)
FN:424,(anonymous_16)
FNF:17
FNH:0
FNDA:0,DashboardOverview
FNDA:0,(anonymous_1)
FNDA:0,(anonymous_2)
FNDA:0,(anonymous_3)
FNDA:0,(anonymous_4)
FNDA:0,RecentContent
FNDA:0,(anonymous_6)
FNDA:0,(anonymous_7)
FNDA:0,(anonymous_8)
FNDA:0,(anonymous_9)
FNDA:0,(anonymous_10)
FNDA:0,(anonymous_11)
FNDA:0,(anonymous_12)
FNDA:0,(anonymous_13)
FNDA:0,(anonymous_14)
FNDA:0,(anonymous_15)
FNDA:0,(anonymous_16)
DA:27,0
DA:28,0
DA:29,0
DA:31,0
DA:32,0
DA:33,0
DA:34,0
DA:35,0
DA:37,0
DA:44,0
DA:45,0
DA:46,0
DA:47,0
DA:50,0
DA:52,0
DA:57,0
DA:58,0
DA:61,0
DA:62,0
DA:65,0
DA:122,0
DA:267,0
DA:268,0
DA:269,0
DA:270,0
DA:272,0
DA:273,0
DA:274,0
DA:275,0
DA:276,0
DA:278,0
DA:285,0
DA:286,0
DA:287,0
DA:290,0
DA:292,0
DA:296,0
DA:299,0
DA:300,0
DA:305,0
DA:308,0
DA:309,0
DA:310,0
DA:311,0
DA:313,0
DA:322,0
DA:324,0
DA:325,0
DA:326,0
DA:329,0
DA:330,0
DA:334,0
DA:338,0
DA:339,0
DA:344,0
DA:359,0
DA:378,0
DA:398,0
DA:424,0
LF:59
LH:0
BRDA:35,0,0,0
BRDA:35,0,1,0
BRDA:44,1,0,0
BRDA:44,1,1,0
BRDA:71,2,0,0
BRDA:71,2,1,0
BRDA:114,3,0,0
BRDA:114,3,1,0
BRDA:119,4,0,0
BRDA:119,4,1,0
BRDA:189,5,0,0
BRDA:189,5,1,0
BRDA:191,6,0,0
BRDA:191,6,1,0
BRDA:207,7,0,0
BRDA:207,7,1,0
BRDA:209,8,0,0
BRDA:209,8,1,0
BRDA:225,9,0,0
BRDA:225,9,1,0
BRDA:227,10,0,0
BRDA:227,10,1,0
BRDA:241,11,0,0
BRDA:241,11,1,0
BRDA:241,11,2,0
BRDA:276,12,0,0
BRDA:276,12,1,0
BRDA:285,13,0,0
BRDA:285,13,1,0
BRDA:287,14,0,0
BRDA:287,14,1,0
BRDA:303,15,0,0
BRDA:303,15,1,0
BRDA:303,16,0,0
BRDA:303,16,1,0
BRDA:311,17,0,0
BRDA:311,17,1,0
BRDA:322,18,0,0
BRDA:322,18,1,0
BRDA:326,19,0,0
BRDA:326,19,1,0
BRDA:329,20,0,0
BRDA:329,20,1,0
BRDA:330,21,0,0
BRDA:330,21,1,0
BRDA:338,22,0,0
BRDA:338,22,1,0
BRDA:369,23,0,0
BRDA:369,23,1,0
BRDA:378,24,0,0
BRDA:378,24,1,0
BRDA:382,25,0,0
BRDA:382,25,1,0
BRDA:389,26,0,0
BRDA:389,26,1,0
BRDA:391,27,0,0
BRDA:391,27,1,0
BRDA:405,28,0,0
BRDA:405,28,1,0
BRDA:407,29,0,0
BRDA:407,29,1,0
BRDA:420,30,0,0
BRDA:420,30,1,0
BRF:63
BRH:0
end_of_record
TN:
SF:src\components\DevDebugger.tsx
FN:12,DevDebugger
FN:21,(anonymous_1)
FN:27,(anonymous_2)
FN:28,(anonymous_3)
FN:36,(anonymous_4)
FN:41,(anonymous_5)
FN:46,(anonymous_6)
FN:51,(anonymous_7)
FN:61,(anonymous_8)
FN:75,(anonymous_9)
FN:83,(anonymous_10)
FN:110,(anonymous_11)
FN:116,(anonymous_12)
FN:117,(anonymous_13)
FNF:14
FNH:0
FNDA:0,DevDebugger
FNDA:0,(anonymous_1)
FNDA:0,(anonymous_2)
FNDA:0,(anonymous_3)
FNDA:0,(anonymous_4)
FNDA:0,(anonymous_5)
FNDA:0,(anonymous_6)
FNDA:0,(anonymous_7)
FNDA:0,(anonymous_8)
FNDA:0,(anonymous_9)
FNDA:0,(anonymous_10)
FNDA:0,(anonymous_11)
FNDA:0,(anonymous_12)
FNDA:0,(anonymous_13)
DA:13,0
DA:14,0
DA:17,0
DA:18,0
DA:21,0
DA:23,0
DA:24,0
DA:25,0
DA:27,0
DA:28,0
DA:36,0
DA:37,0
DA:38,0
DA:41,0
DA:42,0
DA:43,0
DA:46,0
DA:47,0
DA:48,0
DA:51,0
DA:52,0
DA:53,0
DA:54,0
DA:58,0
DA:59,0
DA:61,0
DA:70,0
DA:75,0
DA:84,0
DA:110,0
DA:117,0
DA:118,0
LF:32
LH:0
BRDA:17,0,0,0
BRDA:17,0,1,0
BRDA:31,1,0,0
BRDA:31,1,1,0
BRDA:38,2,0,0
BRDA:38,2,1,0
BRDA:43,3,0,0
BRDA:43,3,1,0
BRDA:48,4,0,0
BRDA:48,4,1,0
BRDA:58,5,0,0
BRDA:58,5,1,0
BRDA:85,6,0,0
BRDA:85,6,1,0
BRDA:86,7,0,0
BRDA:86,7,1,0
BRDA:91,8,0,0
BRDA:91,8,1,0
BRDA:92,9,0,0
BRDA:92,9,1,0
BRDA:100,10,0,0
BRDA:100,10,1,0
BRF:22
BRH:0
end_of_record
TN:
SF:src\components\EarningsDashboard.tsx
FN:33,EarningsDashboard
FN:41,(anonymous_1)
FN:45,(anonymous_2)
FN:64,(anonymous_3)
FN:75,(anonymous_4)
FN:85,(anonymous_5)
FN:94,(anonymous_6)
FN:101,(anonymous_7)
FN:151,(anonymous_8)
FN:154,(anonymous_9)
FN:238,(anonymous_10)
FN:334,useEarnings
FN:338,(anonymous_12)
FN:359,(anonymous_13)
FNF:14
FNH:11
FNDA:99,EarningsDashboard
FNDA:45,(anonymous_1)
FNDA:45,(anonymous_2)
FNDA:1,(anonymous_3)
FNDA:0,(anonymous_4)
FNDA:0,(anonymous_5)
FNDA:167,(anonymous_6)
FNDA:30,(anonymous_7)
FNDA:147,(anonymous_8)
FNDA:20,(anonymous_9)
FNDA:0,(anonymous_10)
FNDA:17,useEarnings
FNDA:6,(anonymous_12)
FNDA:4,(anonymous_13)
DA:34,99
DA:35,99
DA:36,99
DA:37,99
DA:39,99
DA:41,99
DA:42,45
DA:45,99
DA:46,45
DA:47,45
DA:49,45
DA:50,45
DA:51,42
DA:53,42
DA:54,39
DA:55,39
DA:58,2
DA:60,44
DA:64,99
DA:65,1
DA:67,1
DA:69,1
DA:71,0
DA:75,99
DA:76,0
DA:77,0
DA:78,0
DA:79,0
DA:80,0
DA:81,0
DA:85,99
DA:86,0
DA:87,0
DA:88,0
DA:89,0
DA:90,0
DA:94,99
DA:95,167
DA:101,99
DA:102,30
DA:105,99
DA:106,45
DA:116,54
DA:117,5
DA:127,49
DA:152,147
DA:154,20
DA:239,0
DA:335,17
DA:336,17
DA:338,17
DA:339,6
DA:340,6
DA:342,6
DA:343,6
DA:344,5
DA:346,5
DA:347,4
DA:348,4
DA:350,1
DA:352,1
DA:353,1
DA:355,6
DA:359,17
DA:360,4
DA:362,4
DA:363,4
DA:375,3
DA:377,3
DA:378,2
DA:379,2
DA:381,1
DA:383,1
DA:384,1
DA:388,17
LF:75
LH:62
BRDA:33,0,0,2
BRDA:53,1,0,39
BRDA:53,1,1,3
BRDA:76,2,0,0
BRDA:76,2,1,0
BRDA:76,2,2,0
BRDA:76,2,3,0
BRDA:76,2,4,0
BRDA:86,3,0,0
BRDA:86,3,1,0
BRDA:86,3,2,0
BRDA:86,3,3,0
BRDA:105,4,0,45
BRDA:105,4,1,54
BRDA:116,5,0,5
BRDA:116,5,1,49
BRDA:156,6,0,49
BRDA:156,6,1,98
BRDA:169,7,0,49
BRDA:169,7,1,30
BRDA:230,8,0,49
BRDA:230,8,1,5
BRDA:238,9,0,0
BRDA:238,9,1,5
BRDA:271,10,0,49
BRDA:271,10,1,14
BRDA:291,11,0,14
BRDA:291,11,1,0
BRDA:293,12,0,14
BRDA:293,12,1,0
BRDA:319,13,0,14
BRDA:319,13,1,14
BRDA:346,14,0,4
BRDA:346,14,1,1
BRDA:377,15,0,2
BRDA:377,15,1,1
BRF:36
BRH:24
end_of_record
TN:
SF:src\components\ErrorBoundary.tsx
FN:47,(anonymous_0)
FN:61,(anonymous_1)
FN:69,(anonymous_2)
FN:99,(anonymous_3)
FN:112,(anonymous_4)
FN:121,(anonymous_5)
FN:127,(anonymous_6)
FN:132,(anonymous_7)
FN:142,(anonymous_8)
FN:157,(anonymous_9)
FN:175,(anonymous_10)
FN:183,(anonymous_11)
FN:230,(anonymous_12)
FN:260,(anonymous_13)
FN:268,(anonymous_14)
FN:281,(anonymous_15)
FN:293,(anonymous_16)
FN:306,(anonymous_17)
FN:310,(anonymous_18)
FN:314,(anonymous_19)
FN:413,(anonymous_20)
FN:431,(anonymous_21)
FN:449,(anonymous_22)
FN:464,(anonymous_23)
FN:493,(anonymous_24)
FN:494,(anonymous_25)
FN:509,withErrorBoundary
FN:513,(anonymous_27)
FNF:28
FNH:9
FNDA:47,(anonymous_0)
FNDA:43,(anonymous_1)
FNDA:0,(anonymous_2)
FNDA:0,(anonymous_3)
FNDA:0,(anonymous_4)
FNDA:3,(anonymous_5)
FNDA:0,(anonymous_6)
FNDA:0,(anonymous_7)
FNDA:0,(anonymous_8)
FNDA:0,(anonymous_9)
FNDA:0,(anonymous_10)
FNDA:0,(anonymous_11)
FNDA:89,(anonymous_12)
FNDA:0,(anonymous_13)
FNDA:0,(anonymous_14)
FNDA:0,(anonymous_15)
FNDA:0,(anonymous_16)
FNDA:0,(anonymous_17)
FNDA:0,(anonymous_18)
FNDA:0,(anonymous_19)
FNDA:4,(anonymous_20)
FNDA:2,(anonymous_21)
FNDA:4,(anonymous_22)
FNDA:0,(anonymous_23)
FNDA:1,(anonymous_24)
FNDA:1,(anonymous_25)
FNDA:0,withErrorBoundary
FNDA:0,(anonymous_27)
DA:43,46
DA:45,46
DA:48,47
DA:50,46
DA:52,46
DA:62,43
DA:70,0
DA:80,0
DA:86,0
DA:89,0
DA:90,0
DA:94,0
DA:95,0
DA:100,0
DA:101,0
DA:103,0
DA:104,0
DA:105,0
DA:109,0
DA:110,0
DA:111,0
DA:112,0
DA:115,0
DA:116,0
DA:122,3
DA:123,0
DA:127,46
DA:128,0
DA:129,0
DA:132,0
DA:133,0
DA:138,0
DA:142,46
DA:143,0
DA:144,0
DA:145,0
DA:148,0
DA:157,46
DA:158,0
DA:160,0
DA:161,0
DA:166,0
DA:169,0
DA:175,0
DA:183,46
DA:184,0
DA:186,0
DA:199,0
DA:211,0
DA:212,0
DA:215,0
DA:216,0
DA:219,0
DA:222,0
DA:231,89
DA:232,89
DA:234,89
DA:235,0
DA:236,0
DA:239,0
DA:241,0
DA:253,89
DA:260,2
DA:268,0
DA:269,0
DA:271,0
DA:273,0
DA:275,0
DA:277,0
DA:281,0
DA:282,0
DA:283,0
DA:286,0
DA:287,0
DA:290,0
DA:293,0
DA:294,0
DA:296,0
DA:298,0
DA:300,0
DA:302,0
DA:306,0
DA:307,0
DA:310,0
DA:311,0
DA:314,0
DA:315,0
DA:325,0
DA:329,0
DA:332,0
DA:413,2
DA:417,4
DA:431,2
DA:435,2
DA:449,2
DA:450,4
DA:464,2
DA:469,0
DA:477,0
DA:493,2
DA:494,1
DA:495,1
DA:502,1
DA:513,0
DA:514,0
DA:519,0
DA:521,0
LF:107
LH:27
BRDA:50,0,0,46
BRDA:50,0,1,38
BRDA:89,1,0,0
BRDA:89,1,1,0
BRDA:94,2,0,0
BRDA:94,2,1,0
BRDA:94,3,0,0
BRDA:94,3,1,0
BRDA:103,4,0,0
BRDA:103,4,1,0
BRDA:103,5,0,0
BRDA:103,5,1,0
BRDA:104,6,0,0
BRDA:104,6,1,0
BRDA:109,7,0,0
BRDA:109,7,1,0
BRDA:109,8,0,0
BRDA:109,8,1,0
BRDA:110,9,0,0
BRDA:110,9,1,0
BRDA:115,10,0,0
BRDA:115,10,1,0
BRDA:122,11,0,0
BRDA:122,11,1,3
BRDA:128,12,0,0
BRDA:128,12,1,0
BRDA:143,13,0,0
BRDA:143,13,1,0
BRDA:160,14,0,0
BRDA:160,14,1,0
BRDA:211,15,0,0
BRDA:211,15,1,0
BRDA:215,16,0,0
BRDA:215,16,1,0
BRDA:222,17,0,0
BRDA:222,17,1,0
BRDA:232,18,0,65
BRDA:232,19,0,46
BRDA:234,20,0,0
BRDA:234,20,1,89
BRDA:234,21,0,89
BRDA:234,21,1,43
BRDA:234,21,2,43
BRDA:235,22,0,0
BRDA:235,22,1,0
BRDA:239,23,0,0
BRDA:239,23,1,0
BRDA:269,24,0,0
BRDA:269,24,1,0
BRDA:269,24,2,0
BRDA:269,24,3,0
BRDA:282,25,0,0
BRDA:282,25,1,0
BRDA:286,26,0,0
BRDA:286,26,1,0
BRDA:294,27,0,0
BRDA:294,27,1,0
BRDA:294,27,2,0
BRDA:294,27,3,0
BRDA:340,28,0,0
BRDA:340,28,1,0
BRDA:347,29,0,0
BRDA:347,29,1,0
BRDA:357,30,0,0
BRDA:357,30,1,0
BRDA:367,31,0,0
BRDA:367,31,1,0
BRDA:386,32,0,0
BRDA:386,32,1,0
BRDA:483,33,0,0
BRDA:483,33,1,0
BRDA:519,34,0,0
BRDA:519,34,1,0
BRF:73
BRH:9
end_of_record
TN:
SF:src\components\GamificationWidget.tsx
FN:49,GamificationWidget
FN:60,(anonymous_1)
FN:64,(anonymous_2)
FN:99,(anonymous_3)
FN:123,(anonymous_4)
FN:134,(anonymous_5)
FN:144,(anonymous_6)
FN:185,(anonymous_7)
FN:186,(anonymous_8)
FN:236,(anonymous_9)
FN:239,(anonymous_10)
FN:306,(anonymous_11)
FN:307,(anonymous_12)
FN:336,(anonymous_13)
FN:339,(anonymous_14)
FN:356,(anonymous_15)
FN:387,(anonymous_16)
FN:426,useGamification
FN:430,(anonymous_18)
FN:451,(anonymous_19)
FNF:20
FNH:0
FNDA:0,GamificationWidget
FNDA:0,(anonymous_1)
FNDA:0,(anonymous_2)
FNDA:0,(anonymous_3)
FNDA:0,(anonymous_4)
FNDA:0,(anonymous_5)
FNDA:0,(anonymous_6)
FNDA:0,(anonymous_7)
FNDA:0,(anonymous_8)
FNDA:0,(anonymous_9)
FNDA:0,(anonymous_10)
FNDA:0,(anonymous_11)
FNDA:0,(anonymous_12)
FNDA:0,(anonymous_13)
FNDA:0,(anonymous_14)
FNDA:0,(anonymous_15)
FNDA:0,(anonymous_16)
FNDA:0,useGamification
FNDA:0,(anonymous_18)
FNDA:0,(anonymous_19)
DA:50,0
DA:51,0
DA:52,0
DA:53,0
DA:54,0
DA:55,0
DA:56,0
DA:58,0
DA:60,0
DA:61,0
DA:64,0
DA:65,0
DA:66,0
DA:68,0
DA:69,0
DA:75,0
DA:76,0
DA:77,0
DA:79,0
DA:80,0
DA:83,0
DA:84,0
DA:87,0
DA:88,0
DA:91,0
DA:93,0
DA:95,0
DA:99,0
DA:100,0
DA:102,0
DA:103,0
DA:113,0
DA:115,0
DA:117,0
DA:118,0
DA:122,0
DA:123,0
DA:127,0
DA:130,0
DA:134,0
DA:135,0
DA:136,0
DA:137,0
DA:138,0
DA:139,0
DA:140,0
DA:144,0
DA:145,0
DA:146,0
DA:149,0
DA:150,0
DA:160,0
DA:161,0
DA:171,0
DA:172,0
DA:186,0
DA:187,0
DA:202,0
DA:237,0
DA:239,0
DA:307,0
DA:308,0
DA:337,0
DA:339,0
DA:357,0
DA:388,0
DA:389,0
DA:427,0
DA:428,0
DA:430,0
DA:431,0
DA:432,0
DA:434,0
DA:435,0
DA:436,0
DA:438,0
DA:439,0
DA:440,0
DA:442,0
DA:444,0
DA:445,0
DA:447,0
DA:451,0
DA:452,0
DA:454,0
DA:455,0
DA:466,0
DA:468,0
DA:469,0
DA:470,0
DA:472,0
DA:474,0
DA:475,0
DA:479,0
LF:94
LH:0
BRDA:49,0,0,0
BRDA:49,1,0,0
BRDA:79,2,0,0
BRDA:79,2,1,0
BRDA:83,3,0,0
BRDA:83,3,1,0
BRDA:87,4,0,0
BRDA:87,4,1,0
BRDA:115,5,0,0
BRDA:115,5,1,0
BRDA:117,6,0,0
BRDA:117,6,1,0
BRDA:117,7,0,0
BRDA:117,7,1,0
BRDA:135,8,0,0
BRDA:135,8,1,0
BRDA:135,8,2,0
BRDA:135,8,3,0
BRDA:135,8,4,0
BRDA:145,9,0,0
BRDA:145,9,1,0
BRDA:149,10,0,0
BRDA:149,10,1,0
BRDA:160,11,0,0
BRDA:160,11,1,0
BRDA:171,12,0,0
BRDA:171,12,1,0
BRDA:187,13,0,0
BRDA:187,13,1,0
BRDA:193,14,0,0
BRDA:193,14,1,0
BRDA:205,15,0,0
BRDA:205,15,1,0
BRDA:205,15,2,0
BRDA:241,16,0,0
BRDA:241,16,1,0
BRDA:254,17,0,0
BRDA:254,17,1,0
BRDA:308,18,0,0
BRDA:308,18,1,0
BRDA:317,19,0,0
BRDA:317,19,1,0
BRDA:352,20,0,0
BRDA:352,20,1,0
BRDA:360,21,0,0
BRDA:360,21,1,0
BRDA:361,22,0,0
BRDA:361,22,1,0
BRDA:362,23,0,0
BRDA:362,23,1,0
BRDA:383,24,0,0
BRDA:383,24,1,0
BRDA:391,25,0,0
BRDA:391,25,1,0
BRDA:394,26,0,0
BRDA:394,26,1,0
BRDA:398,27,0,0
BRDA:398,27,1,0
BRDA:401,28,0,0
BRDA:401,28,1,0
BRDA:406,29,0,0
BRDA:406,29,1,0
BRDA:411,30,0,0
BRDA:411,30,1,0
BRDA:438,31,0,0
BRDA:438,31,1,0
BRDA:468,32,0,0
BRDA:468,32,1,0
BRF:68
BRH:0
end_of_record
TN:
SF:src\components\MarketTab.tsx
FN:16,MarketTab
FN:62,(anonymous_1)
FN:68,(anonymous_2)
FN:79,(anonymous_3)
FN:81,(anonymous_4)
FN:113,(anonymous_5)
FN:116,(anonymous_6)
FN:131,(anonymous_7)
FN:136,(anonymous_8)
FN:195,(anonymous_9)
FN:201,(anonymous_10)
FNF:11
FNH:0
FNDA:0,MarketTab
FNDA:0,(anonymous_1)
FNDA:0,(anonymous_2)
FNDA:0,(anonymous_3)
FNDA:0,(anonymous_4)
FNDA:0,(anonymous_5)
FNDA:0,(anonymous_6)
FNDA:0,(anonymous_7)
FNDA:0,(anonymous_8)
FNDA:0,(anonymous_9)
FNDA:0,(anonymous_10)
DA:17,0
DA:18,0
DA:21,0
DA:54,0
DA:62,0
DA:63,0
DA:64,0
DA:65,0
DA:68,0
DA:69,0
DA:70,0
DA:71,0
DA:72,0
DA:73,0
DA:77,0
DA:79,0
DA:81,0
DA:82,0
DA:84,0
DA:96,0
DA:108,0
DA:114,0
DA:116,0
DA:132,0
DA:136,0
DA:185,0
DA:196,0
DA:197,0
DA:198,0
DA:201,0
LF:30
LH:0
BRDA:63,0,0,0
BRDA:63,0,1,0
BRDA:64,1,0,0
BRDA:64,1,1,0
BRDA:69,2,0,0
BRDA:69,2,1,0
BRDA:69,2,2,0
BRDA:69,2,3,0
BRDA:77,3,0,0
BRDA:77,3,1,0
BRDA:82,4,0,0
BRDA:82,4,1,0
BRDA:82,4,2,0
BRDA:118,5,0,0
BRDA:118,5,1,0
BRDA:171,6,0,0
BRDA:171,6,1,0
BRDA:203,7,0,0
BRDA:203,7,1,0
BRF:19
BRH:0
end_of_record
TN:
SF:src\components\MetricsDash.tsx
FN:70,MetricsDash
FN:80,(anonymous_1)
FN:84,(anonymous_2)
FN:114,(anonymous_3)
FN:120,(anonymous_4)
FN:124,(anonymous_5)
FN:166,(anonymous_6)
FN:192,(anonymous_7)
FN:195,(anonymous_8)
FN:363,(anonymous_9)
FN:437,(anonymous_10)
FN:442,(anonymous_11)
FN:446,(anonymous_12)
FN:493,(anonymous_13)
FN:521,(anonymous_14)
FN:588,(anonymous_15)
FN:638,(anonymous_16)
FN:664,(anonymous_17)
FN:685,(anonymous_18)
FN:719,useMetrics
FN:723,(anonymous_20)
FN:739,(anonymous_21)
FNF:22
FNH:0
FNDA:0,MetricsDash
FNDA:0,(anonymous_1)
FNDA:0,(anonymous_2)
FNDA:0,(anonymous_3)
FNDA:0,(anonymous_4)
FNDA:0,(anonymous_5)
FNDA:0,(anonymous_6)
FNDA:0,(anonymous_7)
FNDA:0,(anonymous_8)
FNDA:0,(anonymous_9)
FNDA:0,(anonymous_10)
FNDA:0,(anonymous_11)
FNDA:0,(anonymous_12)
FNDA:0,(anonymous_13)
FNDA:0,(anonymous_14)
FNDA:0,(anonymous_15)
FNDA:0,(anonymous_16)
FNDA:0,(anonymous_17)
FNDA:0,(anonymous_18)
FNDA:0,useMetrics
FNDA:0,(anonymous_20)
FNDA:0,(anonymous_21)
DA:68,0
DA:71,0
DA:72,0
DA:73,0
DA:74,0
DA:75,0
DA:76,0
DA:78,0
DA:80,0
DA:81,0
DA:84,0
DA:85,0
DA:86,0
DA:88,0
DA:89,0
DA:94,0
DA:95,0
DA:97,0
DA:98,0
DA:101,0
DA:102,0
DA:105,0
DA:106,0
DA:108,0
DA:110,0
DA:114,0
DA:115,0
DA:116,0
DA:117,0
DA:120,0
DA:121,0
DA:124,0
DA:125,0
DA:132,0
DA:135,0
DA:136,0
DA:146,0
DA:166,0
DA:193,0
DA:195,0
DA:363,0
DA:437,0
DA:443,0
DA:446,0
DA:494,0
DA:522,0
DA:589,0
DA:639,0
DA:665,0
DA:686,0
DA:720,0
DA:721,0
DA:723,0
DA:724,0
DA:725,0
DA:727,0
DA:728,0
DA:730,0
DA:731,0
DA:734,0
DA:735,0
DA:738,0
DA:739,0
DA:741,0
DA:743,0
DA:744,0
DA:747,0
DA:748,0
DA:749,0
DA:752,0
DA:753,0
DA:755,0
DA:756,0
DA:758,0
DA:762,0
LF:75
LH:0
BRDA:70,0,0,0
BRDA:97,1,0,0
BRDA:97,1,1,0
BRDA:101,2,0,0
BRDA:101,2,1,0
BRDA:115,3,0,0
BRDA:115,3,1,0
BRDA:116,4,0,0
BRDA:116,4,1,0
BRDA:132,5,0,0
BRDA:132,5,1,0
BRDA:135,6,0,0
BRDA:135,6,1,0
BRDA:135,7,0,0
BRDA:135,7,1,0
BRDA:135,7,2,0
BRDA:156,8,0,0
BRDA:156,8,1,0
BRDA:197,9,0,0
BRDA:197,9,1,0
BRDA:210,10,0,0
BRDA:210,10,1,0
BRDA:212,11,0,0
BRDA:212,11,1,0
BRDA:244,12,0,0
BRDA:244,12,1,0
BRDA:279,13,0,0
BRDA:279,13,1,0
BRDA:279,13,2,0
BRDA:372,14,0,0
BRDA:372,14,1,0
BRDA:372,14,2,0
BRDA:547,15,0,0
BRDA:547,15,1,0
BRDA:547,15,2,0
BRDA:613,16,0,0
BRDA:613,16,1,0
BRDA:613,16,2,0
BRDA:706,17,0,0
BRDA:706,17,1,0
BRDA:723,18,0,0
BRDA:723,19,0,0
BRDA:730,20,0,0
BRDA:730,20,1,0
BRDA:730,21,0,0
BRDA:730,21,1,0
BRDA:734,22,0,0
BRDA:734,22,1,0
BRDA:734,23,0,0
BRDA:734,23,1,0
BRDA:743,24,0,0
BRDA:743,24,1,0
BRDA:743,25,0,0
BRDA:743,25,1,0
BRDA:744,26,0,0
BRDA:744,26,1,0
BRDA:747,27,0,0
BRDA:747,27,1,0
BRDA:747,28,0,0
BRDA:747,28,1,0
BRDA:748,29,0,0
BRDA:748,29,1,0
BRDA:749,30,0,0
BRDA:749,30,1,0
BRF:64
BRH:0
end_of_record
TN:
SF:src\components\MonitoringDashboard.tsx
FN:64,(anonymous_0)
FN:87,(anonymous_1)
FN:125,(anonymous_2)
FN:130,(anonymous_3)
FN:136,(anonymous_4)
FN:140,(anonymous_5)
FN:150,(anonymous_6)
FN:154,(anonymous_7)
FN:186,(anonymous_8)
FN:199,(anonymous_9)
FN:241,(anonymous_10)
FN:254,(anonymous_11)
FN:274,(anonymous_12)
FN:277,(anonymous_13)
FN:384,(anonymous_14)
FN:438,(anonymous_15)
FN:479,(anonymous_16)
FNF:17
FNH:0
FNDA:0,(anonymous_0)
FNDA:0,(anonymous_1)
FNDA:0,(anonymous_2)
FNDA:0,(anonymous_3)
FNDA:0,(anonymous_4)
FNDA:0,(anonymous_5)
FNDA:0,(anonymous_6)
FNDA:0,(anonymous_7)
FNDA:0,(anonymous_8)
FNDA:0,(anonymous_9)
FNDA:0,(anonymous_10)
FNDA:0,(anonymous_11)
FNDA:0,(anonymous_12)
FNDA:0,(anonymous_13)
FNDA:0,(anonymous_14)
FNDA:0,(anonymous_15)
FNDA:0,(anonymous_16)
DA:26,0
DA:64,0
DA:65,0
DA:82,0
DA:83,0
DA:84,0
DA:87,0
DA:88,0
DA:90,0
DA:93,0
DA:96,0
DA:100,0
DA:117,0
DA:125,0
DA:126,0
DA:128,0
DA:129,0
DA:130,0
DA:135,0
DA:136,0
DA:140,0
DA:149,0
DA:150,0
DA:154,0
DA:163,0
DA:186,0
DA:187,0
DA:188,0
DA:190,0
DA:191,0
DA:193,0
DA:194,0
DA:196,0
DA:199,0
DA:200,0
DA:201,0
DA:202,0
DA:203,0
DA:204,0
DA:205,0
DA:207,0
DA:208,0
DA:209,0
DA:212,0
DA:214,0
DA:241,0
DA:254,0
DA:275,0
DA:277,0
DA:385,0
DA:439,0
DA:480,0
LF:52
LH:0
BRDA:96,0,0,0
BRDA:96,0,1,0
BRDA:102,1,0,0
BRDA:102,1,1,0
BRDA:107,2,0,0
BRDA:107,2,1,0
BRDA:108,3,0,0
BRDA:108,3,1,0
BRDA:109,4,0,0
BRDA:109,4,1,0
BRDA:110,5,0,0
BRDA:110,5,1,0
BRDA:111,6,0,0
BRDA:111,6,1,0
BRDA:117,7,0,0
BRDA:117,7,1,0
BRDA:128,8,0,0
BRDA:128,8,1,0
BRDA:169,9,0,0
BRDA:169,9,1,0
BRDA:169,10,0,0
BRDA:169,10,1,0
BRDA:170,11,0,0
BRDA:170,11,1,0
BRDA:170,12,0,0
BRDA:170,12,1,0
BRDA:171,13,0,0
BRDA:171,13,1,0
BRDA:171,14,0,0
BRDA:171,14,1,0
BRDA:172,15,0,0
BRDA:172,15,1,0
BRDA:172,16,0,0
BRDA:172,16,1,0
BRDA:173,17,0,0
BRDA:173,17,1,0
BRDA:173,18,0,0
BRDA:173,18,1,0
BRDA:187,19,0,0
BRDA:187,19,1,0
BRDA:190,20,0,0
BRDA:190,20,1,0
BRDA:193,21,0,0
BRDA:193,21,1,0
BRDA:201,22,0,0
BRDA:201,22,1,0
BRDA:202,23,0,0
BRDA:202,23,1,0
BRDA:203,24,0,0
BRDA:203,24,1,0
BRDA:204,25,0,0
BRDA:204,25,1,0
BRDA:205,26,0,0
BRDA:205,26,1,0
BRDA:207,27,0,0
BRDA:207,27,1,0
BRDA:208,28,0,0
BRDA:208,28,1,0
BRDA:227,29,0,0
BRDA:227,29,1,0
BRDA:228,30,0,0
BRDA:228,30,1,0
BRDA:232,31,0,0
BRDA:232,31,1,0
BRDA:233,32,0,0
BRDA:233,32,1,0
BRDA:243,33,0,0
BRDA:243,33,1,0
BRDA:248,34,0,0
BRDA:248,34,1,0
BRDA:279,35,0,0
BRDA:279,35,1,0
BRDA:293,36,0,0
BRDA:293,36,1,0
BRDA:368,37,0,0
BRDA:368,37,1,0
BRDA:389,38,0,0
BRDA:389,38,1,0
BRDA:397,39,0,0
BRDA:397,39,1,0
BRDA:432,40,0,0
BRDA:432,40,1,0
BRDA:436,41,0,0
BRDA:436,41,1,0
BRDA:451,42,0,0
BRDA:451,42,1,0
BRDA:473,43,0,0
BRDA:473,43,1,0
BRDA:477,44,0,0
BRDA:477,44,1,0
BRDA:481,45,0,0
BRDA:481,45,1,0
BRDA:482,46,0,0
BRDA:482,46,1,0
BRDA:488,47,0,0
BRDA:488,47,1,0
BRDA:489,48,0,0
BRDA:489,48,1,0
BRDA:495,49,0,0
BRDA:495,49,1,0
BRDA:496,50,0,0
BRDA:496,50,1,0
BRDA:503,51,0,0
BRDA:503,51,1,0
BRDA:504,52,0,0
BRDA:504,52,1,0
BRF:106
BRH:0
end_of_record
TN:
SF:src\components\NavBar.tsx
FN:21,NavBar
FN:29,(anonymous_1)
FN:30,(anonymous_2)
FN:37,(anonymous_3)
FN:41,(anonymous_4)
FN:47,(anonymous_5)
FN:48,(anonymous_6)
FN:55,(anonymous_7)
FN:58,(anonymous_8)
FN:63,(anonymous_9)
FN:87,(anonymous_10)
FN:117,(anonymous_11)
FN:141,(anonymous_12)
FN:147,(anonymous_13)
FN:185,(anonymous_14)
FN:205,(anonymous_15)
FN:240,(anonymous_16)
FN:246,(anonymous_17)
FN:284,(anonymous_18)
FN:291,(anonymous_19)
FNF:20
FNH:0
FNDA:0,NavBar
FNDA:0,(anonymous_1)
FNDA:0,(anonymous_2)
FNDA:0,(anonymous_3)
FNDA:0,(anonymous_4)
FNDA:0,(anonymous_5)
FNDA:0,(anonymous_6)
FNDA:0,(anonymous_7)
FNDA:0,(anonymous_8)
FNDA:0,(anonymous_9)
FNDA:0,(anonymous_10)
FNDA:0,(anonymous_11)
FNDA:0,(anonymous_12)
FNDA:0,(anonymous_13)
FNDA:0,(anonymous_14)
FNDA:0,(anonymous_15)
FNDA:0,(anonymous_16)
FNDA:0,(anonymous_17)
FNDA:0,(anonymous_18)
FNDA:0,(anonymous_19)
DA:14,1
DA:22,0
DA:23,0
DA:24,0
DA:25,0
DA:26,0
DA:29,0
DA:30,0
DA:31,0
DA:34,0
DA:35,0
DA:37,0
DA:41,0
DA:42,0
DA:43,0
DA:47,0
DA:48,0
DA:49,0
DA:50,0
DA:54,0
DA:55,0
DA:58,0
DA:59,0
DA:63,0
DA:64,0
DA:88,0
DA:89,0
DA:91,0
DA:117,0
DA:141,0
DA:148,0
DA:149,0
DA:185,0
DA:206,0
DA:207,0
DA:209,0
DA:240,0
DA:247,0
DA:248,0
DA:284,0
DA:285,0
DA:292,0
DA:293,0
DA:295,0
DA:326,0
LF:45
LH:1
BRDA:49,0,0,0
BRDA:49,0,1,0
BRDA:49,1,0,0
BRDA:49,1,1,0
BRDA:59,2,0,0
BRDA:59,2,1,0
BRDA:59,2,2,0
BRDA:97,3,0,0
BRDA:97,3,1,0
BRDA:101,4,0,0
BRDA:101,4,1,0
BRDA:113,5,0,0
BRDA:113,5,1,0
BRDA:113,6,0,0
BRDA:113,6,1,0
BRDA:125,7,0,0
BRDA:125,7,1,0
BRDA:128,8,0,0
BRDA:128,8,1,0
BRDA:132,9,0,0
BRDA:132,9,1,0
BRDA:135,10,0,0
BRDA:135,10,1,0
BRDA:156,11,0,0
BRDA:156,11,1,0
BRDA:191,12,0,0
BRDA:191,12,1,0
BRDA:202,13,0,0
BRDA:202,13,1,0
BRDA:215,14,0,0
BRDA:215,14,1,0
BRDA:219,15,0,0
BRDA:219,15,1,0
BRDA:231,16,0,0
BRDA:231,16,1,0
BRDA:231,17,0,0
BRDA:231,17,1,0
BRDA:234,18,0,0
BRDA:234,18,1,0
BRDA:255,19,0,0
BRDA:255,19,1,0
BRDA:301,20,0,0
BRDA:301,20,1,0
BRDA:305,21,0,0
BRDA:305,21,1,0
BRDA:329,22,0,0
BRDA:329,22,1,0
BRDA:331,23,0,0
BRDA:331,23,1,0
BRF:49
BRH:0
end_of_record
TN:
SF:src\components\OnboardFlow.tsx
FN:30,OnboardFlow
FN:61,(anonymous_1)
FN:100,(anonymous_2)
FN:102,(anonymous_3)
FN:111,(anonymous_4)
FN:112,(anonymous_5)
FN:122,(anonymous_6)
FN:142,(anonymous_7)
FN:156,(anonymous_8)
FN:165,(anonymous_9)
FN:175,(anonymous_10)
FN:194,(anonymous_11)
FN:195,(anonymous_12)
FN:197,(anonymous_13)
FN:234,(anonymous_14)
FN:256,(anonymous_15)
FN:293,(anonymous_16)
FN:318,(anonymous_17)
FN:341,(anonymous_18)
FN:350,(anonymous_19)
FN:370,(anonymous_20)
FN:382,(anonymous_21)
FN:419,(anonymous_22)
FN:448,(anonymous_23)
FN:460,(anonymous_24)
FN:488,(anonymous_25)
FN:527,(anonymous_26)
FN:575,(anonymous_27)
FNF:28
FNH:2
FNDA:29,OnboardFlow
FNDA:0,(anonymous_1)
FNDA:0,(anonymous_2)
FNDA:0,(anonymous_3)
FNDA:0,(anonymous_4)
FNDA:0,(anonymous_5)
FNDA:0,(anonymous_6)
FNDA:0,(anonymous_7)
FNDA:0,(anonymous_8)
FNDA:0,(anonymous_9)
FNDA:0,(anonymous_10)
FNDA:0,(anonymous_11)
FNDA:0,(anonymous_12)
FNDA:0,(anonymous_13)
FNDA:0,(anonymous_14)
FNDA:0,(anonymous_15)
FNDA:0,(anonymous_16)
FNDA:0,(anonymous_17)
FNDA:0,(anonymous_18)
FNDA:0,(anonymous_19)
FNDA:58,(anonymous_20)
FNDA:0,(anonymous_21)
FNDA:0,(anonymous_22)
FNDA:0,(anonymous_23)
FNDA:0,(anonymous_24)
FNDA:0,(anonymous_25)
FNDA:0,(anonymous_26)
FNDA:0,(anonymous_27)
DA:31,29
DA:32,29
DA:43,29
DA:44,29
DA:45,29
DA:47,29
DA:53,29
DA:54,29
DA:61,29
DA:62,0
DA:67,0
DA:69,0
DA:71,0
DA:72,0
DA:74,0
DA:75,0
DA:77,0
DA:78,0
DA:80,0
DA:82,0
DA:83,0
DA:86,0
DA:87,0
DA:88,0
DA:91,0
DA:92,0
DA:93,0
DA:96,0
DA:97,0
DA:100,29
DA:101,0
DA:102,0
DA:103,0
DA:111,29
DA:112,0
DA:113,0
DA:120,29
DA:122,29
DA:123,0
DA:127,0
DA:129,0
DA:131,0
DA:141,0
DA:143,0
DA:144,0
DA:150,0
DA:157,0
DA:158,0
DA:162,0
DA:166,0
DA:170,0
DA:176,0
DA:180,0
DA:184,0
DA:188,0
DA:190,0
DA:194,29
DA:195,0
DA:196,0
DA:197,0
DA:201,29
DA:235,0
DA:239,0
DA:257,0
DA:261,0
DA:293,0
DA:318,0
DA:341,0
DA:350,0
DA:371,58
DA:382,0
DA:419,0
DA:449,0
DA:460,0
DA:488,0
DA:527,0
DA:575,0
LF:77
LH:16
BRDA:69,0,0,0
BRDA:69,0,1,0
BRDA:69,0,2,0
BRDA:71,1,0,0
BRDA:71,1,1,0
BRDA:72,2,0,0
BRDA:72,2,1,0
BRDA:74,3,0,0
BRDA:74,3,1,0
BRDA:75,4,0,0
BRDA:75,4,1,0
BRDA:77,5,0,0
BRDA:77,5,1,0
BRDA:78,6,0,0
BRDA:78,6,1,0
BRDA:80,7,0,0
BRDA:80,7,1,0
BRDA:82,8,0,0
BRDA:82,8,1,0
BRDA:86,9,0,0
BRDA:86,9,1,0
BRDA:87,10,0,0
BRDA:87,10,1,0
BRDA:91,11,0,0
BRDA:91,11,1,0
BRDA:92,12,0,0
BRDA:92,12,1,0
BRDA:101,13,0,0
BRDA:101,13,1,0
BRDA:143,14,0,0
BRDA:143,14,1,0
BRDA:157,15,0,0
BRDA:157,15,1,0
BRDA:170,16,0,0
BRDA:170,16,1,0
BRDA:180,17,0,0
BRDA:180,17,1,0
BRDA:196,18,0,0
BRDA:196,18,1,0
BRDA:218,19,0,29
BRDA:218,19,1,29
BRDA:295,20,0,0
BRDA:295,20,1,29
BRDA:298,21,0,0
BRDA:298,21,1,29
BRDA:302,22,0,29
BRDA:302,22,1,0
BRDA:320,23,0,0
BRDA:320,23,1,29
BRDA:322,24,0,0
BRDA:322,24,1,29
BRDA:325,25,0,29
BRDA:325,25,1,0
BRDA:339,26,0,0
BRDA:339,26,1,29
BRDA:343,27,0,0
BRDA:343,27,1,29
BRDA:345,28,0,0
BRDA:345,28,1,29
BRDA:352,29,0,0
BRDA:352,29,1,29
BRDA:354,30,0,0
BRDA:354,30,1,29
BRDA:357,31,0,29
BRDA:357,31,1,0
BRDA:374,32,0,0
BRDA:374,32,1,58
BRDA:392,33,0,29
BRDA:392,33,1,0
BRDA:403,34,0,29
BRDA:403,34,1,0
BRDA:421,35,0,0
BRDA:421,35,1,0
BRDA:423,36,0,0
BRDA:423,36,1,0
BRDA:433,37,0,0
BRDA:433,37,1,0
BRDA:452,38,0,0
BRDA:452,38,1,0
BRDA:470,39,0,0
BRDA:470,39,1,0
BRDA:499,40,0,0
BRDA:499,40,1,0
BRDA:500,41,0,0
BRDA:500,41,1,0
BRDA:500,41,2,0
BRDA:501,42,0,0
BRDA:501,42,1,0
BRDA:501,42,2,0
BRDA:502,43,0,0
BRDA:502,43,1,0
BRDA:512,44,0,29
BRDA:512,44,1,0
BRDA:530,45,0,0
BRDA:530,45,1,0
BRDA:533,46,0,0
BRDA:533,46,1,0
BRDA:538,47,0,0
BRDA:538,47,1,0
BRDA:557,48,0,29
BRDA:557,48,1,0
BRDA:559,49,0,0
BRDA:559,49,1,0
BRDA:559,50,0,0
BRDA:559,50,1,0
BRDA:559,50,2,0
BRDA:583,51,0,0
BRDA:583,51,1,0
BRDA:583,51,2,0
BRDA:583,51,3,0
BRDA:588,52,0,0
BRDA:588,52,1,0
BRDA:588,52,2,0
BRDA:597,53,0,29
BRDA:597,53,1,29
BRDA:610,54,0,0
BRDA:610,54,1,29
BRDA:611,55,0,29
BRDA:611,55,1,29
BRDA:611,55,2,29
BRDA:612,56,0,29
BRDA:612,56,1,29
BRDA:612,56,2,29
BRDA:616,57,0,0
BRDA:616,57,1,29
BRDA:618,58,0,0
BRDA:618,58,1,29
BRF:127
BRH:30
end_of_record
TN:
SF:src\components\ProtectedRoute.tsx
FN:15,ProtectedRoute
FN:24,(anonymous_1)
FN:90,(anonymous_2)
FN:100,(anonymous_3)
FNF:4
FNH:0
FNDA:0,ProtectedRoute
FNDA:0,(anonymous_1)
FNDA:0,(anonymous_2)
FNDA:0,(anonymous_3)
DA:21,0
DA:22,0
DA:24,0
DA:25,0
DA:26,0
DA:27,0
DA:31,0
DA:32,0
DA:35,0
DA:36,0
DA:41,0
DA:42,0
DA:45,0
DA:46,0
DA:51,0
DA:52,0
DA:56,0
DA:57,0
DA:62,0
DA:63,0
DA:69,0
DA:70,0
DA:81,0
DA:82,0
DA:91,0
DA:92,0
DA:101,0
DA:102,0
DA:115,0
DA:116,0
DA:120,0
LF:31
LH:0
BRDA:17,0,0,0
BRDA:18,1,0,0
BRDA:25,2,0,0
BRDA:25,2,1,0
BRDA:25,3,0,0
BRDA:25,3,1,0
BRDA:26,4,0,0
BRDA:26,4,1,0
BRDA:35,5,0,0
BRDA:35,5,1,0
BRDA:35,6,0,0
BRDA:35,6,1,0
BRDA:35,6,2,0
BRDA:45,7,0,0
BRDA:45,7,1,0
BRDA:45,8,0,0
BRDA:45,8,1,0
BRDA:45,8,2,0
BRDA:56,9,0,0
BRDA:56,9,1,0
BRDA:56,10,0,0
BRDA:56,10,1,0
BRDA:56,10,2,0
BRDA:56,10,3,0
BRDA:69,11,0,0
BRDA:69,11,1,0
BRDA:70,12,0,0
BRDA:70,12,1,0
BRDA:81,13,0,0
BRDA:81,13,1,0
BRDA:115,14,0,0
BRDA:115,14,1,0
BRDA:115,15,0,0
BRDA:115,15,1,0
BRDA:115,15,2,0
BRDA:115,15,3,0
BRDA:116,16,0,0
BRDA:116,16,1,0
BRF:38
BRH:0
end_of_record
TN:
SF:src\components\Slider.tsx
FN:16,AIControlSlider
FN:22,(anonymous_1)
FN:26,(anonymous_2)
FN:32,(anonymous_3)
FN:39,(anonymous_4)
FN:46,(anonymous_5)
FN:85,(anonymous_6)
FN:86,(anonymous_7)
FN:87,(anonymous_8)
FN:88,(anonymous_9)
FN:89,(anonymous_10)
FN:108,(anonymous_11)
FN:133,(anonymous_12)
FN:136,(anonymous_13)
FN:174,useAIControlLevel
FN:179,(anonymous_15)
FN:191,(anonymous_16)
FNF:17
FNH:0
FNDA:0,AIControlSlider
FNDA:0,(anonymous_1)
FNDA:0,(anonymous_2)
FNDA:0,(anonymous_3)
FNDA:0,(anonymous_4)
FNDA:0,(anonymous_5)
FNDA:0,(anonymous_6)
FNDA:0,(anonymous_7)
FNDA:0,(anonymous_8)
FNDA:0,(anonymous_9)
FNDA:0,(anonymous_10)
FNDA:0,(anonymous_11)
FNDA:0,(anonymous_12)
FNDA:0,(anonymous_13)
FNDA:0,useAIControlLevel
FNDA:0,(anonymous_15)
FNDA:0,(anonymous_16)
DA:17,0
DA:18,0
DA:20,0
DA:22,0
DA:23,0
DA:26,0
DA:27,0
DA:28,0
DA:29,0
DA:32,0
DA:33,0
DA:34,0
DA:35,0
DA:36,0
DA:39,0
DA:40,0
DA:41,0
DA:42,0
DA:43,0
DA:46,0
DA:47,0
DA:48,0
DA:49,0
DA:52,0
DA:85,0
DA:86,0
DA:87,0
DA:88,0
DA:89,0
DA:109,0
DA:134,0
DA:136,0
DA:165,0
DA:175,0
DA:177,0
DA:179,0
DA:181,0
DA:182,0
DA:183,0
DA:184,0
DA:185,0
DA:186,0
DA:191,0
DA:192,0
DA:193,0
DA:194,0
DA:197,0
LF:47
LH:0
BRDA:16,0,0,0
BRDA:16,1,0,0
BRDA:33,2,0,0
BRDA:33,2,1,0
BRDA:34,3,0,0
BRDA:34,3,1,0
BRDA:35,4,0,0
BRDA:35,4,1,0
BRDA:40,5,0,0
BRDA:40,5,1,0
BRDA:41,6,0,0
BRDA:41,6,1,0
BRDA:42,7,0,0
BRDA:42,7,1,0
BRDA:47,8,0,0
BRDA:47,8,1,0
BRDA:48,9,0,0
BRDA:48,9,1,0
BRDA:121,10,0,0
BRDA:121,10,1,0
BRDA:140,11,0,0
BRDA:140,11,1,0
BRDA:174,12,0,0
BRDA:182,13,0,0
BRDA:182,13,1,0
BRDA:184,14,0,0
BRDA:184,14,1,0
BRDA:184,15,0,0
BRDA:184,15,1,0
BRDA:184,15,2,0
BRF:30
BRH:0
end_of_record
TN:
SF:src\components\StrategyPlanner.tsx
FN:38,StrategyPlanner
FN:51,(anonymous_1)
FN:55,(anonymous_2)
FN:71,(anonymous_3)
FN:73,(anonymous_4)
FN:76,(anonymous_5)
FN:79,(anonymous_6)
FN:85,(anonymous_7)
FN:113,(anonymous_8)
FN:142,(anonymous_9)
FN:146,(anonymous_10)
FN:149,(anonymous_11)
FN:150,(anonymous_12)
FN:153,(anonymous_13)
FN:163,(anonymous_14)
FN:181,(anonymous_15)
FN:209,(anonymous_16)
FN:221,(anonymous_17)
FN:242,(anonymous_18)
FN:275,(anonymous_19)
FN:283,(anonymous_20)
FN:304,(anonymous_21)
FN:307,(anonymous_22)
FN:385,(anonymous_23)
FN:439,(anonymous_24)
FN:461,(anonymous_25)
FN:467,(anonymous_26)
FNF:27
FNH:0
FNDA:0,StrategyPlanner
FNDA:0,(anonymous_1)
FNDA:0,(anonymous_2)
FNDA:0,(anonymous_3)
FNDA:0,(anonymous_4)
FNDA:0,(anonymous_5)
FNDA:0,(anonymous_6)
FNDA:0,(anonymous_7)
FNDA:0,(anonymous_8)
FNDA:0,(anonymous_9)
FNDA:0,(anonymous_10)
FNDA:0,(anonymous_11)
FNDA:0,(anonymous_12)
FNDA:0,(anonymous_13)
FNDA:0,(anonymous_14)
FNDA:0,(anonymous_15)
FNDA:0,(anonymous_16)
FNDA:0,(anonymous_17)
FNDA:0,(anonymous_18)
FNDA:0,(anonymous_19)
FNDA:0,(anonymous_20)
FNDA:0,(anonymous_21)
FNDA:0,(anonymous_22)
FNDA:0,(anonymous_23)
FNDA:0,(anonymous_24)
FNDA:0,(anonymous_25)
FNDA:0,(anonymous_26)
DA:39,0
DA:40,0
DA:41,0
DA:45,0
DA:46,0
DA:47,0
DA:49,0
DA:51,0
DA:52,0
DA:55,0
DA:56,0
DA:58,0
DA:59,0
DA:60,0
DA:62,0
DA:63,0
DA:64,0
DA:67,0
DA:71,0
DA:72,0
DA:73,0
DA:76,0
DA:77,0
DA:78,0
DA:79,0
DA:82,0
DA:85,0
DA:86,0
DA:87,0
DA:89,0
DA:90,0
DA:100,0
DA:102,0
DA:103,0
DA:104,0
DA:107,0
DA:109,0
DA:113,0
DA:114,0
DA:115,0
DA:117,0
DA:118,0
DA:128,0
DA:130,0
DA:131,0
DA:132,0
DA:133,0
DA:136,0
DA:138,0
DA:142,0
DA:143,0
DA:144,0
DA:146,0
DA:149,0
DA:150,0
DA:153,0
DA:154,0
DA:155,0
DA:156,0
DA:157,0
DA:158,0
DA:159,0
DA:163,0
DA:164,0
DA:165,0
DA:166,0
DA:167,0
DA:168,0
DA:172,0
DA:182,0
DA:209,0
DA:221,0
DA:242,0
DA:276,0
DA:283,0
DA:305,0
DA:307,0
DA:386,0
DA:440,0
DA:461,0
DA:467,0
LF:81
LH:0
BRDA:38,0,0,0
BRDA:62,1,0,0
BRDA:62,1,1,0
BRDA:77,2,0,0
BRDA:77,2,1,0
BRDA:78,3,0,0
BRDA:78,3,1,0
BRDA:102,4,0,0
BRDA:102,4,1,0
BRDA:130,5,0,0
BRDA:130,5,1,0
BRDA:143,6,0,0
BRDA:143,6,1,0
BRDA:154,7,0,0
BRDA:154,7,1,0
BRDA:154,7,2,0
BRDA:154,7,3,0
BRDA:154,7,4,0
BRDA:164,8,0,0
BRDA:164,8,1,0
BRDA:164,8,2,0
BRDA:164,8,3,0
BRDA:185,9,0,0
BRDA:185,9,1,0
BRDA:197,10,0,0
BRDA:197,10,1,0
BRDA:208,11,0,0
BRDA:208,11,1,0
BRDA:220,12,0,0
BRDA:220,12,1,0
BRDA:241,13,0,0
BRDA:241,13,1,0
BRDA:251,14,0,0
BRDA:251,14,1,0
BRDA:261,15,0,0
BRDA:261,15,1,0
BRDA:279,16,0,0
BRDA:279,16,1,0
BRDA:309,17,0,0
BRDA:309,17,1,0
BRDA:329,18,0,0
BRDA:329,18,1,0
BRDA:339,19,0,0
BRDA:339,19,1,0
BRDA:343,20,0,0
BRDA:343,20,1,0
BRDA:348,21,0,0
BRDA:348,21,1,0
BRDA:378,22,0,0
BRDA:378,22,1,0
BRDA:378,22,2,0
BRDA:403,23,0,0
BRDA:403,23,1,0
BRDA:413,24,0,0
BRDA:413,24,1,0
BRDA:413,24,2,0
BRF:56
BRH:0
end_of_record
TN:
SF:src\components\ToolSelector.tsx
FN:46,ToolSelector
FN:58,(anonymous_1)
FN:63,(anonymous_2)
FN:69,(anonymous_3)
FN:85,(anonymous_4)
FN:102,(anonymous_5)
FN:130,(anonymous_6)
FN:159,(anonymous_7)
FN:168,(anonymous_8)
FN:174,(anonymous_9)
FN:202,(anonymous_10)
FN:210,(anonymous_11)
FN:262,(anonymous_12)
FN:280,(anonymous_13)
FN:296,(anonymous_14)
FN:304,(anonymous_15)
FNF:16
FNH:0
FNDA:0,ToolSelector
FNDA:0,(anonymous_1)
FNDA:0,(anonymous_2)
FNDA:0,(anonymous_3)
FNDA:0,(anonymous_4)
FNDA:0,(anonymous_5)
FNDA:0,(anonymous_6)
FNDA:0,(anonymous_7)
FNDA:0,(anonymous_8)
FNDA:0,(anonymous_9)
FNDA:0,(anonymous_10)
FNDA:0,(anonymous_11)
FNDA:0,(anonymous_12)
FNDA:0,(anonymous_13)
FNDA:0,(anonymous_14)
FNDA:0,(anonymous_15)
DA:47,0
DA:48,0
DA:49,0
DA:50,0
DA:51,0
DA:52,0
DA:53,0
DA:54,0
DA:56,0
DA:58,0
DA:59,0
DA:60,0
DA:63,0
DA:64,0
DA:65,0
DA:69,0
DA:70,0
DA:72,0
DA:73,0
DA:74,0
DA:76,0
DA:77,0
DA:78,0
DA:81,0
DA:85,0
DA:86,0
DA:88,0
DA:89,0
DA:90,0
DA:92,0
DA:93,0
DA:94,0
DA:95,0
DA:98,0
DA:102,0
DA:103,0
DA:105,0
DA:106,0
DA:116,0
DA:118,0
DA:119,0
DA:120,0
DA:121,0
DA:123,0
DA:126,0
DA:130,0
DA:131,0
DA:132,0
DA:134,0
DA:135,0
DA:145,0
DA:147,0
DA:148,0
DA:149,0
DA:150,0
DA:153,0
DA:155,0
DA:159,0
DA:160,0
DA:161,0
DA:162,0
DA:163,0
DA:164,0
DA:168,0
DA:169,0
DA:170,0
DA:171,0
DA:174,0
DA:175,0
DA:176,0
DA:177,0
DA:180,0
DA:203,0
DA:210,0
DA:262,0
DA:280,0
DA:297,0
DA:304,0
LF:78
LH:0
BRDA:46,0,0,0
BRDA:64,1,0,0
BRDA:64,1,1,0
BRDA:76,2,0,0
BRDA:76,2,1,0
BRDA:92,3,0,0
BRDA:92,3,1,0
BRDA:92,4,0,0
BRDA:92,4,1,0
BRDA:118,5,0,0
BRDA:118,5,1,0
BRDA:120,6,0,0
BRDA:120,6,1,0
BRDA:147,7,0,0
BRDA:147,7,1,0
BRDA:160,8,0,0
BRDA:160,8,1,0
BRDA:160,8,2,0
BRDA:160,8,3,0
BRDA:169,9,0,0
BRDA:169,9,1,0
BRDA:170,10,0,0
BRDA:170,10,1,0
BRDA:175,11,0,0
BRDA:175,11,1,0
BRDA:176,12,0,0
BRDA:176,12,1,0
BRDA:188,13,0,0
BRDA:188,13,1,0
BRDA:206,14,0,0
BRDA:206,14,1,0
BRDA:214,15,0,0
BRDA:214,15,1,0
BRDA:292,16,0,0
BRDA:292,16,1,0
BRDA:300,17,0,0
BRDA:300,17,1,0
BRDA:311,18,0,0
BRDA:311,18,1,0
BRDA:330,19,0,0
BRDA:330,19,1,0
BRDA:364,20,0,0
BRDA:364,20,1,0
BRDA:382,21,0,0
BRDA:382,21,1,0
BRF:45
BRH:0
end_of_record
TN:
SF:src\components\TrendsView.tsx
FN:27,TrendsView
FN:37,(anonymous_1)
FN:41,(anonymous_2)
FN:60,(anonymous_3)
FN:88,(anonymous_4)
FN:94,(anonymous_5)
FN:100,(anonymous_6)
FN:117,(anonymous_7)
FN:138,(anonymous_8)
FN:139,(anonymous_9)
FN:160,(anonymous_10)
FN:163,(anonymous_11)
FN:195,(anonymous_12)
FN:240,(anonymous_13)
FN:275,(anonymous_14)
FN:321,useTrends
FN:325,(anonymous_16)
FN:347,(anonymous_17)
FNF:18
FNH:0
FNDA:0,TrendsView
FNDA:0,(anonymous_1)
FNDA:0,(anonymous_2)
FNDA:0,(anonymous_3)
FNDA:0,(anonymous_4)
FNDA:0,(anonymous_5)
FNDA:0,(anonymous_6)
FNDA:0,(anonymous_7)
FNDA:0,(anonymous_8)
FNDA:0,(anonymous_9)
FNDA:0,(anonymous_10)
FNDA:0,(anonymous_11)
FNDA:0,(anonymous_12)
FNDA:0,(anonymous_13)
FNDA:0,(anonymous_14)
FNDA:0,useTrends
FNDA:0,(anonymous_16)
FNDA:0,(anonymous_17)
DA:28,0
DA:29,0
DA:30,0
DA:31,0
DA:32,0
DA:33,0
DA:35,0
DA:37,0
DA:38,0
DA:41,0
DA:42,0
DA:43,0
DA:45,0
DA:46,0
DA:47,0
DA:49,0
DA:50,0
DA:51,0
DA:54,0
DA:56,0
DA:60,0
DA:61,0
DA:63,0
DA:64,0
DA:66,0
DA:67,0
DA:68,0
DA:70,0
DA:71,0
DA:74,0
DA:75,0
DA:77,0
DA:78,0
DA:82,0
DA:84,0
DA:88,0
DA:89,0
DA:90,0
DA:91,0
DA:94,0
DA:95,0
DA:96,0
DA:97,0
DA:100,0
DA:101,0
DA:102,0
DA:103,0
DA:106,0
DA:117,0
DA:138,0
DA:139,0
DA:161,0
DA:163,0
DA:196,0
DA:241,0
DA:276,0
DA:322,0
DA:323,0
DA:325,0
DA:326,0
DA:327,0
DA:329,0
DA:330,0
DA:331,0
DA:332,0
DA:334,0
DA:335,0
DA:336,0
DA:338,0
DA:340,0
DA:341,0
DA:343,0
DA:347,0
DA:348,0
DA:350,0
DA:351,0
DA:357,0
DA:358,0
DA:360,0
DA:361,0
DA:365,0
LF:81
LH:0
BRDA:49,0,0,0
BRDA:49,0,1,0
BRDA:61,1,0,0
BRDA:61,1,1,0
BRDA:70,2,0,0
BRDA:70,2,1,0
BRDA:77,3,0,0
BRDA:77,3,1,0
BRDA:89,4,0,0
BRDA:89,4,1,0
BRDA:90,5,0,0
BRDA:90,5,1,0
BRDA:95,6,0,0
BRDA:95,6,1,0
BRDA:96,7,0,0
BRDA:96,7,1,0
BRDA:101,8,0,0
BRDA:101,8,1,0
BRDA:102,9,0,0
BRDA:102,9,1,0
BRDA:139,10,0,0
BRDA:139,10,1,0
BRDA:146,11,0,0
BRDA:146,11,1,0
BRDA:165,12,0,0
BRDA:165,12,1,0
BRDA:177,13,0,0
BRDA:177,13,1,0
BRDA:185,14,0,0
BRDA:185,14,1,0
BRDA:185,14,2,0
BRDA:236,15,0,0
BRDA:236,15,1,0
BRDA:259,16,0,0
BRDA:259,16,1,0
BRDA:259,16,2,0
BRDA:269,17,0,0
BRDA:269,17,1,0
BRDA:269,17,2,0
BRDA:273,18,0,0
BRDA:273,18,1,0
BRDA:286,19,0,0
BRDA:286,19,1,0
BRDA:288,20,0,0
BRDA:288,20,1,0
BRDA:325,21,0,0
BRDA:325,22,0,0
BRDA:334,23,0,0
BRDA:334,23,1,0
BRDA:358,24,0,0
BRDA:358,24,1,0
BRF:51
BRH:0
end_of_record
TN:
SF:src\components\UserProfile.tsx
FN:31,UserProfile
FN:43,(anonymous_1)
FN:53,(anonymous_2)
FN:54,(anonymous_3)
FN:74,(anonymous_4)
FN:101,(anonymous_5)
FN:119,(anonymous_6)
FN:175,(anonymous_7)
FN:231,(anonymous_8)
FN:254,(anonymous_9)
FN:266,(anonymous_10)
FN:277,(anonymous_11)
FN:291,(anonymous_12)
FN:304,(anonymous_13)
FN:324,(anonymous_14)
FN:337,(anonymous_15)
FN:350,(anonymous_16)
FN:363,(anonymous_17)
FN:427,(anonymous_18)
FN:437,(anonymous_19)
FN:447,(anonymous_20)
FNF:21
FNH:0
FNDA:0,UserProfile
FNDA:0,(anonymous_1)
FNDA:0,(anonymous_2)
FNDA:0,(anonymous_3)
FNDA:0,(anonymous_4)
FNDA:0,(anonymous_5)
FNDA:0,(anonymous_6)
FNDA:0,(anonymous_7)
FNDA:0,(anonymous_8)
FNDA:0,(anonymous_9)
FNDA:0,(anonymous_10)
FNDA:0,(anonymous_11)
FNDA:0,(anonymous_12)
FNDA:0,(anonymous_13)
FNDA:0,(anonymous_14)
FNDA:0,(anonymous_15)
FNDA:0,(anonymous_16)
FNDA:0,(anonymous_17)
FNDA:0,(anonymous_18)
FNDA:0,(anonymous_19)
FNDA:0,(anonymous_20)
DA:32,0
DA:33,0
DA:34,0
DA:35,0
DA:36,0
DA:37,0
DA:43,0
DA:44,0
DA:45,0
DA:53,0
DA:54,0
DA:55,0
DA:56,0
DA:67,0
DA:74,0
DA:75,0
DA:77,0
DA:78,0
DA:79,0
DA:81,0
DA:82,0
DA:90,0
DA:91,0
DA:92,0
DA:93,0
DA:95,0
DA:101,0
DA:103,0
DA:106,0
DA:107,0
DA:109,0
DA:115,0
DA:119,0
DA:120,0
DA:121,0
DA:127,0
DA:128,0
DA:131,0
DA:132,0
DA:142,0
DA:175,0
DA:231,0
DA:254,0
DA:266,0
DA:277,0
DA:291,0
DA:304,0
DA:324,0
DA:337,0
DA:350,0
DA:363,0
DA:427,0
DA:437,0
DA:447,0
LF:54
LH:0
BRDA:44,0,0,0
BRDA:44,0,1,0
BRDA:48,1,0,0
BRDA:48,1,1,0
BRDA:55,2,0,0
BRDA:55,2,1,0
BRDA:75,3,0,0
BRDA:75,3,1,0
BRDA:90,4,0,0
BRDA:90,4,1,0
BRDA:103,5,0,0
BRDA:103,5,1,0
BRDA:106,6,0,0
BRDA:106,6,1,0
BRDA:109,7,0,0
BRDA:109,7,1,0
BRDA:120,8,0,0
BRDA:120,8,1,0
BRDA:124,9,0,0
BRDA:124,9,1,0
BRDA:131,10,0,0
BRDA:131,10,1,0
BRDA:163,11,0,0
BRDA:163,11,1,0
BRDA:167,12,0,0
BRDA:167,12,1,0
BRDA:173,13,0,0
BRDA:173,13,1,0
BRDA:206,14,0,0
BRDA:206,14,1,0
BRDA:212,15,0,0
BRDA:212,15,1,0
BRDA:253,16,0,0
BRDA:253,16,1,0
BRDA:265,17,0,0
BRDA:265,17,1,0
BRDA:276,18,0,0
BRDA:276,18,1,0
BRDA:290,19,0,0
BRDA:290,19,1,0
BRDA:303,20,0,0
BRDA:303,20,1,0
BRDA:323,21,0,0
BRDA:323,21,1,0
BRDA:336,22,0,0
BRDA:336,22,1,0
BRDA:349,23,0,0
BRDA:349,23,1,0
BRDA:362,24,0,0
BRDA:362,24,1,0
BRDA:426,25,0,0
BRDA:426,25,1,0
BRDA:436,26,0,0
BRDA:436,26,1,0
BRDA:446,27,0,0
BRDA:446,27,1,0
BRF:56
BRH:0
end_of_record
TN:
SF:src\components\animations\CosmicText.tsx
FN:18,CosmicText
FN:44,(anonymous_1)
FN:50,(anonymous_2)
FN:54,(anonymous_3)
FN:55,(anonymous_4)
FN:56,(anonymous_5)
FN:74,(anonymous_6)
FN:89,(anonymous_7)
FN:90,(anonymous_8)
FN:100,(anonymous_9)
FN:103,(anonymous_10)
FN:155,(anonymous_11)
FN:167,(anonymous_12)
FN:181,(anonymous_13)
FN:184,(anonymous_14)
FN:202,(anonymous_15)
FN:208,(anonymous_16)
FN:211,(anonymous_17)
FN:216,(anonymous_18)
FN:225,(anonymous_19)
FN:229,(anonymous_20)
FN:236,(anonymous_21)
FN:261,(anonymous_22)
FN:276,(anonymous_23)
FN:312,CosmicWordReveal
FN:329,(anonymous_25)
FN:340,(anonymous_26)
FN:348,(anonymous_27)
FNF:28
FNH:0
FNDA:0,CosmicText
FNDA:0,(anonymous_1)
FNDA:0,(anonymous_2)
FNDA:0,(anonymous_3)
FNDA:0,(anonymous_4)
FNDA:0,(anonymous_5)
FNDA:0,(anonymous_6)
FNDA:0,(anonymous_7)
FNDA:0,(anonymous_8)
FNDA:0,(anonymous_9)
FNDA:0,(anonymous_10)
FNDA:0,(anonymous_11)
FNDA:0,(anonymous_12)
FNDA:0,(anonymous_13)
FNDA:0,(anonymous_14)
FNDA:0,(anonymous_15)
FNDA:0,(anonymous_16)
FNDA:0,(anonymous_17)
FNDA:0,(anonymous_18)
FNDA:0,(anonymous_19)
FNDA:0,(anonymous_20)
FNDA:0,(anonymous_21)
FNDA:0,(anonymous_22)
FNDA:0,(anonymous_23)
FNDA:0,CosmicWordReveal
FNDA:0,(anonymous_25)
FNDA:0,(anonymous_26)
FNDA:0,(anonymous_27)
DA:28,0
DA:29,0
DA:30,0
DA:31,0
DA:32,0
DA:35,0
DA:41,0
DA:44,0
DA:45,0
DA:46,0
DA:47,0
DA:50,0
DA:51,0
DA:52,0
DA:54,0
DA:55,0
DA:56,0
DA:57,0
DA:58,0
DA:59,0
DA:60,0
DA:62,0
DA:63,0
DA:65,0
DA:68,0
DA:69,0
DA:74,0
DA:75,0
DA:76,0
DA:77,0
DA:82,0
DA:83,0
DA:87,0
DA:88,0
DA:90,0
DA:91,0
DA:92,0
DA:99,0
DA:100,0
DA:103,0
DA:104,0
DA:105,0
DA:111,0
DA:119,0
DA:127,0
DA:136,0
DA:145,0
DA:155,0
DA:156,0
DA:157,0
DA:158,0
DA:159,0
DA:160,0
DA:161,0
DA:162,0
DA:167,0
DA:168,0
DA:170,0
DA:171,0
DA:172,0
DA:173,0
DA:174,0
DA:175,0
DA:176,0
DA:181,0
DA:182,0
DA:184,0
DA:185,0
DA:202,0
DA:203,0
DA:205,0
DA:206,0
DA:208,0
DA:209,0
DA:211,0
DA:212,0
DA:213,0
DA:214,0
DA:217,0
DA:218,0
DA:220,0
DA:223,0
DA:225,0
DA:229,0
DA:232,0
DA:236,0
DA:237,0
DA:239,0
DA:261,0
DA:262,0
DA:264,0
DA:266,0
DA:268,0
DA:270,0
DA:272,0
DA:276,0
DA:277,0
DA:286,0
DA:289,0
DA:325,0
DA:326,0
DA:328,0
DA:329,0
DA:340,0
DA:341,0
DA:342,0
DA:346,0
DA:349,0
LF:108
LH:0
BRDA:21,0,0,0
BRDA:22,1,0,0
BRDA:23,2,0,0
BRDA:24,3,0,0
BRDA:25,4,0,0
BRDA:26,5,0,0
BRDA:45,6,0,0
BRDA:45,6,1,0
BRDA:45,7,0,0
BRDA:45,7,1,0
BRDA:57,8,0,0
BRDA:57,8,1,0
BRDA:58,9,0,0
BRDA:58,9,1,0
BRDA:62,10,0,0
BRDA:62,10,1,0
BRDA:76,11,0,0
BRDA:76,11,1,0
BRDA:82,12,0,0
BRDA:82,12,1,0
BRDA:87,13,0,0
BRDA:87,13,1,0
BRDA:87,14,0,0
BRDA:87,14,1,0
BRDA:91,15,0,0
BRDA:91,15,1,0
BRDA:104,16,0,0
BRDA:104,16,1,0
BRDA:112,17,0,0
BRDA:112,17,1,0
BRDA:115,18,0,0
BRDA:115,18,1,0
BRDA:116,19,0,0
BRDA:116,19,1,0
BRDA:120,20,0,0
BRDA:120,20,1,0
BRDA:123,21,0,0
BRDA:123,21,1,0
BRDA:124,22,0,0
BRDA:124,22,1,0
BRDA:128,23,0,0
BRDA:128,23,1,0
BRDA:131,24,0,0
BRDA:131,24,1,0
BRDA:133,25,0,0
BRDA:133,25,1,0
BRDA:137,26,0,0
BRDA:137,26,1,0
BRDA:140,27,0,0
BRDA:140,27,1,0
BRDA:142,28,0,0
BRDA:142,28,1,0
BRDA:146,29,0,0
BRDA:146,29,1,0
BRDA:149,30,0,0
BRDA:149,30,1,0
BRDA:151,31,0,0
BRDA:151,31,1,0
BRDA:156,32,0,0
BRDA:156,32,1,0
BRDA:156,32,2,0
BRDA:156,32,3,0
BRDA:156,32,4,0
BRDA:156,32,5,0
BRDA:168,33,0,0
BRDA:168,33,1,0
BRDA:170,34,0,0
BRDA:170,34,1,0
BRDA:170,34,2,0
BRDA:170,34,3,0
BRDA:170,34,4,0
BRDA:170,34,5,0
BRDA:182,35,0,0
BRDA:182,35,1,0
BRDA:189,36,0,0
BRDA:189,36,1,0
BRDA:196,37,0,0
BRDA:196,37,1,0
BRDA:203,38,0,0
BRDA:203,38,1,0
BRDA:209,39,0,0
BRDA:209,39,1,0
BRDA:213,40,0,0
BRDA:213,40,1,0
BRDA:217,41,0,0
BRDA:217,41,1,0
BRDA:237,42,0,0
BRDA:237,42,1,0
BRDA:243,43,0,0
BRDA:243,43,1,0
BRDA:247,44,0,0
BRDA:247,44,1,0
BRDA:250,45,0,0
BRDA:250,45,1,0
BRDA:262,46,0,0
BRDA:262,46,1,0
BRDA:262,46,2,0
BRDA:262,46,3,0
BRDA:262,46,4,0
BRDA:286,47,0,0
BRDA:286,47,1,0
BRDA:295,48,0,0
BRDA:295,48,1,0
BRDA:295,48,2,0
BRDA:295,48,3,0
BRDA:296,49,0,0
BRDA:296,49,1,0
BRDA:304,50,0,0
BRDA:304,50,1,0
BRDA:304,50,2,0
BRDA:304,50,3,0
BRDA:315,51,0,0
BRDA:316,52,0,0
BRDA:317,53,0,0
BRDA:331,54,0,0
BRDA:331,54,1,0
BRDA:341,55,0,0
BRDA:341,55,1,0
BRDA:354,56,0,0
BRDA:354,56,1,0
BRDA:354,57,0,0
BRDA:354,57,1,0
BRF:122
BRH:0
end_of_record
TN:
SF:src\components\ui\Button.tsx
FN:63,(anonymous_0)
FNF:1
FNH:0
FNDA:0,(anonymous_0)
DA:6,0
DA:62,0
DA:76,0
DA:78,0
DA:108,0
LF:5
LH:0
BRDA:68,0,0,0
BRDA:69,1,0,0
BRDA:76,2,0,0
BRDA:76,2,1,0
BRDA:82,3,0,0
BRDA:82,3,1,0
BRDA:86,4,0,0
BRDA:86,4,1,0
BRDA:93,5,0,0
BRDA:93,5,1,0
BRDA:94,6,0,0
BRDA:94,6,1,0
BRDA:96,7,0,0
BRDA:96,7,1,0
BRDA:100,8,0,0
BRDA:100,8,1,0
BRF:16
BRH:0
end_of_record
TN:
SF:src\components\ui\Card.tsx
FN:59,(anonymous_0)
FN:77,(anonymous_1)
FN:89,(anonymous_2)
FN:103,(anonymous_3)
FN:115,(anonymous_4)
FN:123,(anonymous_5)
FNF:6
FNH:0
FNDA:0,(anonymous_0)
FNDA:0,(anonymous_1)
FNDA:0,(anonymous_2)
FNDA:0,(anonymous_3)
FNDA:0,(anonymous_4)
FNDA:0,(anonymous_5)
DA:6,0
DA:58,0
DA:60,0
DA:62,0
DA:72,0
DA:74,0
DA:78,0
DA:84,0
DA:86,0
DA:90,0
DA:98,0
DA:100,0
DA:104,0
DA:110,0
DA:112,0
DA:116,0
DA:118,0
DA:120,0
DA:124,0
DA:130,0
LF:20
LH:0
BRDA:59,0,0,0
BRDA:60,1,0,0
BRDA:60,1,1,0
BRF:3
BRH:0
end_of_record
TN:
SF:src\components\ui\CosmicBackground.tsx
FN:24,CosmicBackground
FN:39,(anonymous_1)
FN:47,(anonymous_2)
FN:50,(anonymous_3)
FN:85,(anonymous_4)
FN:91,(anonymous_5)
FN:94,(anonymous_6)
FN:99,(anonymous_7)
FN:103,(anonymous_8)
FN:114,(anonymous_9)
FN:121,(anonymous_10)
FN:172,(anonymous_11)
FN:180,(anonymous_12)
FN:182,(anonymous_13)
FNF:14
FNH:0
FNDA:0,CosmicBackground
FNDA:0,(anonymous_1)
FNDA:0,(anonymous_2)
FNDA:0,(anonymous_3)
FNDA:0,(anonymous_4)
FNDA:0,(anonymous_5)
FNDA:0,(anonymous_6)
FNDA:0,(anonymous_7)
FNDA:0,(anonymous_8)
FNDA:0,(anonymous_9)
FNDA:0,(anonymous_10)
FNDA:0,(anonymous_11)
FNDA:0,(anonymous_12)
FNDA:0,(anonymous_13)
DA:32,0
DA:33,0
DA:34,0
DA:35,0
DA:36,0
DA:39,0
DA:40,0
DA:41,0
DA:43,0
DA:47,0
DA:48,0
DA:50,0
DA:51,0
DA:52,0
DA:54,0
DA:56,0
DA:57,0
DA:58,0
DA:60,0
DA:61,0
DA:62,0
DA:64,0
DA:65,0
DA:66,0
DA:68,0
DA:69,0
DA:70,0
DA:72,0
DA:73,0
DA:76,0
DA:85,0
DA:86,0
DA:87,0
DA:91,0
DA:92,0
DA:94,0
DA:95,0
DA:98,0
DA:99,0
DA:103,0
DA:104,0
DA:106,0
DA:107,0
DA:109,0
DA:110,0
DA:112,0
DA:114,0
DA:115,0
DA:116,0
DA:117,0
DA:119,0
DA:121,0
DA:123,0
DA:124,0
DA:126,0
DA:127,0
DA:130,0
DA:131,0
DA:132,0
DA:133,0
DA:135,0
DA:136,0
DA:137,0
DA:138,0
DA:143,0
DA:145,0
DA:146,0
DA:149,0
DA:150,0
DA:151,0
DA:152,0
DA:155,0
DA:156,0
DA:157,0
DA:158,0
DA:159,0
DA:160,0
DA:163,0
DA:166,0
DA:167,0
DA:170,0
DA:172,0
DA:173,0
DA:174,0
DA:180,0
DA:181,0
DA:183,0
DA:203,0
LF:88
LH:0
BRDA:27,0,0,0
BRDA:28,1,0,0
BRDA:29,2,0,0
BRDA:30,3,0,0
BRDA:54,4,0,0
BRDA:54,4,1,0
BRDA:54,4,2,0
BRDA:54,4,3,0
BRDA:54,4,4,0
BRDA:92,5,0,0
BRDA:92,5,1,0
BRDA:104,6,0,0
BRDA:104,6,1,0
BRDA:104,7,0,0
BRDA:104,7,1,0
BRDA:104,7,2,0
BRDA:107,8,0,0
BRDA:107,8,1,0
BRDA:110,9,0,0
BRDA:110,9,1,0
BRDA:130,10,0,0
BRDA:130,10,1,0
BRDA:135,11,0,0
BRDA:135,11,1,0
BRDA:149,12,0,0
BRDA:149,12,1,0
BRDA:155,13,0,0
BRDA:155,13,1,0
BRDA:155,14,0,0
BRDA:155,14,1,0
BRDA:157,15,0,0
BRDA:157,15,1,0
BRDA:173,16,0,0
BRDA:173,16,1,0
BRDA:187,17,0,0
BRDA:187,17,1,0
BRDA:187,17,2,0
BRDA:187,17,3,0
BRDA:194,18,0,0
BRDA:194,18,1,0
BRDA:206,19,0,0
BRDA:206,19,1,0
BRDA:215,20,0,0
BRDA:215,20,1,0
BRF:44
BRH:0
end_of_record
TN:
SF:src\components\ui\Input.tsx
FN:58,(anonymous_0)
FN:111,(anonymous_1)
FN:115,(anonymous_2)
FN:128,(anonymous_3)
FNF:4
FNH:0
FNDA:0,(anonymous_0)
FNDA:0,(anonymous_1)
FNDA:0,(anonymous_2)
FNDA:0,(anonymous_3)
DA:7,0
DA:57,0
DA:72,0
DA:73,0
DA:75,0
DA:79,0
DA:80,0
DA:82,0
DA:112,0
DA:113,0
DA:116,0
DA:117,0
DA:128,0
DA:166,0
LF:14
LH:0
BRDA:69,0,0,0
BRDA:75,1,0,0
BRDA:75,1,1,0
BRDA:75,2,0,0
BRDA:75,2,1,0
BRDA:76,3,0,0
BRDA:76,3,1,0
BRDA:80,4,0,0
BRDA:80,4,1,0
BRDA:85,5,0,0
BRDA:85,5,1,0
BRDA:94,6,0,0
BRDA:94,6,1,0
BRDA:105,7,0,0
BRDA:105,7,1,0
BRDA:106,8,0,0
BRDA:106,8,1,0
BRDA:106,8,2,0
BRDA:107,9,0,0
BRDA:107,9,1,0
BRDA:107,9,2,0
BRDA:123,10,0,0
BRDA:123,10,1,0
BRDA:123,10,2,0
BRDA:125,11,0,0
BRDA:125,11,1,0
BRDA:125,12,0,0
BRDA:125,12,1,0
BRDA:130,13,0,0
BRDA:130,13,1,0
BRDA:132,14,0,0
BRDA:132,14,1,0
BRDA:147,15,0,0
BRDA:147,15,1,0
BRDA:147,15,2,0
BRDA:153,16,0,0
BRDA:153,16,1,0
BRDA:153,16,2,0
BRDA:156,17,0,0
BRDA:156,17,1,0
BRDA:158,18,0,0
BRDA:158,18,1,0
BRF:42
BRH:0
end_of_record
TN:
SF:src\components\ui\LoadingStates.tsx
FN:19,(anonymous_0)
FN:56,(anonymous_1)
FN:101,(anonymous_2)
FN:156,(anonymous_3)
FN:178,(anonymous_4)
FN:203,(anonymous_5)
FN:212,(anonymous_6)
FN:219,(anonymous_7)
FN:222,(anonymous_8)
FN:247,(anonymous_9)
FN:309,(anonymous_10)
FN:380,(anonymous_11)
FN:393,(anonymous_12)
FN:414,(anonymous_13)
FN:422,(anonymous_14)
FN:436,(anonymous_15)
FNF:16
FNH:16
FNDA:19,(anonymous_0)
FNDA:4,(anonymous_1)
FNDA:38,(anonymous_2)
FNDA:129,(anonymous_3)
FNDA:9,(anonymous_4)
FNDA:3,(anonymous_5)
FNDA:9,(anonymous_6)
FNDA:11,(anonymous_7)
FNDA:35,(anonymous_8)
FNDA:22,(anonymous_9)
FNDA:4,(anonymous_10)
FNDA:1,(anonymous_11)
FNDA:4,(anonymous_12)
FNDA:1,(anonymous_13)
FNDA:6,(anonymous_14)
FNDA:5,(anonymous_15)
DA:19,2
DA:25,19
DA:32,19
DA:39,19
DA:56,2
DA:62,4
DA:101,2
DA:112,38
DA:114,38
DA:121,38
DA:127,38
DA:156,2
DA:163,129
DA:164,129
DA:166,129
DA:178,2
DA:179,9
DA:203,2
DA:208,3
DA:213,9
DA:220,11
DA:223,35
DA:247,2
DA:257,22
DA:259,22
DA:265,22
DA:272,22
DA:309,2
DA:319,4
DA:320,4
DA:321,4
DA:322,4
DA:324,4
DA:331,4
DA:380,2
DA:381,1
DA:394,4
DA:414,2
DA:415,1
DA:423,6
DA:436,2
DA:441,5
DA:474,5
DA:475,5
DA:477,5
LF:45
LH:45
BRDA:20,0,0,8
BRDA:21,1,0,14
BRDA:22,2,0,14
BRDA:23,3,0,19
BRDA:57,4,0,3
BRDA:59,5,0,3
BRDA:60,6,0,4
BRDA:65,7,0,3
BRDA:65,7,1,1
BRDA:80,8,0,4
BRDA:80,8,1,1
BRDA:102,9,0,6
BRDA:104,10,0,9
BRDA:105,11,0,7
BRDA:106,12,0,7
BRDA:107,13,0,9
BRDA:109,14,0,38
BRDA:110,15,0,9
BRDA:131,16,0,38
BRDA:131,16,1,38
BRDA:135,17,0,38
BRDA:135,17,1,3
BRDA:138,18,0,0
BRDA:138,18,1,3
BRDA:138,19,0,3
BRDA:138,19,1,3
BRDA:157,20,0,4
BRDA:158,21,0,4
BRDA:159,22,0,88
BRDA:160,23,0,95
BRDA:161,24,0,128
BRDA:163,25,0,31
BRDA:163,25,1,98
BRDA:164,26,0,31
BRDA:164,26,1,98
BRDA:168,27,0,34
BRDA:168,27,1,95
BRDA:169,28,0,128
BRDA:169,28,1,1
BRDA:178,29,0,8
BRDA:204,30,0,1
BRDA:205,31,0,1
BRDA:206,32,0,3
BRDA:225,33,0,11
BRDA:225,33,1,24
BRDA:249,34,0,21
BRDA:250,35,0,21
BRDA:251,36,0,20
BRDA:252,37,0,22
BRDA:253,38,0,21
BRDA:254,39,0,5
BRDA:274,40,0,22
BRDA:274,40,1,20
BRDA:274,40,2,19
BRDA:276,41,0,19
BRDA:276,41,1,2
BRDA:277,42,0,19
BRDA:277,42,1,17
BRDA:283,43,0,22
BRDA:283,43,1,0
BRDA:290,44,0,22
BRDA:290,44,1,20
BRDA:311,45,0,3
BRDA:312,46,0,4
BRDA:313,47,0,4
BRDA:314,48,0,4
BRDA:315,49,0,4
BRDA:316,50,0,3
BRDA:364,51,0,4
BRDA:364,51,1,3
BRDA:369,52,0,3
BRDA:369,52,1,1
BRDA:439,53,0,4
BRDA:491,54,0,5
BRDA:491,54,1,1
BRF:75
BRH:73
end_of_record
TN:
SF:src\components\ui\ProgressIndicators.tsx
FN:46,(anonymous_0)
FN:58,(anonymous_1)
FN:59,(anonymous_2)
FN:63,(anonymous_3)
FN:78,(anonymous_4)
FN:101,(anonymous_5)
FN:107,(anonymous_6)
FN:132,(anonymous_7)
FN:139,(anonymous_8)
FN:204,(anonymous_9)
FN:256,(anonymous_10)
FN:262,(anonymous_11)
FN:329,(anonymous_12)
FN:361,(anonymous_13)
FN:364,(anonymous_14)
FN:405,(anonymous_15)
FN:414,(anonymous_16)
FN:495,(anonymous_17)
FN:503,(anonymous_18)
FN:508,(anonymous_19)
FNF:20
FNH:19
FNDA:18,(anonymous_0)
FNDA:29,(anonymous_1)
FNDA:39,(anonymous_2)
FNDA:39,(anonymous_3)
FNDA:39,(anonymous_4)
FNDA:1,(anonymous_5)
FNDA:3,(anonymous_6)
FNDA:7,(anonymous_7)
FNDA:0,(anonymous_8)
FNDA:2,(anonymous_9)
FNDA:32,(anonymous_10)
FNDA:1,(anonymous_11)
FNDA:34,(anonymous_12)
FNDA:136,(anonymous_13)
FNDA:1,(anonymous_14)
FNDA:6,(anonymous_15)
FNDA:15,(anonymous_16)
FNDA:5,(anonymous_17)
FNDA:20,(anonymous_18)
FNDA:1,(anonymous_19)
DA:46,2
DA:58,29
DA:59,39
DA:60,18
DA:61,18
DA:63,18
DA:64,39
DA:66,14
DA:68,1
DA:70,1
DA:72,13
DA:74,10
DA:78,18
DA:79,39
DA:81,39
DA:87,39
DA:89,14
DA:91,13
DA:93,1
DA:95,1
DA:97,10
DA:101,18
DA:102,1
DA:103,1
DA:107,18
DA:108,3
DA:109,3
DA:110,3
DA:111,3
DA:114,18
DA:115,5
DA:133,7
DA:139,0
DA:205,2
DA:238,13
DA:257,32
DA:262,1
DA:329,2
DA:337,34
DA:339,34
DA:362,136
DA:364,1
DA:405,2
DA:411,6
DA:415,15
DA:495,2
DA:501,5
DA:504,20
DA:508,1
LF:49
LH:48
BRDA:48,0,0,13
BRDA:49,1,0,16
BRDA:50,2,0,17
BRDA:51,3,0,17
BRDA:52,4,0,15
BRDA:54,5,0,18
BRDA:55,6,0,16
BRDA:56,7,0,18
BRDA:64,8,0,14
BRDA:64,8,1,1
BRDA:64,8,2,1
BRDA:64,8,3,13
BRDA:64,8,4,10
BRDA:87,9,0,14
BRDA:87,9,1,13
BRDA:87,9,2,1
BRDA:87,9,3,1
BRDA:87,9,4,10
BRDA:102,10,0,1
BRDA:102,10,1,0
BRDA:102,11,0,1
BRDA:102,11,1,1
BRDA:102,11,2,1
BRDA:102,11,3,0
BRDA:108,12,0,0
BRDA:108,12,1,3
BRDA:111,13,0,0
BRDA:111,13,1,3
BRDA:114,14,0,5
BRDA:114,14,1,13
BRDA:117,15,0,5
BRDA:117,15,1,5
BRDA:140,16,0,7
BRDA:140,16,1,0
BRDA:140,16,2,0
BRDA:142,17,0,0
BRDA:142,17,1,7
BRDA:142,18,0,7
BRDA:142,18,1,0
BRDA:142,18,2,0
BRDA:156,19,0,1
BRDA:156,19,1,6
BRDA:157,20,0,3
BRDA:157,20,1,3
BRDA:158,21,0,1
BRDA:158,21,1,2
BRDA:159,22,0,1
BRDA:159,22,1,1
BRDA:163,23,0,7
BRDA:163,23,1,1
BRDA:168,24,0,7
BRDA:168,24,1,0
BRDA:168,24,2,0
BRDA:176,25,0,7
BRDA:176,25,1,7
BRDA:180,26,0,7
BRDA:180,26,1,1
BRDA:187,27,0,7
BRDA:187,27,1,1
BRDA:194,28,0,7
BRDA:194,28,1,1
BRDA:202,29,0,7
BRDA:202,29,1,1
BRDA:202,29,2,1
BRDA:202,29,3,1
BRDA:207,30,0,1
BRDA:207,30,1,1
BRDA:208,31,0,1
BRDA:208,31,1,0
BRDA:209,32,0,0
BRDA:209,32,1,0
BRDA:213,33,0,1
BRDA:213,33,1,1
BRDA:214,34,0,1
BRDA:214,34,1,0
BRDA:215,35,0,0
BRDA:215,35,1,0
BRDA:228,36,0,7
BRDA:228,36,1,2
BRDA:240,37,0,13
BRDA:240,37,1,12
BRDA:263,38,0,32
BRDA:263,38,1,8
BRDA:263,38,2,5
BRDA:265,39,0,6
BRDA:265,39,1,26
BRDA:265,40,0,32
BRDA:265,40,1,8
BRDA:265,40,2,5
BRDA:277,41,0,12
BRDA:277,41,1,20
BRDA:278,42,0,11
BRDA:278,42,1,9
BRDA:279,43,0,0
BRDA:279,43,1,9
BRDA:280,44,0,0
BRDA:280,44,1,9
BRDA:284,45,0,32
BRDA:284,45,1,9
BRDA:289,46,0,32
BRDA:289,46,1,0
BRDA:289,46,2,0
BRDA:293,47,0,32
BRDA:293,47,1,3
BRDA:293,47,2,3
BRDA:300,48,0,32
BRDA:300,48,1,0
BRDA:309,49,0,32
BRDA:309,49,1,20
BRDA:333,50,0,32
BRDA:335,51,0,5
BRDA:364,52,0,1
BRDA:364,52,1,1
BRDA:365,53,0,136
BRDA:365,53,1,8
BRDA:367,54,0,34
BRDA:367,54,1,102
BRDA:369,55,0,6
BRDA:369,55,1,96
BRDA:373,56,0,5
BRDA:373,56,1,131
BRDA:373,57,0,136
BRDA:373,57,1,8
BRDA:407,58,0,6
BRDA:408,59,0,5
BRDA:409,60,0,4
BRDA:417,61,0,15
BRDA:417,61,1,10
BRDA:420,62,0,5
BRDA:420,62,1,5
BRDA:429,63,0,5
BRDA:429,63,1,10
BRDA:431,64,0,5
BRDA:431,64,1,5
BRDA:435,65,0,0
BRDA:435,65,1,15
BRDA:437,66,0,5
BRDA:437,66,1,10
BRDA:439,67,0,5
BRDA:439,67,1,5
BRDA:450,68,0,5
BRDA:450,68,1,10
BRDA:452,69,0,5
BRDA:452,69,1,5
BRDA:461,70,0,15
BRDA:461,70,1,3
BRDA:461,70,2,3
BRDA:467,71,0,15
BRDA:467,71,1,12
BRDA:467,71,2,12
BRDA:497,72,0,4
BRDA:498,73,0,5
BRDA:505,74,0,20
BRDA:505,74,1,15
BRDA:510,75,0,5
BRDA:510,75,1,15
BRDA:513,76,0,4
BRDA:513,76,1,16
BRDA:514,77,0,5
BRDA:514,77,1,15
BRF:160
BRH:137
end_of_record
TN:
SF:src\components\ui\index.ts
FNF:0
FNH:0
LF:0
LH:0
BRF:0
BRH:0
end_of_record
TN:
SF:src\config\environment.ts
FN:42,(anonymous_0)
FN:49,(anonymous_1)
FN:82,(anonymous_2)
FN:93,(anonymous_3)
FN:95,(anonymous_4)
FN:119,(anonymous_5)
FN:123,(anonymous_6)
FN:127,(anonymous_7)
FNF:8
FNH:0
FNDA:0,(anonymous_0)
FNDA:0,(anonymous_1)
FNDA:0,(anonymous_2)
FNDA:0,(anonymous_3)
FNDA:0,(anonymous_4)
FNDA:0,(anonymous_5)
[...]
FNDA:0,(anonymous_32)
FNDA:0,(anonymous_33)
FNDA:0,(anonymous_34)
FNDA:0,(anonymous_35)
FNDA:0,(anonymous_36)
FNDA:0,(anonymous_37)
FNDA:0,(anonymous_38)
FNDA:0,(anonymous_39)
FNDA:0,(anonymous_40)
FNDA:0,(anonymous_41)
FNDA:0,(anonymous_42)
FNDA:0,(anonymous_43)
FNDA:0,(anonymous_44)
FNDA:0,(anonymous_45)
FNDA:0,(anonymous_46)
FNDA:0,(anonymous_47)
FNDA:0,(anonymous_48)
FNDA:0,(anonymous_49)
FNDA:0,(anonymous_50)
FNDA:0,(anonymous_51)
FNDA:0,(anonymous_52)
FNDA:0,(anonymous_53)
FNDA:0,(anonymous_54)
FNDA:0,(anonymous_55)
FNDA:0,(anonymous_56)
DA:27,0
DA:40,0
DA:41,0
DA:42,0
DA:43,0
DA:44,0
DA:45,0
DA:48,0
DA:53,0
DA:56,0
DA:59,0
DA:62,0
DA:65,0
DA:68,0
DA:71,0
DA:74,0
DA:79,0
DA:82,0
DA:87,0
DA:90,0
DA:94,0
DA:97,0
DA:101,0
DA:104,0
DA:108,0
DA:111,0
DA:115,0
DA:118,0
DA:122,0
DA:125,0
DA:129,0
DA:132,0
DA:137,0
DA:140,0
DA:144,0
DA:147,0
DA:151,0
DA:154,0
DA:158,0
DA:161,0
DA:166,0
DA:169,0
DA:174,0
DA:177,0
DA:181,0
DA:184,0
DA:188,0
DA:191,0
DA:196,0
DA:199,0
DA:203,0
DA:206,0
DA:210,0
DA:213,0
DA:217,0
DA:220,0
DA:224,0
DA:227,0
DA:231,0
DA:234,0
DA:239,0
DA:242,0
DA:246,0
DA:249,0
DA:253,0
DA:256,0
DA:260,0
DA:263,0
DA:267,0
DA:270,0
DA:274,0
DA:277,0
DA:281,0
DA:284,0
DA:288,0
DA:291,0
DA:296,0
DA:299,0
DA:305,0
DA:308,0
DA:313,0
DA:316,0
DA:321,0
DA:324,0
DA:329,0
DA:332,0
DA:338,0
DA:341,0
DA:346,0
DA:349,0
DA:354,0
DA:357,0
DA:362,0
DA:365,0
DA:370,0
DA:373,0
DA:379,0
DA:382,0
DA:387,0
DA:390,0
DA:396,0
DA:399,0
DA:404,0
DA:407,0
DA:414,0
DA:418,0
DA:419,0
DA:421,0
DA:422,0
DA:423,0
DA:427,0
DA:431,0
DA:432,0
DA:433,0
DA:434,0
DA:435,0
DA:438,0
DA:440,0
DA:441,0
DA:452,0
DA:453,0
DA:454,0
DA:456,0
DA:470,0
DA:471,0
DA:475,0
DA:476,0
DA:481,0
DA:490,0
DA:499,0
DA:502,0
DA:504,0
DA:514,0
DA:522,0
DA:526,0
DA:527,0
DA:534,0
DA:543,0
DA:548,0
LF:139
LH:0
BRDA:421,0,0,0
BRDA:421,0,1,0
BRDA:421,1,0,0
BRDA:421,1,1,0
BRDA:453,2,0,0
BRDA:453,2,1,0
BRDA:453,3,0,0
BRDA:453,3,1,0
BRDA:462,4,0,0
BRDA:462,4,1,0
BRDA:463,5,0,0
BRDA:463,5,1,0
BRDA:464,6,0,0
BRDA:464,6,1,0
BRDA:470,7,0,0
BRDA:470,7,1,0
BRDA:470,8,0,0
BRDA:470,8,1,0
BRDA:526,9,0,0
BRDA:526,9,1,0
BRDA:539,10,0,0
BRDA:539,10,1,0
BRDA:551,11,0,0
BRDA:551,11,1,0
BRF:24
BRH:0
end_of_record
TN:
SF:src\worker\secure-auth.ts
FN:34,(anonymous_0)
FN:60,(anonymous_1)
FN:81,(anonymous_2)
FN:110,(anonymous_3)
FN:132,(anonymous_4)
FN:149,(anonymous_5)
FN:171,(anonymous_6)
FN:188,(anonymous_7)
FN:196,(anonymous_8)
FN:206,(anonymous_9)
FN:219,(anonymous_10)
FNF:11
FNH:11
FNDA:25,(anonymous_0)
FNDA:7,(anonymous_1)
FNDA:15,(anonymous_2)
FNDA:3,(anonymous_3)
FNDA:31,(anonymous_4)
FNDA:18,(anonymous_5)
FNDA:45,(anonymous_6)
FNDA:62,(anonymous_7)
FNDA:10,(anonymous_8)
FNDA:45,(anonymous_9)
FNDA:7,(anonymous_10)
DA:25,1
DA:26,1
DA:27,1
DA:28,1
DA:29,1
DA:41,25
DA:43,25
DA:54,25
DA:64,7
DA:66,7
DA:75,7
DA:82,15
DA:83,15
DA:86,7
DA:87,0
DA:91,7
DA:92,7
DA:93,0
DA:97,7
DA:98,0
DA:101,7
DA:103,8
DA:111,3
DA:112,3
DA:114,3
DA:115,1
DA:118,2
DA:119,2
DA:120,0
DA:123,2
DA:125,0
DA:133,31
DA:138,31
DA:139,31
DA:141,30
DA:143,30
DA:150,18
DA:151,18
DA:152,3
DA:155,15
DA:158,15
DA:159,15
DA:160,5
DA:164,10
DA:165,10
DA:172,45
DA:173,45
DA:181,45
DA:182,45
DA:189,62
DA:190,61
DA:198,10
DA:199,10
DA:200,10
DA:207,45
DA:208,45
DA:209,45
DA:210,1440
DA:212,45
DA:213,45
DA:220,7
LF:61
LH:56
BRDA:86,0,0,0
BRDA:86,0,1,7
BRDA:92,1,0,0
BRDA:92,1,1,7
BRDA:97,2,0,0
BRDA:97,2,1,7
BRDA:97,3,0,7
BRDA:97,3,1,7
BRDA:114,4,0,1
BRDA:114,4,1,2
BRDA:119,5,0,0
BRDA:119,5,1,2
BRDA:151,6,0,3
BRDA:151,6,1,15
BRDA:159,7,0,5
BRDA:159,7,1,10
BRDA:221,8,0,7
BRDA:221,8,1,7
BRDA:221,8,2,7
BRDA:221,8,3,7
BRDA:221,8,4,7
BRDA:221,8,5,7
BRDA:221,8,6,7
BRDA:221,8,7,7
BRDA:221,8,8,7
BRF:25
BRH:21
end_of_record
TN:
SF:src\worker\secure-index.ts
FN:19,(anonymous_0)
FN:76,(anonymous_1)
FN:95,(anonymous_2)
FN:180,(anonymous_3)
FN:255,(anonymous_4)
FN:319,(anonymous_5)
FN:348,(anonymous_6)
FN:405,(anonymous_7)
FN:426,(anonymous_8)
FN:449,(anonymous_9)
FN:462,(anonymous_10)
FN:492,(anonymous_11)
FN:514,(anonymous_12)
FN:524,(anonymous_13)
FN:534,(anonymous_14)
FN:539,(anonymous_15)
FN:544,(anonymous_16)
FN:549,(anonymous_17)
FN:554,(anonymous_18)
FN:559,(anonymous_19)
FN:564,(anonymous_20)
FN:569,(anonymous_21)
FN:574,(anonymous_22)
FN:579,(anonymous_23)
FN:584,(anonymous_24)
FN:589,(anonymous_25)
FNF:26
FNH:0
FNDA:0,(anonymous_0)
FNDA:0,(anonymous_1)
FNDA:0,(anonymous_2)
FNDA:0,(anonymous_3)
FNDA:0,(anonymous_4)
FNDA:0,(anonymous_5)
FNDA:0,(anonymous_6)
FNDA:0,(anonymous_7)
FNDA:0,(anonymous_8)
FNDA:0,(anonymous_9)
FNDA:0,(anonymous_10)
FNDA:0,(anonymous_11)
FNDA:0,(anonymous_12)
FNDA:0,(anonymous_13)
FNDA:0,(anonymous_14)
FNDA:0,(anonymous_15)
FNDA:0,(anonymous_16)
FNDA:0,(anonymous_17)
FNDA:0,(anonymous_18)
FNDA:0,(anonymous_19)
FNDA:0,(anonymous_20)
FNDA:0,(anonymous_21)
FNDA:0,(anonymous_22)
FNDA:0,(anonymous_23)
FNDA:0,(anonymous_24)
FNDA:0,(anonymous_25)
DA:20,0
DA:23,0
DA:24,0
DA:27,0
DA:29,0
DA:30,0
DA:31,0
DA:34,0
DA:38,0
DA:39,0
DA:40,0
DA:44,0
DA:45,0
DA:51,0
DA:52,0
DA:55,0
DA:56,0
DA:57,0
DA:61,0
DA:69,0
DA:72,0
DA:73,0
DA:76,0
DA:77,0
DA:81,0
DA:83,0
DA:86,0
DA:87,0
DA:88,0
DA:97,0
DA:98,0
DA:106,0
DA:107,0
DA:110,0
DA:111,0
DA:114,0
DA:115,0
DA:118,0
DA:119,0
DA:122,0
DA:123,0
DA:127,0
DA:128,0
DA:131,0
DA:132,0
DA:135,0
DA:136,0
DA:139,0
DA:140,0
DA:143,0
DA:144,0
DA:148,0
DA:149,0
DA:153,0
DA:154,0
DA:157,0
DA:158,0
DA:161,0
DA:162,0
DA:165,0
DA:166,0
DA:169,0
DA:170,0
DA:174,0
DA:181,0
DA:182,0
DA:183,0
DA:185,0
DA:186,0
DA:189,0
DA:192,0
DA:196,0
DA:197,0
DA:198,0
DA:202,0
DA:205,0
DA:206,0
DA:220,0
DA:221,0
DA:224,0
DA:226,0
DA:235,0
DA:237,0
DA:247,0
DA:248,0
DA:256,0
DA:257,0
DA:258,0
DA:260,0
DA:261,0
DA:264,0
DA:267,0
DA:271,0
DA:272,0
DA:273,0
DA:277,0
DA:278,0
DA:279,0
DA:280,0
DA:284,0
DA:285,0
DA:288,0
DA:290,0
DA:299,0
DA:301,0
DA:311,0
DA:312,0
DA:320,0
DA:321,0
DA:322,0
DA:325,0
DA:329,0
DA:330,0
DA:333,0
DA:342,0
DA:349,0
DA:350,0
DA:351,0
DA:353,0
DA:354,0
DA:357,0
DA:358,0
DA:359,0
DA:362,0
DA:365,0
DA:366,0
DA:367,0
DA:368,0
DA:372,0
DA:376,0
DA:377,0
DA:381,0
DA:382,0
DA:385,0
DA:387,0
DA:394,0
DA:395,0
DA:410,0
DA:411,0
DA:412,0
DA:415,0
DA:416,0
DA:417,0
DA:420,0
DA:427,0
DA:429,0
DA:430,0
DA:431,0
DA:435,0
DA:436,0
DA:439,0
DA:440,0
DA:443,0
DA:450,0
DA:468,0
DA:469,0
DA:480,0
DA:481,0
DA:483,0
DA:485,0
DA:499,0
DA:500,0
DA:515,0
DA:521,0
DA:525,0
DA:530,0
DA:536,0
DA:541,0
DA:546,0
DA:551,0
DA:556,0
DA:561,0
DA:566,0
DA:571,0
DA:576,0
DA:581,0
DA:586,0
DA:591,0
LF:178
LH:0
BRDA:23,0,0,0
BRDA:23,0,1,0
BRDA:30,1,0,0
BRDA:30,1,1,0
BRDA:39,2,0,0
BRDA:39,2,1,0
BRDA:40,3,0,0
BRDA:40,3,1,0
BRDA:44,4,0,0
BRDA:44,4,1,0
BRDA:47,5,0,0
BRDA:47,5,1,0
BRDA:56,6,0,0
BRDA:56,6,1,0
BRDA:62,7,0,0
BRDA:62,7,1,0
BRDA:72,8,0,0
BRDA:72,8,1,0
BRDA:97,9,0,0
BRDA:97,9,1,0
BRDA:106,10,0,0
BRDA:106,10,1,0
BRDA:106,11,0,0
BRDA:106,11,1,0
BRDA:110,12,0,0
BRDA:110,12,1,0
BRDA:110,13,0,0
BRDA:110,13,1,0
BRDA:114,14,0,0
BRDA:114,14,1,0
BRDA:114,15,0,0
BRDA:114,15,1,0
BRDA:118,16,0,0
BRDA:118,16,1,0
BRDA:118,17,0,0
BRDA:118,17,1,0
BRDA:122,18,0,0
BRDA:122,18,1,0
BRDA:122,19,0,0
BRDA:122,19,1,0
BRDA:127,20,0,0
BRDA:127,20,1,0
BRDA:127,21,0,0
BRDA:127,21,1,0
BRDA:131,22,0,0
BRDA:131,22,1,0
BRDA:131,23,0,0
BRDA:131,23,1,0
BRDA:135,24,0,0
BRDA:135,24,1,0
BRDA:135,25,0,0
BRDA:135,25,1,0
BRDA:139,26,0,0
BRDA:139,26,1,0
BRDA:139,27,0,0
BRDA:139,27,1,0
BRDA:143,28,0,0
BRDA:143,28,1,0
BRDA:143,29,0,0
BRDA:143,29,1,0
BRDA:148,30,0,0
BRDA:148,30,1,0
BRDA:148,31,0,0
BRDA:148,31,1,0
BRDA:153,32,0,0
BRDA:153,32,1,0
BRDA:153,33,0,0
BRDA:153,33,1,0
BRDA:157,34,0,0
BRDA:157,34,1,0
BRDA:157,35,0,0
BRDA:157,35,1,0
BRDA:161,36,0,0
BRDA:161,36,1,0
BRDA:161,37,0,0
BRDA:161,37,1,0
BRDA:165,38,0,0
BRDA:165,38,1,0
BRDA:165,39,0,0
BRDA:165,39,1,0
BRDA:169,40,0,0
BRDA:169,40,1,0
BRDA:169,41,0,0
BRDA:169,41,1,0
BRDA:185,42,0,0
BRDA:185,42,1,0
BRDA:196,43,0,0
BRDA:196,43,1,0
BRDA:214,44,0,0
BRDA:214,44,1,0
BRDA:216,45,0,0
BRDA:216,45,1,0
BRDA:220,46,0,0
BRDA:220,46,1,0
BRDA:230,47,0,0
BRDA:230,47,1,0
BRDA:232,48,0,0
BRDA:232,48,1,0
BRDA:260,49,0,0
BRDA:260,49,1,0
BRDA:271,50,0,0
BRDA:271,50,1,0
BRDA:278,51,0,0
BRDA:278,51,1,0
BRDA:321,52,0,0
BRDA:321,52,1,0
BRDA:329,53,0,0
BRDA:329,53,1,0
BRDA:353,54,0,0
BRDA:353,54,1,0
BRDA:358,55,0,0
BRDA:358,55,1,0
BRDA:366,56,0,0
BRDA:366,56,1,0
BRDA:376,57,0,0
BRDA:376,57,1,0
BRDA:411,58,0,0
BRDA:411,58,1,0
BRDA:416,59,0,0
BRDA:416,59,1,0
BRDA:417,60,0,0
BRDA:417,60,1,0
BRDA:429,61,0,0
BRDA:429,61,1,0
BRDA:430,62,0,0
BRDA:430,62,1,0
BRDA:430,63,0,0
BRDA:430,63,1,0
BRDA:435,64,0,0
BRDA:435,64,1,0
BRDA:439,65,0,0
BRDA:439,65,1,0
BRDA:451,66,0,0
BRDA:451,66,1,0
BRDA:451,66,2,0
BRDA:451,66,3,0
BRDA:451,66,4,0
BRDA:466,67,0,0
BRDA:472,68,0,0
BRDA:472,68,1,0
BRDA:472,68,2,0
BRDA:473,69,0,0
BRDA:473,69,1,0
BRDA:499,70,0,0
BRDA:499,70,1,0
BRDA:499,71,0,0
BRDA:499,71,1,0
BRDA:506,72,0,0
BRDA:506,72,1,0
BRDA:514,73,0,0
BRDA:518,74,0,0
BRDA:518,74,1,0
BRF:152
BRH:0
end_of_record
TN:
SF:src\worker\secure-password.ts
FN:11,(anonymous_0)
FN:25,(anonymous_1)
FN:45,(anonymous_2)
FN:96,(anonymous_3)
FN:105,(anonymous_4)
FN:137,(anonymous_5)
FN:148,(anonymous_6)
FN:172,(anonymous_7)
FN:188,(anonymous_8)
FN:200,(anonymous_9)
FNF:10
FNH:7
FNDA:32,(anonymous_0)
FNDA:9,(anonymous_1)
FNDA:10,(anonymous_2)
FNDA:32,(anonymous_3)
FNDA:34,(anonymous_4)
FNDA:0,(anonymous_5)
FNDA:9,(anonymous_6)
FNDA:0,(anonymous_7)
FNDA:0,(anonymous_8)
FNDA:7,(anonymous_9)
DA:5,1
DA:6,1
DA:13,32
DA:16,32
DA:19,0
DA:26,9
DA:27,9
DA:28,9
DA:29,7
DA:32,2
DA:35,0
DA:37,2
DA:38,2
DA:46,10
DA:48,10
DA:49,4
DA:52,9
DA:53,0
DA:56,9
DA:57,5
DA:60,9
DA:61,7
DA:64,9
DA:65,4
DA:68,9
DA:69,7
DA:73,9
DA:74,0
DA:78,9
DA:83,9
DA:84,2
DA:87,9
DA:97,32
DA:98,32
DA:99,32
DA:106,34
DA:110,34
DA:112,34
DA:120,34
DA:131,0
DA:138,0
DA:139,0
DA:142,0
DA:149,9
DA:150,9
DA:151,9
DA:152,5
DA:155,4
DA:156,4
DA:157,3
DA:159,2
DA:165,2
DA:173,0
DA:174,0
DA:177,0
DA:178,0
DA:179,0
DA:182,0
DA:189,0
DA:190,0
DA:191,0
DA:192,0
DA:194,0
DA:201,7
DA:202,5
DA:203,5
DA:204,12
DA:206,5
LF:68
LH:49
BRDA:28,0,0,7
BRDA:28,0,1,2
BRDA:48,1,0,4
BRDA:48,1,1,5
BRDA:52,2,0,0
BRDA:52,2,1,9
BRDA:56,3,0,5
BRDA:56,3,1,4
BRDA:60,4,0,7
BRDA:60,4,1,2
BRDA:64,5,0,4
BRDA:64,5,1,5
BRDA:68,6,0,7
BRDA:68,6,1,2
BRDA:73,7,0,0
BRDA:73,7,1,9
BRDA:83,8,0,2
BRDA:83,8,1,7
BRDA:151,9,0,5
BRDA:151,9,1,4
BRDA:151,10,0,9
BRDA:151,10,1,5
BRDA:151,10,2,5
BRDA:173,11,0,0
BRDA:173,11,1,0
BRF:25
BRH:21
end_of_record
TN:
SF:src\worker\security-middleware.ts
FN:29,(anonymous_0)
FN:68,(anonymous_1)
FN:120,(anonymous_2)
FN:143,(anonymous_3)
FN:191,(anonymous_4)
FN:197,(anonymous_5)
FN:220,(anonymous_6)
FN:230,(anonymous_7)
FN:252,(anonymous_8)
FN:265,(anonymous_9)
FN:270,(anonymous_10)
FN:275,(anonymous_11)
FN:281,(anonymous_12)
FN:282,(anonymous_13)
FN:285,(anonymous_14)
FN:307,(anonymous_15)
FN:313,(anonymous_16)
FN:316,(anonymous_17)
FN:325,(anonymous_18)
FNF:19
FNH:0
FNDA:0,(anonymous_0)
FNDA:0,(anonymous_1)
FNDA:0,(anonymous_2)
FNDA:0,(anonymous_3)
FNDA:0,(anonymous_4)
FNDA:0,(anonymous_5)
FNDA:0,(anonymous_6)
FNDA:0,(anonymous_7)
FNDA:0,(anonymous_8)
FNDA:0,(anonymous_9)
FNDA:0,(anonymous_10)
FNDA:0,(anonymous_11)
FNDA:0,(anonymous_12)
FNDA:0,(anonymous_13)
FNDA:0,(anonymous_14)
FNDA:0,(anonymous_15)
FNDA:0,(anonymous_16)
FNDA:0,(anonymous_17)
FNDA:0,(anonymous_18)
DA:13,0
DA:19,0
DA:30,0
DA:31,0
DA:33,0
DA:62,0
DA:73,0
DA:74,0
DA:77,0
DA:78,0
DA:81,0
DA:82,0
DA:92,0
DA:93,0
DA:94,0
DA:96,0
DA:97,0
DA:103,0
DA:104,0
DA:111,0
DA:121,0
DA:122,0
DA:125,0
DA:126,0
DA:134,0
DA:135,0
DA:137,0
DA:148,0
DA:149,0
DA:150,0
DA:151,0
DA:154,0
DA:155,0
DA:158,0
DA:159,0
DA:163,0
DA:164,0
DA:165,0
DA:166,0
DA:170,0
DA:171,0
DA:179,0
DA:180,0
DA:182,0
DA:184,0
DA:192,0
DA:193,0
DA:196,0
DA:197,0
DA:200,0
DA:201,0
DA:203,0
DA:204,0
DA:207,0
DA:208,0
DA:210,0
DA:214,0
DA:221,0
DA:222,0
DA:225,0
DA:230,0
DA:231,0
DA:235,0
DA:236,0
DA:240,0
DA:241,0
DA:242,0
DA:246,0
DA:253,0
DA:254,0
DA:258,0
DA:266,0
DA:267,0
DA:271,0
DA:272,0
DA:276,0
DA:281,0
DA:282,0
DA:286,0
DA:299,0
DA:301,0
DA:304,0
DA:308,0
DA:313,0
DA:317,0
DA:318,0
DA:319,0
DA:320,0
DA:322,0
DA:326,0
DA:327,0
DA:328,0
DA:329,0
DA:331,0
LF:94
LH:0
BRDA:35,0,0,0
BRDA:35,0,1,0
BRDA:52,1,0,0
BRDA:52,1,1,0
BRDA:77,2,0,0
BRDA:77,2,1,0
BRDA:81,3,0,0
BRDA:81,3,1,0
BRDA:92,4,0,0
BRDA:92,4,1,0
BRDA:96,5,0,0
BRDA:96,5,1,0
BRDA:96,6,0,0
BRDA:96,6,1,0
BRDA:103,7,0,0
BRDA:103,7,1,0
BRDA:103,8,0,0
BRDA:103,8,1,0
BRDA:150,9,0,0
BRDA:150,9,1,0
BRDA:150,10,0,0
BRDA:150,10,1,0
BRDA:158,11,0,0
BRDA:158,11,1,0
BRDA:165,12,0,0
BRDA:165,12,1,0
BRDA:192,13,0,0
BRDA:192,13,1,0
BRDA:192,14,0,0
BRDA:192,14,1,0
BRDA:196,15,0,0
BRDA:196,15,1,0
BRDA:203,16,0,0
BRDA:203,16,1,0
BRDA:207,17,0,0
BRDA:207,17,1,0
BRDA:221,18,0,0
BRDA:221,18,1,0
BRDA:222,19,0,0
BRDA:222,19,1,0
BRDA:230,20,0,0
BRDA:230,20,1,0
BRDA:235,21,0,0
BRDA:235,21,1,0
BRDA:235,22,0,0
BRDA:235,22,1,0
BRDA:241,23,0,0
BRDA:241,23,1,0
BRDA:253,24,0,0
BRDA:253,24,1,0
BRDA:254,25,0,0
BRDA:254,25,1,0
BRDA:266,26,0,0
BRDA:266,26,1,0
BRDA:299,27,0,0
BRDA:299,27,1,0
BRF:56
BRH:0
end_of_record
TN:
SF:src\worker\simple-index.ts
FN:21,(anonymous_0)
FN:660,hashPassword
FN:665,(anonymous_2)
FN:668,verifyPassword
FN:674,generateTitleFromPrompt
FN:698,generateContentFromPrompt
FNF:6
FNH:0
FNDA:0,(anonymous_0)
FNDA:0,hashPassword
FNDA:0,(anonymous_2)
FNDA:0,verifyPassword
FNDA:0,generateTitleFromPrompt
FNDA:0,generateContentFromPrompt
DA:7,0
DA:23,0
DA:24,0
DA:27,0
DA:28,0
DA:30,0
DA:32,0
DA:33,0
DA:40,0
DA:41,0
DA:44,0
DA:45,0
DA:52,0
DA:56,0
DA:57,0
DA:64,0
DA:65,0
DA:67,0
DA:80,0
DA:89,0
DA:96,0
DA:97,0
DA:99,0
DA:100,0
DA:107,0
DA:111,0
DA:112,0
DA:119,0
DA:127,0
DA:136,0
DA:151,0
DA:152,0
DA:153,0
DA:154,0
DA:160,0
DA:161,0
DA:162,0
DA:164,0
DA:165,0
DA:171,0
DA:175,0
DA:176,0
DA:182,0
DA:191,0
DA:196,0
DA:204,0
DA:205,0
DA:206,0
DA:207,0
DA:213,0
DA:214,0
DA:215,0
DA:217,0
DA:231,0
DA:238,0
DA:239,0
DA:240,0
DA:241,0
DA:247,0
DA:248,0
DA:249,0
DA:251,0
DA:252,0
DA:258,0
DA:260,0
DA:273,0
DA:284,0
DA:291,0
DA:292,0
DA:293,0
DA:294,0
DA:300,0
DA:301,0
DA:303,0
DA:307,0
DA:314,0
DA:315,0
DA:316,0
DA:318,0
DA:319,0
DA:325,0
DA:326,0
DA:328,0
DA:332,0
DA:333,0
DA:339,0
DA:346,0
DA:347,0
DA:348,0
DA:350,0
DA:351,0
DA:357,0
DA:358,0
DA:359,0
DA:362,0
DA:366,0
DA:367,0
DA:374,0
DA:386,0
DA:390,0
DA:397,0
DA:398,0
DA:399,0
DA:401,0
DA:402,0
DA:408,0
DA:409,0
DA:412,0
DA:416,0
DA:417,0
DA:423,0
DA:430,0
DA:431,0
DA:432,0
DA:433,0
DA:439,0
DA:440,0
DA:441,0
DA:444,0
DA:454,0
DA:455,0
DA:465,0
DA:472,0
DA:473,0
DA:474,0
DA:475,0
DA:481,0
DA:482,0
DA:484,0
DA:488,0
DA:490,0
DA:507,0
DA:514,0
DA:515,0
DA:516,0
DA:517,0
DA:523,0
DA:524,0
DA:526,0
DA:532,0
DA:539,0
DA:541,0
DA:543,0
DA:545,0
DA:551,0
DA:558,0
DA:559,0
DA:604,0
DA:611,0
DA:612,0
DA:613,0
DA:614,0
DA:620,0
DA:621,0
DA:622,0
DA:629,0
DA:637,0
DA:644,0
DA:650,0
DA:651,0
DA:661,0
DA:662,0
DA:663,0
DA:664,0
DA:665,0
DA:669,0
DA:670,0
DA:675,0
DA:687,0
DA:688,0
DA:689,0
DA:690,0
DA:691,0
DA:692,0
DA:694,0
DA:699,0
DA:732,0
DA:733,0
DA:737,0
LF:179
LH:0
BRDA:23,0,0,0
BRDA:23,0,1,0
BRDA:32,1,0,0
BRDA:32,1,1,0
BRDA:40,2,0,0
BRDA:40,2,1,0
BRDA:40,3,0,0
BRDA:40,3,1,0
BRDA:44,4,0,0
BRDA:44,4,1,0
BRDA:44,5,0,0
BRDA:44,5,1,0
BRDA:44,5,2,0
BRDA:56,6,0,0
BRDA:56,6,1,0
BRDA:75,7,0,0
BRDA:75,7,1,0
BRDA:77,8,0,0
BRDA:77,8,1,0
BRDA:84,9,0,0
BRDA:84,9,1,0
BRDA:86,10,0,0
BRDA:86,10,1,0
BRDA:96,11,0,0
BRDA:96,11,1,0
BRDA:96,12,0,0
BRDA:96,12,1,0
BRDA:99,13,0,0
BRDA:99,13,1,0
BRDA:99,14,0,0
BRDA:99,14,1,0
BRDA:111,15,0,0
BRDA:111,15,1,0
BRDA:111,16,0,0
BRDA:111,16,1,0
BRDA:151,17,0,0
BRDA:151,17,1,0
BRDA:151,18,0,0
BRDA:151,18,1,0
BRDA:153,19,0,0
BRDA:153,19,1,0
BRDA:153,20,0,0
BRDA:153,20,1,0
BRDA:164,21,0,0
BRDA:164,21,1,0
BRDA:175,22,0,0
BRDA:175,22,1,0
BRDA:204,23,0,0
BRDA:204,23,1,0
BRDA:204,24,0,0
BRDA:204,24,1,0
BRDA:206,25,0,0
BRDA:206,25,1,0
BRDA:206,26,0,0
BRDA:206,26,1,0
BRDA:238,27,0,0
BRDA:238,27,1,0
BRDA:238,28,0,0
BRDA:238,28,1,0
BRDA:240,29,0,0
BRDA:240,29,1,0
BRDA:240,30,0,0
BRDA:240,30,1,0
BRDA:251,31,0,0
BRDA:251,31,1,0
BRDA:251,32,0,0
BRDA:251,32,1,0
BRDA:268,33,0,0
BRDA:268,33,1,0
BRDA:269,34,0,0
BRDA:269,34,1,0
BRDA:270,35,0,0
BRDA:270,35,1,0
BRDA:278,36,0,0
BRDA:278,36,1,0
BRDA:279,37,0,0
BRDA:279,37,1,0
BRDA:280,38,0,0
BRDA:280,38,1,0
BRDA:291,39,0,0
BRDA:291,39,1,0
BRDA:291,40,0,0
BRDA:291,40,1,0
BRDA:293,41,0,0
BRDA:293,41,1,0
BRDA:293,42,0,0
BRDA:293,42,1,0
BRDA:314,43,0,0
BRDA:314,43,1,0
BRDA:314,44,0,0
BRDA:314,44,1,0
BRDA:318,45,0,0
BRDA:318,45,1,0
BRDA:318,46,0,0
BRDA:318,46,1,0
BRDA:332,47,0,0
BRDA:332,47,1,0
BRDA:346,48,0,0
BRDA:346,48,1,0
BRDA:346,49,0,0
BRDA:346,49,1,0
BRDA:350,50,0,0
BRDA:350,50,1,0
BRDA:350,51,0,0
BRDA:350,51,1,0
BRDA:366,52,0,0
BRDA:366,52,1,0
BRDA:381,53,0,0
BRDA:381,53,1,0
BRDA:397,54,0,0
BRDA:397,54,1,0
BRDA:397,55,0,0
BRDA:397,55,1,0
BRDA:401,56,0,0
BRDA:401,56,1,0
BRDA:401,57,0,0
BRDA:401,57,1,0
BRDA:416,58,0,0
BRDA:416,58,1,0
BRDA:430,59,0,0
BRDA:430,59,1,0
BRDA:430,60,0,0
BRDA:430,60,1,0
BRDA:432,61,0,0
BRDA:432,61,1,0
BRDA:432,62,0,0
BRDA:432,62,1,0
BRDA:449,63,0,0
BRDA:449,63,1,0
BRDA:462,64,0,0
BRDA:462,64,1,0
BRDA:472,65,0,0
BRDA:472,65,1,0
BRDA:472,66,0,0
BRDA:472,66,1,0
BRDA:474,67,0,0
BRDA:474,67,1,0
BRDA:474,68,0,0
BRDA:474,68,1,0
BRDA:488,69,0,0
BRDA:488,69,1,0
BRDA:514,70,0,0
BRDA:514,70,1,0
BRDA:514,71,0,0
BRDA:514,71,1,0
BRDA:516,72,0,0
BRDA:516,72,1,0
BRDA:516,73,0,0
BRDA:516,73,1,0
BRDA:539,74,0,0
BRDA:539,74,1,0
BRDA:539,75,0,0
BRDA:539,75,1,0
BRDA:543,76,0,0
BRDA:543,76,1,0
BRDA:558,77,0,0
BRDA:558,77,1,0
BRDA:558,78,0,0
BRDA:558,78,1,0
BRDA:611,79,0,0
BRDA:611,79,1,0
BRDA:611,80,0,0
BRDA:611,80,1,0
BRDA:613,81,0,0
BRDA:613,81,1,0
BRDA:613,82,0,0
BRDA:613,82,1,0
BRDA:621,83,0,0
BRDA:621,83,1,0
BRDA:632,84,0,0
BRDA:632,84,1,0
BRDA:687,85,0,0
BRDA:687,85,1,0
BRDA:687,86,0,0
BRDA:687,86,1,0
BRDA:689,87,0,0
BRDA:689,87,1,0
BRDA:691,88,0,0
BRDA:691,88,1,0
BRDA:732,89,0,0
BRDA:732,89,1,0
BRF:181
BRH:0
end_of_record
TN:
SF:src\worker\handlers\auth.ts
FN:10,(anonymous_0)
FN:12,(anonymous_1)
FN:139,(anonymous_2)
FN:233,(anonymous_3)
FN:290,(anonymous_4)
FNF:5
FNH:0
FNDA:0,(anonymous_0)
FNDA:0,(anonymous_1)
FNDA:0,(anonymous_2)
FNDA:0,(anonymous_3)
FNDA:0,(anonymous_4)
DA:13,0
DA:15,0
DA:16,0
DA:17,0
DA:20,0
DA:21,0
DA:28,0
DA:29,0
DA:36,0
DA:37,0
DA:38,0
DA:45,0
DA:46,0
DA:47,0
DA:54,0
DA:55,0
DA:62,0
DA:63,0
DA:64,0
DA:71,0
DA:74,0
DA:84,0
DA:85,0
DA:92,0
DA:100,0
DA:107,0
DA:109,0
DA:110,0
DA:128,0
DA:132,0
DA:140,0
DA:142,0
DA:143,0
DA:144,0
DA:147,0
DA:148,0
DA:155,0
DA:156,0
DA:157,0
DA:161,0
DA:168,0
DA:169,0
DA:170,0
DA:175,0
DA:182,0
DA:190,0
DA:197,0
DA:199,0
DA:204,0
DA:205,0
DA:222,0
DA:226,0
DA:234,0
DA:236,0
DA:238,0
DA:239,0
DA:241,0
DA:242,0
DA:248,0
DA:250,0
DA:251,0
DA:258,0
DA:259,0
DA:260,0
DA:266,0
DA:279,0
DA:283,0
DA:291,0
DA:293,0
DA:294,0
DA:295,0
DA:297,0
DA:298,0
DA:305,0
DA:307,0
DA:317,0
DA:321,0
LF:77
LH:0
BRDA:20,0,0,0
BRDA:20,0,1,0
BRDA:20,1,0,0
BRDA:20,1,1,0
BRDA:20,1,2,0
BRDA:20,1,3,0
BRDA:28,2,0,0
BRDA:28,2,1,0
BRDA:37,3,0,0
BRDA:37,3,1,0
BRDA:46,4,0,0
BRDA:46,4,1,0
BRDA:54,5,0,0
BRDA:54,5,1,0
BRDA:63,6,0,0
BRDA:63,6,1,0
BRDA:147,7,0,0
BRDA:147,7,1,0
BRDA:147,8,0,0
BRDA:147,8,1,0
BRDA:156,9,0,0
BRDA:156,9,1,0
BRDA:169,10,0,0
BRDA:169,10,1,0
BRDA:241,11,0,0
BRDA:241,11,1,0
BRDA:250,12,0,0
BRDA:250,12,1,0
BRDA:250,13,0,0
BRDA:250,13,1,0
BRDA:259,14,0,0
BRDA:259,14,1,0
BRDA:273,15,0,0
BRDA:273,15,1,0
BRDA:297,16,0,0
BRDA:297,16,1,0
BRF:36
BRH:0
end_of_record
TN:
SF:src\worker\handlers\health.ts
FN:8,(anonymous_0)
FN:10,(anonymous_1)
FNF:2
FNH:0
FNDA:0,(anonymous_0)
FNDA:0,(anonymous_1)
DA:11,0
DA:13,0
DA:15,0
DA:18,0
DA:29,0
DA:31,0
DA:36,0
DA:40,0
LF:8
LH:0
BRDA:19,0,0,0
BRDA:19,0,1,0
BRDA:19,1,0,0
BRDA:19,1,1,0
BRDA:19,1,2,0
BRDA:22,2,0,0
BRDA:22,2,1,0
BRDA:23,3,0,0
BRDA:23,3,1,0
BRDA:24,4,0,0
BRDA:24,4,1,0
BRDA:29,5,0,0
BRDA:29,5,1,0
BRF:13
BRH:0
end_of_record
TN:
SF:src\worker\handlers\onboarding.ts
FN:9,(anonymous_0)
FN:11,(anonymous_1)
FNF:2
FNH:0
FNDA:0,(anonymous_0)
FNDA:0,(anonymous_1)
DA:12,0
DA:14,0
DA:16,0
DA:17,0
DA:19,0
DA:20,0
DA:26,0
DA:28,0
DA:29,0
DA:36,0
DA:38,0
DA:41,0
DA:42,0
DA:53,0
DA:57,0
LF:15
LH:0
BRDA:19,0,0,0
BRDA:19,0,1,0
BRDA:28,1,0,0
BRDA:28,1,1,0
BRDA:28,2,0,0
BRDA:28,2,1,0
BRF:6
BRH:0
end_of_record
